#
# There is insufficient memory for the Java Runtime Environment to continue.
# Native memory allocation (mmap) failed to map 312475648 bytes for Failed to commit area from 0x0000000091e00000 to 0x00000000a4800000 of length 312475648.
# Possible reasons:
#   The system is out of physical RAM or swap space
#   The process is running with CompressedOops enabled, and the Java Heap may be blocking the growth of the native heap
# Possible solutions:
#   Reduce memory load on the system
#   Increase physical memory or swap space
#   Check if swap backing store is full
#   Decrease Java heap size (-Xmx/-Xms)
#   Decrease number of Java threads
#   Decrease Java thread stack sizes (-Xss)
#   Set larger code cache with -XX:ReservedCodeCacheSize=
#   JVM is running with Unscaled Compressed Oops mode in which the Java heap is
#     placed in the first 4GB address space. The Java Heap base address is the
#     maximum limit for the native heap growth. Please use -XX:HeapBaseMinAddress
#     to set the Java Heap base and to place the Java Heap above 4GB virtual address.
# This output file may be truncated or incomplete.
#
#  Out of Memory Error (src/hotspot/os/windows/os_windows.cpp:3627), pid=31388, tid=12860
#
# JRE version: OpenJDK Runtime Environment (11.0.15) (build 11.0.15+0-b2043.56-9505619)
# Java VM: OpenJDK 64-Bit Server VM (11.0.15+0-b2043.56-9505619, mixed mode, tiered, compressed oops, g1 gc, windows-amd64)
# No core dump will be written. Minidumps are not enabled by default on client versions of Windows
#

---------------  S U M M A R Y ------------

Command Line: --add-opens=java.base/java.util=ALL-UNNAMED --add-opens=java.base/java.lang=ALL-UNNAMED --add-opens=java.base/java.lang.invoke=ALL-UNNAMED --add-opens=java.base/java.util=ALL-UNNAMED --add-opens=java.prefs/java.util.prefs=ALL-UNNAMED --add-opens=java.prefs/java.util.prefs=ALL-UNNAMED --add-opens=java.base/java.nio.charset=ALL-UNNAMED --add-opens=java.base/java.net=ALL-UNNAMED --add-opens=java.base/java.util.concurrent.atomic=ALL-UNNAMED -Xmx2048m -Dfile.encoding=UTF-8 -Duser.country=US -Duser.language=en -Duser.variant org.gradle.launcher.daemon.bootstrap.GradleDaemon 7.5

Host: AMD Ryzen 5 3500U with Radeon Vega Mobile Gfx  , 8 cores, 9G,  Windows 11 , 64 bit Build 22621 (10.0.22621.1635)
Time: Sun May  7 09:19:29 2023 W. Central Africa Standard Time elapsed time: 31.676768 seconds (0d 0h 0m 31s)

---------------  T H R E A D  ---------------

Current thread (0x0000028ffb7ce000):  VMThread "VM Thread" [stack: 0x000000c8c1400000,0x000000c8c1500000] [id=12860]

Stack: [0x000000c8c1400000,0x000000c8c1500000]
[error occurred during error reporting (printing stack bounds), id 0xc0000005, EXCEPTION_ACCESS_VIOLATION (0xc0000005) at pc=0x0000028fe4e1112d]

Native frames: (J=compiled Java code, j=interpreted, Vv=VM code, C=native code)
V  [jvm.dll+0x64135a]
V  [jvm.dll+0x7d39f9]
V  [jvm.dll+0x7d51b9]
V  [jvm.dll+0x7d5805]
V  [jvm.dll+0x7d57bb]
V  [jvm.dll+0x640655]
V  [jvm.dll+0x640d68]
C  [ntdll.dll+0xa3cff]
C  [ntdll.dll+0x1e456]
C  [ntdll.dll+0xa2cee]
C  0x0000028fe4e1112d

VM_Operation (0x000000c8ca3f98d0): G1CollectForAllocation, mode: safepoint, requested by thread 0x0000028f85372000


---------------  P R O C E S S  ---------------

Threads class SMR info:
_java_thread_list=0x0000028ffecf10f0, length=144, elements={
0x0000028fe12f1000, 0x0000028ffb7d5800, 0x0000028ffbff2800, 0x0000028ffb7d8800,
0x0000028ffc041800, 0x0000028ffc045800, 0x0000028ffc047000, 0x0000028ffc04a000,
0x0000028ffc04e800, 0x0000028ffc1ad000, 0x0000028ffdfe2000, 0x0000028ffe387800,
0x0000028ffe551800, 0x0000028ffeb74800, 0x0000028ffc356000, 0x0000028ffc297800,
0x0000028ffe9f4800, 0x0000028ffd3da800, 0x0000028ffda16000, 0x0000028ffdc89000,
0x0000028ffe262000, 0x0000028ffe266000, 0x0000028ffe261000, 0x0000028ffe263800,
0x0000028ffe265000, 0x0000028ffe264800, 0x0000028ffe260800, 0x0000028ffe267000,
0x0000028ffe262800, 0x0000028f800de000, 0x0000028f800e3000, 0x0000028f800e0800,
0x0000028f800de800, 0x0000028f800df800, 0x0000028f800e5000, 0x0000028f800e7000,
0x0000028f800e4800, 0x0000028f800e1000, 0x0000028f800e2000, 0x0000028f800e6000,
0x0000028f800e8800, 0x0000028f800e9800, 0x0000028f800eb000, 0x0000028f800ec000,
0x0000028f800e7800, 0x0000028f800ea000, 0x0000028f800ec800, 0x0000028f80cc2000,
0x0000028f80cbe800, 0x0000028f80cbf800, 0x0000028f80cbd000, 0x0000028f80cc3000,
0x0000028f80cc0800, 0x0000028f80cc3800, 0x0000028f80cc1000, 0x0000028f80cbe000,
0x0000028f80cc7800, 0x0000028f80cc8800, 0x0000028f80cc4800, 0x0000028f80cc5800,
0x0000028f80cc9800, 0x0000028f80cc7000, 0x0000028f80cca000, 0x0000028f80ccb000,
0x0000028f80ccc000, 0x0000028f80cc6000, 0x0000028ffd2b8800, 0x0000028ffd2ba000,
0x0000028ffd2b7000, 0x0000028ffd2b6000, 0x0000028ffd2bb000, 0x0000028ffd2b7800,
0x0000028ffd2bf000, 0x0000028ffd2b9800, 0x0000028ffd2bc800, 0x0000028ffd2c0000,
0x0000028ffd2c0800, 0x0000028ffd2bd800, 0x0000028ffd2be800, 0x0000028ffd2c1800,
0x0000028ffd2bc000, 0x0000028ffd2c2800, 0x0000028ffd2c3000, 0x0000028ffd2c4000,
0x0000028ffd2c5000, 0x0000028f81c30800, 0x0000028f81c31800, 0x0000028f81c32000,
0x0000028f81c33000, 0x0000028f81c34000, 0x0000028f81c2e000, 0x0000028f81c34800,
0x0000028f81c2f000, 0x0000028f81c35800, 0x0000028f81c30000, 0x0000028f81c3c000,
0x0000028f81c37000, 0x0000028f81c38000, 0x0000028f81c39000, 0x0000028f81c39800,
0x0000028f81c3a800, 0x0000028f81c36800, 0x0000028f81c3d000, 0x0000028f81c3b000,
0x0000028f81eba800, 0x0000028f81eb9800, 0x0000028f81ebc000, 0x0000028f81ebb000,
0x0000028f81ebd000, 0x0000028f81eb7000, 0x0000028f81ebd800, 0x0000028f81eb8000,
0x0000028f81ebe800, 0x0000028f81eb8800, 0x0000028f81ec4000, 0x0000028f81ebf000,
0x0000028f81ec5000, 0x0000028f81ec1000, 0x0000028f81ec3800, 0x0000028f81ec5800,
0x0000028f81ec0000, 0x0000028f81ec1800, 0x0000028f81ec2800, 0x0000028f80883000,
0x0000028f8536b800, 0x0000028f85365800, 0x0000028f85368000, 0x0000028f85366800,
0x0000028f8536d000, 0x0000028f8536c000, 0x0000028f8536a000, 0x0000028f85369000,
0x0000028f85367800, 0x0000028f85371000, 0x0000028f85372000, 0x0000028f8536e800,
0x0000028f8536f800, 0x0000028f85372800, 0x0000028f85370800, 0x0000028f85373800,
0x0000028f8536e000, 0x0000028f85374800, 0x0000028f85a58800, 0x0000028f85a58000
}

Java Threads: ( => current thread )
  0x0000028fe12f1000 JavaThread "main" [_thread_blocked, id=26516, stack(0x000000c8c0e00000,0x000000c8c0f00000)]
  0x0000028ffb7d5800 JavaThread "Reference Handler" daemon [_thread_blocked, id=29420, stack(0x000000c8c1500000,0x000000c8c1600000)]
  0x0000028ffbff2800 JavaThread "Finalizer" daemon [_thread_blocked, id=26912, stack(0x000000c8c1600000,0x000000c8c1700000)]
  0x0000028ffb7d8800 JavaThread "Signal Dispatcher" daemon [_thread_blocked, id=16844, stack(0x000000c8c1700000,0x000000c8c1800000)]
  0x0000028ffc041800 JavaThread "Attach Listener" daemon [_thread_blocked, id=14844, stack(0x000000c8c1800000,0x000000c8c1900000)]
  0x0000028ffc045800 JavaThread "Service Thread" daemon [_thread_blocked, id=6508, stack(0x000000c8c1900000,0x000000c8c1a00000)]
  0x0000028ffc047000 JavaThread "C2 CompilerThread0" daemon [_thread_blocked, id=11392, stack(0x000000c8c1a00000,0x000000c8c1b00000)]
  0x0000028ffc04a000 JavaThread "C1 CompilerThread0" daemon [_thread_blocked, id=9368, stack(0x000000c8c1b00000,0x000000c8c1c00000)]
  0x0000028ffc04e800 JavaThread "Sweeper thread" daemon [_thread_blocked, id=31256, stack(0x000000c8c1c00000,0x000000c8c1d00000)]
  0x0000028ffc1ad000 JavaThread "Common-Cleaner" daemon [_thread_blocked, id=10020, stack(0x000000c8c1d00000,0x000000c8c1e00000)]
  0x0000028ffdfe2000 JavaThread "Daemon health stats" [_thread_blocked, id=19316, stack(0x000000c8c2300000,0x000000c8c2400000)]
  0x0000028ffe387800 JavaThread "Incoming local TCP Connector on port 49650" [_thread_in_native, id=23488, stack(0x000000c8c1f00000,0x000000c8c2000000)]
  0x0000028ffe551800 JavaThread "Daemon periodic checks" [_thread_blocked, id=26836, stack(0x000000c8c2000000,0x000000c8c2100000)]
  0x0000028ffeb74800 JavaThread "Daemon" [_thread_blocked, id=17232, stack(0x000000c8c2400000,0x000000c8c2500000)]
  0x0000028ffc356000 JavaThread "Handler for socket connection from /127.0.0.1:49650 to /127.0.0.1:49651" [_thread_in_native, id=21392, stack(0x000000c8c2500000,0x000000c8c2600000)]
  0x0000028ffc297800 JavaThread "Cancel handler" [_thread_blocked, id=26644, stack(0x000000c8c2600000,0x000000c8c2700000)]
  0x0000028ffe9f4800 JavaThread "Daemon worker" [_thread_blocked, id=26612, stack(0x000000c8c2700000,0x000000c8c2800000)]
  0x0000028ffd3da800 JavaThread "Asynchronous log dispatcher for DefaultDaemonConnection: socket connection from /127.0.0.1:49650 to /127.0.0.1:49651" [_thread_blocked, id=23304, stack(0x000000c8c2800000,0x000000c8c2900000)]
  0x0000028ffda16000 JavaThread "Stdin handler" [_thread_blocked, id=21736, stack(0x000000c8c2900000,0x000000c8c2a00000)]
  0x0000028ffdc89000 JavaThread "Daemon client event forwarder" [_thread_blocked, id=29260, stack(0x000000c8c2a00000,0x000000c8c2b00000)]
  0x0000028ffe262000 JavaThread "Cache worker for journal cache (C:\Users\lyesr\.gradle\caches\journal-1)" [_thread_blocked, id=9228, stack(0x000000c8c2b00000,0x000000c8c2c00000)]
  0x0000028ffe266000 JavaThread "File lock request listener" [_thread_in_native, id=10392, stack(0x000000c8c2c00000,0x000000c8c2d00000)]
  0x0000028ffe261000 JavaThread "Cache worker for file hash cache (C:\Users\lyesr\.gradle\caches\7.5\fileHashes)" [_thread_blocked, id=27912, stack(0x000000c8c3200000,0x000000c8c3300000)]
  0x0000028ffe263800 JavaThread "File watcher server" daemon [_thread_blocked, id=27568, stack(0x000000c8c3600000,0x000000c8c3700000)]
  0x0000028ffe265000 JavaThread "File watcher consumer" daemon [_thread_blocked, id=29116, stack(0x000000c8c3700000,0x000000c8c3800000)]
  0x0000028ffe264800 JavaThread "Cache worker for checksums cache (D:\studies\AndroidStudioProjects\MiniProjet3\.gradle\7.5\checksums)" [_thread_blocked, id=26216, stack(0x000000c8c3500000,0x000000c8c3600000)]
  0x0000028ffe260800 JavaThread "Cache worker for cache directory md-rule (C:\Users\lyesr\.gradle\caches\7.5\md-rule)" [_thread_blocked, id=28400, stack(0x000000c8c3800000,0x000000c8c3900000)]
  0x0000028ffe267000 JavaThread "Cache worker for file content cache (C:\Users\lyesr\.gradle\caches\7.5\fileContent)" [_thread_blocked, id=27864, stack(0x000000c8c3900000,0x000000c8c3a00000)]
  0x0000028ffe262800 JavaThread "Cache worker for file hash cache (D:\studies\AndroidStudioProjects\MiniProjet3\.gradle\7.5\fileHashes)" [_thread_blocked, id=13056, stack(0x000000c8c3a00000,0x000000c8c3b00000)]
  0x0000028f800de000 JavaThread "Cache worker for cache directory md-supplier (C:\Users\lyesr\.gradle\caches\7.5\md-supplier)" [_thread_blocked, id=7536, stack(0x000000c8c3b00000,0x000000c8c3c00000)]
  0x0000028f800e3000 JavaThread "Cache worker for execution history cache (C:\Users\lyesr\.gradle\caches\7.5\executionHistory)" [_thread_blocked, id=15148, stack(0x000000c8c3c00000,0x000000c8c3d00000)]
  0x0000028f800e0800 JavaThread "jar transforms" [_thread_blocked, id=26732, stack(0x000000c8c3d00000,0x000000c8c3e00000)]
  0x0000028f800de800 JavaThread "jar transforms Thread 2" [_thread_blocked, id=8264, stack(0x000000c8c3e00000,0x000000c8c3f00000)]
  0x0000028f800df800 JavaThread "jar transforms Thread 3" [_thread_blocked, id=14976, stack(0x000000c8c4000000,0x000000c8c4100000)]
  0x0000028f800e5000 JavaThread "jar transforms Thread 4" [_thread_blocked, id=1796, stack(0x000000c8c4100000,0x000000c8c4200000)]
  0x0000028f800e7000 JavaThread "Cache worker for dependencies-accessors (D:\studies\AndroidStudioProjects\MiniProjet3\.gradle\7.5\dependencies-accessors)" [_thread_blocked, id=9416, stack(0x000000c8c4200000,0x000000c8c4300000)]
  0x0000028f800e4800 JavaThread "jar transforms Thread 5" [_thread_blocked, id=3800, stack(0x000000c8c4300000,0x000000c8c4400000)]
  0x0000028f800e1000 JavaThread "Cache worker for Build Output Cleanup Cache (D:\studies\AndroidStudioProjects\MiniProjet3\.gradle\buildOutputCleanup)" [_thread_blocked, id=25656, stack(0x000000c8c3f00000,0x000000c8c4000000)]
  0x0000028f800e2000 JavaThread "Unconstrained build operations" [_thread_blocked, id=24296, stack(0x000000c8c4500000,0x000000c8c4600000)]
  0x0000028f800e6000 JavaThread "Unconstrained build operations Thread 2" [_thread_blocked, id=20080, stack(0x000000c8c4600000,0x000000c8c4700000)]
  0x0000028f800e8800 JavaThread "Unconstrained build operations Thread 3" [_thread_blocked, id=31600, stack(0x000000c8c4700000,0x000000c8c4800000)]
  0x0000028f800e9800 JavaThread "Unconstrained build operations Thread 4" [_thread_blocked, id=24812, stack(0x000000c8c4800000,0x000000c8c4900000)]
  0x0000028f800eb000 JavaThread "Unconstrained build operations Thread 5" [_thread_blocked, id=17040, stack(0x000000c8c4900000,0x000000c8c4a00000)]
  0x0000028f800ec000 JavaThread "Unconstrained build operations Thread 6" [_thread_blocked, id=15696, stack(0x000000c8c4a00000,0x000000c8c4b00000)]
  0x0000028f800e7800 JavaThread "Unconstrained build operations Thread 7" [_thread_blocked, id=16712, stack(0x000000c8c4b00000,0x000000c8c4c00000)]
  0x0000028f800ea000 JavaThread "Unconstrained build operations Thread 8" [_thread_blocked, id=29028, stack(0x000000c8c4c00000,0x000000c8c4d00000)]
  0x0000028f800ec800 JavaThread "Unconstrained build operations Thread 9" [_thread_blocked, id=13216, stack(0x000000c8c4d00000,0x000000c8c4e00000)]
  0x0000028f80cc2000 JavaThread "Unconstrained build operations Thread 10" [_thread_blocked, id=1588, stack(0x000000c8c4e00000,0x000000c8c4f00000)]
  0x0000028f80cbe800 JavaThread "Unconstrained build operations Thread 11" [_thread_blocked, id=17052, stack(0x000000c8c4f00000,0x000000c8c5000000)]
  0x0000028f80cbf800 JavaThread "Unconstrained build operations Thread 12" [_thread_blocked, id=23592, stack(0x000000c8c5000000,0x000000c8c5100000)]
  0x0000028f80cbd000 JavaThread "Unconstrained build operations Thread 13" [_thread_blocked, id=9220, stack(0x000000c8c5100000,0x000000c8c5200000)]
  0x0000028f80cc3000 JavaThread "Unconstrained build operations Thread 14" [_thread_blocked, id=27076, stack(0x000000c8c5200000,0x000000c8c5300000)]
  0x0000028f80cc0800 JavaThread "Unconstrained build operations Thread 15" [_thread_blocked, id=27644, stack(0x000000c8c5300000,0x000000c8c5400000)]
  0x0000028f80cc3800 JavaThread "Unconstrained build operations Thread 16" [_thread_blocked, id=25164, stack(0x000000c8c5400000,0x000000c8c5500000)]
  0x0000028f80cc1000 JavaThread "Unconstrained build operations Thread 17" [_thread_blocked, id=19836, stack(0x000000c8c5500000,0x000000c8c5600000)]
  0x0000028f80cbe000 JavaThread "Unconstrained build operations Thread 18" [_thread_blocked, id=18128, stack(0x000000c8c5600000,0x000000c8c5700000)]
  0x0000028f80cc7800 JavaThread "Unconstrained build operations Thread 19" [_thread_blocked, id=11956, stack(0x000000c8c5700000,0x000000c8c5800000)]
  0x0000028f80cc8800 JavaThread "Unconstrained build operations Thread 20" [_thread_blocked, id=4428, stack(0x000000c8c5800000,0x000000c8c5900000)]
  0x0000028f80cc4800 JavaThread "Unconstrained build operations Thread 21" [_thread_blocked, id=27204, stack(0x000000c8c5900000,0x000000c8c5a00000)]
  0x0000028f80cc5800 JavaThread "Unconstrained build operations Thread 22" [_thread_blocked, id=3524, stack(0x000000c8c5a00000,0x000000c8c5b00000)]
  0x0000028f80cc9800 JavaThread "Unconstrained build operations Thread 23" [_thread_blocked, id=23408, stack(0x000000c8c5b00000,0x000000c8c5c00000)]
  0x0000028f80cc7000 JavaThread "Unconstrained build operations Thread 24" [_thread_blocked, id=28876, stack(0x000000c8c5c00000,0x000000c8c5d00000)]
  0x0000028f80cca000 JavaThread "Unconstrained build operations Thread 25" [_thread_blocked, id=23480, stack(0x000000c8c5d00000,0x000000c8c5e00000)]
  0x0000028f80ccb000 JavaThread "Unconstrained build operations Thread 26" [_thread_blocked, id=8324, stack(0x000000c8c5e00000,0x000000c8c5f00000)]
  0x0000028f80ccc000 JavaThread "Unconstrained build operations Thread 27" [_thread_blocked, id=28456, stack(0x000000c8c5f00000,0x000000c8c6000000)]
  0x0000028f80cc6000 JavaThread "Unconstrained build operations Thread 28" [_thread_blocked, id=11008, stack(0x000000c8c6000000,0x000000c8c6100000)]
  0x0000028ffd2b8800 JavaThread "Unconstrained build operations Thread 29" [_thread_blocked, id=24720, stack(0x000000c8c6100000,0x000000c8c6200000)]
  0x0000028ffd2ba000 JavaThread "Unconstrained build operations Thread 30" [_thread_blocked, id=11396, stack(0x000000c8c6200000,0x000000c8c6300000)]
  0x0000028ffd2b7000 JavaThread "Unconstrained build operations Thread 31" [_thread_blocked, id=11960, stack(0x000000c8c6300000,0x000000c8c6400000)]
  0x0000028ffd2b6000 JavaThread "Unconstrained build operations Thread 32" [_thread_blocked, id=27956, stack(0x000000c8c6400000,0x000000c8c6500000)]
  0x0000028ffd2bb000 JavaThread "Unconstrained build operations Thread 33" [_thread_blocked, id=21172, stack(0x000000c8c6500000,0x000000c8c6600000)]
  0x0000028ffd2b7800 JavaThread "Unconstrained build operations Thread 34" [_thread_blocked, id=22088, stack(0x000000c8c6600000,0x000000c8c6700000)]
  0x0000028ffd2bf000 JavaThread "Unconstrained build operations Thread 35" [_thread_blocked, id=25532, stack(0x000000c8c6700000,0x000000c8c6800000)]
  0x0000028ffd2b9800 JavaThread "Unconstrained build operations Thread 36" [_thread_blocked, id=29840, stack(0x000000c8c6800000,0x000000c8c6900000)]
  0x0000028ffd2bc800 JavaThread "Unconstrained build operations Thread 37" [_thread_blocked, id=580, stack(0x000000c8c6900000,0x000000c8c6a00000)]
  0x0000028ffd2c0000 JavaThread "Unconstrained build operations Thread 38" [_thread_blocked, id=19988, stack(0x000000c8c6a00000,0x000000c8c6b00000)]
  0x0000028ffd2c0800 JavaThread "Unconstrained build operations Thread 39" [_thread_blocked, id=16544, stack(0x000000c8c6b00000,0x000000c8c6c00000)]
  0x0000028ffd2bd800 JavaThread "Unconstrained build operations Thread 40" [_thread_blocked, id=9556, stack(0x000000c8c6c00000,0x000000c8c6d00000)]
  0x0000028ffd2be800 JavaThread "Unconstrained build operations Thread 41" [_thread_blocked, id=10980, stack(0x000000c8c6d00000,0x000000c8c6e00000)]
  0x0000028ffd2c1800 JavaThread "Unconstrained build operations Thread 42" [_thread_blocked, id=25620, stack(0x000000c8c6e00000,0x000000c8c6f00000)]
  0x0000028ffd2bc000 JavaThread "Unconstrained build operations Thread 43" [_thread_blocked, id=22028, stack(0x000000c8c6f00000,0x000000c8c7000000)]
  0x0000028ffd2c2800 JavaThread "Unconstrained build operations Thread 44" [_thread_blocked, id=15048, stack(0x000000c8c7000000,0x000000c8c7100000)]
  0x0000028ffd2c3000 JavaThread "Unconstrained build operations Thread 45" [_thread_blocked, id=17124, stack(0x000000c8c7100000,0x000000c8c7200000)]
  0x0000028ffd2c4000 JavaThread "Unconstrained build operations Thread 46" [_thread_blocked, id=22448, stack(0x000000c8c7200000,0x000000c8c7300000)]
  0x0000028ffd2c5000 JavaThread "Unconstrained build operations Thread 47" [_thread_blocked, id=31168, stack(0x000000c8c7300000,0x000000c8c7400000)]
  0x0000028f81c30800 JavaThread "Unconstrained build operations Thread 48" [_thread_blocked, id=15948, stack(0x000000c8c7400000,0x000000c8c7500000)]
  0x0000028f81c31800 JavaThread "Unconstrained build operations Thread 49" [_thread_blocked, id=8480, stack(0x000000c8c7500000,0x000000c8c7600000)]
  0x0000028f81c32000 JavaThread "Unconstrained build operations Thread 50" [_thread_blocked, id=15380, stack(0x000000c8c7600000,0x000000c8c7700000)]
  0x0000028f81c33000 JavaThread "Unconstrained build operations Thread 51" [_thread_blocked, id=12380, stack(0x000000c8c7700000,0x000000c8c7800000)]
  0x0000028f81c34000 JavaThread "Unconstrained build operations Thread 52" [_thread_blocked, id=28120, stack(0x000000c8c7800000,0x000000c8c7900000)]
  0x0000028f81c2e000 JavaThread "Unconstrained build operations Thread 53" [_thread_blocked, id=28568, stack(0x000000c8c7900000,0x000000c8c7a00000)]
  0x0000028f81c34800 JavaThread "Unconstrained build operations Thread 54" [_thread_blocked, id=21088, stack(0x000000c8c7a00000,0x000000c8c7b00000)]
  0x0000028f81c2f000 JavaThread "Unconstrained build operations Thread 55" [_thread_blocked, id=28324, stack(0x000000c8c7b00000,0x000000c8c7c00000)]
  0x0000028f81c35800 JavaThread "Unconstrained build operations Thread 56" [_thread_blocked, id=27412, stack(0x000000c8c7c00000,0x000000c8c7d00000)]
  0x0000028f81c30000 JavaThread "Unconstrained build operations Thread 57" [_thread_blocked, id=11112, stack(0x000000c8c7d00000,0x000000c8c7e00000)]
  0x0000028f81c3c000 JavaThread "Unconstrained build operations Thread 58" [_thread_blocked, id=4704, stack(0x000000c8c7e00000,0x000000c8c7f00000)]
  0x0000028f81c37000 JavaThread "Unconstrained build operations Thread 59" [_thread_blocked, id=6628, stack(0x000000c8c7f00000,0x000000c8c8000000)]
  0x0000028f81c38000 JavaThread "Unconstrained build operations Thread 60" [_thread_blocked, id=27844, stack(0x000000c8c8000000,0x000000c8c8100000)]
  0x0000028f81c39000 JavaThread "Unconstrained build operations Thread 61" [_thread_blocked, id=6828, stack(0x000000c8c8100000,0x000000c8c8200000)]
  0x0000028f81c39800 JavaThread "Unconstrained build operations Thread 62" [_thread_blocked, id=1908, stack(0x000000c8c8200000,0x000000c8c8300000)]
  0x0000028f81c3a800 JavaThread "Unconstrained build operations Thread 63" [_thread_blocked, id=13072, stack(0x000000c8c8300000,0x000000c8c8400000)]
  0x0000028f81c36800 JavaThread "Unconstrained build operations Thread 64" [_thread_blocked, id=23564, stack(0x000000c8c8400000,0x000000c8c8500000)]
  0x0000028f81c3d000 JavaThread "Unconstrained build operations Thread 65" [_thread_blocked, id=4232, stack(0x000000c8c8500000,0x000000c8c8600000)]
  0x0000028f81c3b000 JavaThread "Unconstrained build operations Thread 66" [_thread_blocked, id=16584, stack(0x000000c8c8600000,0x000000c8c8700000)]
  0x0000028f81eba800 JavaThread "Unconstrained build operations Thread 67" [_thread_blocked, id=15388, stack(0x000000c8c8700000,0x000000c8c8800000)]
  0x0000028f81eb9800 JavaThread "Unconstrained build operations Thread 68" [_thread_blocked, id=4008, stack(0x000000c8c8800000,0x000000c8c8900000)]
  0x0000028f81ebc000 JavaThread "Unconstrained build operations Thread 69" [_thread_blocked, id=23432, stack(0x000000c8c8900000,0x000000c8c8a00000)]
  0x0000028f81ebb000 JavaThread "Unconstrained build operations Thread 70" [_thread_blocked, id=24852, stack(0x000000c8c8a00000,0x000000c8c8b00000)]
  0x0000028f81ebd000 JavaThread "Unconstrained build operations Thread 71" [_thread_blocked, id=7144, stack(0x000000c8c8b00000,0x000000c8c8c00000)]
  0x0000028f81eb7000 JavaThread "Unconstrained build operations Thread 72" [_thread_blocked, id=28048, stack(0x000000c8c8c00000,0x000000c8c8d00000)]
  0x0000028f81ebd800 JavaThread "Unconstrained build operations Thread 73" [_thread_blocked, id=13664, stack(0x000000c8c8d00000,0x000000c8c8e00000)]
  0x0000028f81eb8000 JavaThread "Unconstrained build operations Thread 74" [_thread_blocked, id=7372, stack(0x000000c8c8e00000,0x000000c8c8f00000)]
  0x0000028f81ebe800 JavaThread "Unconstrained build operations Thread 75" [_thread_blocked, id=25472, stack(0x000000c8c8f00000,0x000000c8c9000000)]
  0x0000028f81eb8800 JavaThread "Unconstrained build operations Thread 76" [_thread_blocked, id=12000, stack(0x000000c8c9000000,0x000000c8c9100000)]
  0x0000028f81ec4000 JavaThread "Unconstrained build operations Thread 77" [_thread_blocked, id=27740, stack(0x000000c8c9100000,0x000000c8c9200000)]
  0x0000028f81ebf000 JavaThread "Unconstrained build operations Thread 78" [_thread_blocked, id=15292, stack(0x000000c8c9200000,0x000000c8c9300000)]
  0x0000028f81ec5000 JavaThread "Unconstrained build operations Thread 79" [_thread_blocked, id=26372, stack(0x000000c8c9300000,0x000000c8c9400000)]
  0x0000028f81ec1000 JavaThread "Unconstrained build operations Thread 80" [_thread_blocked, id=5320, stack(0x000000c8c9400000,0x000000c8c9500000)]
  0x0000028f81ec3800 JavaThread "jar transforms Thread 6" [_thread_blocked, id=10396, stack(0x000000c8c9500000,0x000000c8c9600000)]
  0x0000028f81ec5800 JavaThread "jar transforms Thread 7" [_thread_blocked, id=27512, stack(0x000000c8c9600000,0x000000c8c9700000)]
  0x0000028f81ec0000 JavaThread "jar transforms Thread 8" [_thread_blocked, id=24512, stack(0x000000c8c9700000,0x000000c8c9800000)]
  0x0000028f81ec1800 JavaThread "build event listener" [_thread_blocked, id=16192, stack(0x000000c8c9800000,0x000000c8c9900000)]
  0x0000028f81ec2800 JavaThread "Memory manager" [_thread_blocked, id=16740, stack(0x000000c8c9900000,0x000000c8c9a00000)]
  0x0000028f80883000 JavaThread "C2 CompilerThread1" daemon [_thread_blocked, id=31424, stack(0x000000c8c3400000,0x000000c8c3500000)]
  0x0000028f8536b800 JavaThread "included builds" [_thread_blocked, id=22896, stack(0x000000c8c4400000,0x000000c8c4500000)]
  0x0000028f85365800 JavaThread "Execution worker" [_thread_blocked, id=16300, stack(0x000000c8c9a00000,0x000000c8c9b00000)]
  0x0000028f85368000 JavaThread "Execution worker Thread 2" [_thread_blocked, id=25196, stack(0x000000c8c9b00000,0x000000c8c9c00000)]
  0x0000028f85366800 JavaThread "Execution worker Thread 3" [_thread_blocked, id=21844, stack(0x000000c8c9c00000,0x000000c8c9d00000)]
  0x0000028f8536d000 JavaThread "Execution worker Thread 4" [_thread_blocked, id=31140, stack(0x000000c8c9d00000,0x000000c8c9e00000)]
  0x0000028f8536c000 JavaThread "Execution worker Thread 5" [_thread_blocked, id=31228, stack(0x000000c8c9e00000,0x000000c8c9f00000)]
  0x0000028f8536a000 JavaThread "Execution worker Thread 6" [_thread_blocked, id=26724, stack(0x000000c8c9f00000,0x000000c8ca000000)]
  0x0000028f85369000 JavaThread "Execution worker Thread 7" [_thread_blocked, id=4276, stack(0x000000c8ca000000,0x000000c8ca100000)]
  0x0000028f85367800 JavaThread "Cache worker for execution history cache (D:\studies\AndroidStudioProjects\MiniProjet3\.gradle\7.5\executionHistory)" [_thread_blocked, id=25892, stack(0x000000c8ca100000,0x000000c8ca200000)]
  0x0000028f85371000 JavaThread "WorkerExecutor Queue" [_thread_blocked, id=23412, stack(0x000000c8ca200000,0x000000c8ca300000)]
  0x0000028f85372000 JavaThread "WorkerExecutor Queue Thread 2" [_thread_blocked, id=29480, stack(0x000000c8ca300000,0x000000c8ca400000)]
  0x0000028f8536e800 JavaThread "WorkerExecutor Queue Thread 3" [_thread_blocked, id=14616, stack(0x000000c8ca400000,0x000000c8ca500000)]
  0x0000028f8536f800 JavaThread "ForkJoinPool-1-worker-3" daemon [_thread_blocked, id=24368, stack(0x000000c8ca500000,0x000000c8ca600000)]
  0x0000028f85372800 JavaThread "ForkJoinPool-1-worker-5" daemon [_thread_blocked, id=9176, stack(0x000000c8ca600000,0x000000c8ca700000)]
  0x0000028f85370800 JavaThread "ForkJoinPool-1-worker-7" daemon [_thread_blocked, id=15320, stack(0x000000c8ca700000,0x000000c8ca800000)]
  0x0000028f85373800 JavaThread "ForkJoinPool-1-worker-9" daemon [_thread_blocked, id=25640, stack(0x000000c8ca800000,0x000000c8ca900000)]
  0x0000028f8536e000 JavaThread "ForkJoinPool-1-worker-13" daemon [_thread_blocked, id=22904, stack(0x000000c8ca900000,0x000000c8caa00000)]
  0x0000028f85374800 JavaThread "ForkJoinPool-1-worker-11" daemon [_thread_blocked, id=13132, stack(0x000000c8caa00000,0x000000c8cab00000)]
  0x0000028f85a58800 JavaThread "ForkJoinPool-1-worker-15" daemon [_thread_blocked, id=9104, stack(0x000000c8cab00000,0x000000c8cac00000)]
  0x0000028f85a58000 JavaThread "ForkJoinPool-1-worker-1" daemon [_thread_blocked, id=16212, stack(0x000000c8cac00000,0x000000c8cad00000)]

Other Threads:
=>0x0000028ffb7ce000 VMThread "VM Thread" [stack: 0x000000c8c1400000,0x000000c8c1500000] [id=12860]
  0x0000028ffc1b9800 WatcherThread [stack: 0x000000c8c1e00000,0x000000c8c1f00000] [id=24272]
  0x0000028fe1309800 GCTaskThread "GC Thread#0" [stack: 0x000000c8c0f00000,0x000000c8c1000000] [id=12652]
  0x0000028ffd032000 GCTaskThread "GC Thread#1" [stack: 0x000000c8c2100000,0x000000c8c2200000] [id=29300]
  0x0000028ffd268000 GCTaskThread "GC Thread#2" [stack: 0x000000c8c2200000,0x000000c8c2300000] [id=17328]
  0x0000028ffe4c7800 GCTaskThread "GC Thread#3" [stack: 0x000000c8c2d00000,0x000000c8c2e00000] [id=15916]
  0x0000028ffdc8e000 GCTaskThread "GC Thread#4" [stack: 0x000000c8c2e00000,0x000000c8c2f00000] [id=17860]
  0x0000028ffd2de000 GCTaskThread "GC Thread#5" [stack: 0x000000c8c2f00000,0x000000c8c3000000] [id=21380]
  0x0000028ffda11000 GCTaskThread "GC Thread#6" [stack: 0x000000c8c3000000,0x000000c8c3100000] [id=7868]
  0x0000028ffd56b800 GCTaskThread "GC Thread#7" [stack: 0x000000c8c3100000,0x000000c8c3200000] [id=27732]
  0x0000028fe133e800 ConcurrentGCThread "G1 Main Marker" [stack: 0x000000c8c1000000,0x000000c8c1100000] [id=22584]
  0x0000028fe133f800 ConcurrentGCThread "G1 Conc#0" [stack: 0x000000c8c1100000,0x000000c8c1200000] [id=17216]
  0x0000028ffd9fd800 ConcurrentGCThread "G1 Conc#1" [stack: 0x000000c8c3300000,0x000000c8c3400000] [id=13676]
  0x0000028ffb61e800 ConcurrentGCThread "G1 Refine#0" [stack: 0x000000c8c1200000,0x000000c8c1300000] [id=9820]
  0x0000028f85054000 ConcurrentGCThread "G1 Refine#1" [stack: 0x000000c8cad00000,0x000000c8cae00000] [id=25000]
  0x0000028f87750000 ConcurrentGCThread "G1 Refine#2" [stack: 0x000000c8cae00000,0x000000c8caf00000] [id=29824]
  0x0000028ffb61f800 ConcurrentGCThread "G1 Young RemSet Sampling" [stack: 0x000000c8c1300000,0x000000c8c1400000] [id=30396]

Threads with active compile tasks:
C2 CompilerThread0    31712 11052 %     4       com.android.tools.r8.dex.i::a @ 315 (1041 bytes)
C2 CompilerThread1    31712 11547   !   4       java.net.URLClassLoader::defineClass (224 bytes)

VM state:at safepoint (normal execution)

VM Mutex/Monitor currently owned by a thread:  ([mutex/lock_event])
[0x0000028fe12ecb20] Threads_lock - owner thread: 0x0000028ffb7ce000
[0x0000028fe12ed300] Heap_lock - owner thread: 0x0000028f85372000

Heap address: 0x0000000080000000, size: 2048 MB, Compressed Oops mode: 32-bit
Narrow klass base: 0x0000000000000000, Narrow klass shift: 3
Compressed class space size: 1073741824 Address: 0x0000000100000000

Heap:
 garbage-first heap   total 598016K, used 227921K [0x0000000080000000, 0x0000000100000000)
  region size 1024K, 3 young (3072K), 3 survivors (3072K)
 Metaspace       used 92756K, capacity 95348K, committed 95748K, reserved 1132544K
  class space    used 12270K, capacity 13280K, committed 13464K, reserved 1048576K
Heap Regions: E=young(eden), S=young(survivor), O=old, HS=humongous(starts), HC=humongous(continues), CS=collection set, F=free, A=archive, TAMS=top-at-mark-start (previous, next)
|   0|0x0000000080000000, 0x0000000080100000, 0x0000000080100000|100%| O|  |TAMS 0x0000000080100000, 0x0000000080000000| Untracked 
|   1|0x0000000080100000, 0x0000000080200000, 0x0000000080200000|100%| O|  |TAMS 0x0000000080200000, 0x0000000080100000| Untracked 
|   2|0x0000000080200000, 0x0000000080300000, 0x0000000080300000|100%| O|  |TAMS 0x0000000080300000, 0x0000000080200000| Untracked 
|   3|0x0000000080300000, 0x0000000080400000, 0x0000000080400000|100%|HS|  |TAMS 0x0000000080400000, 0x0000000080300000| Complete 
|   4|0x0000000080400000, 0x0000000080500000, 0x0000000080500000|100%|HC|  |TAMS 0x0000000080500000, 0x0000000080400000| Complete 
|   5|0x0000000080500000, 0x0000000080600000, 0x0000000080600000|100%|HC|  |TAMS 0x0000000080600000, 0x0000000080500000| Complete 
|   6|0x0000000080600000, 0x0000000080700000, 0x0000000080700000|100%| O|  |TAMS 0x0000000080700000, 0x0000000080600000| Untracked 
|   7|0x0000000080700000, 0x0000000080800000, 0x0000000080800000|100%| O|  |TAMS 0x0000000080800000, 0x0000000080700000| Untracked 
|   8|0x0000000080800000, 0x0000000080900000, 0x0000000080900000|100%| O|  |TAMS 0x0000000080900000, 0x0000000080800000| Untracked 
|   9|0x0000000080900000, 0x0000000080a00000, 0x0000000080a00000|100%| O|  |TAMS 0x0000000080a00000, 0x0000000080900000| Untracked 
|  10|0x0000000080a00000, 0x0000000080b00000, 0x0000000080b00000|100%| O|  |TAMS 0x0000000080b00000, 0x0000000080a00000| Untracked 
|  11|0x0000000080b00000, 0x0000000080c00000, 0x0000000080c00000|100%| O|  |TAMS 0x0000000080c00000, 0x0000000080b00000| Untracked 
|  12|0x0000000080c00000, 0x0000000080d00000, 0x0000000080d00000|100%| O|  |TAMS 0x0000000080d00000, 0x0000000080c00000| Untracked 
|  13|0x0000000080d00000, 0x0000000080e00000, 0x0000000080e00000|100%| O|  |TAMS 0x0000000080e00000, 0x0000000080d00000| Untracked 
|  14|0x0000000080e00000, 0x0000000080f00000, 0x0000000080f00000|100%| O|  |TAMS 0x0000000080f00000, 0x0000000080e00000| Untracked 
|  15|0x0000000080f00000, 0x0000000081000000, 0x0000000081000000|100%| O|  |TAMS 0x0000000081000000, 0x0000000080f00000| Untracked 
|  16|0x0000000081000000, 0x0000000081100000, 0x0000000081100000|100%| O|  |TAMS 0x0000000081100000, 0x0000000081000000| Untracked 
|  17|0x0000000081100000, 0x0000000081200000, 0x0000000081200000|100%|HS|  |TAMS 0x0000000081200000, 0x0000000081100000| Complete 
|  18|0x0000000081200000, 0x0000000081300000, 0x0000000081300000|100%| O|  |TAMS 0x0000000081300000, 0x0000000081200000| Untracked 
|  19|0x0000000081300000, 0x0000000081400000, 0x0000000081400000|100%| O|  |TAMS 0x0000000081400000, 0x0000000081300000| Untracked 
|  20|0x0000000081400000, 0x0000000081500000, 0x0000000081500000|100%| O|  |TAMS 0x0000000081500000, 0x0000000081400000| Untracked 
|  21|0x0000000081500000, 0x0000000081600000, 0x0000000081600000|100%| O|  |TAMS 0x0000000081600000, 0x0000000081500000| Untracked 
|  22|0x0000000081600000, 0x0000000081700000, 0x0000000081700000|100%| O|  |TAMS 0x0000000081700000, 0x0000000081600000| Untracked 
|  23|0x0000000081700000, 0x0000000081800000, 0x0000000081800000|100%| O|  |TAMS 0x0000000081800000, 0x0000000081700000| Untracked 
|  24|0x0000000081800000, 0x0000000081900000, 0x0000000081900000|100%| O|  |TAMS 0x0000000081900000, 0x0000000081800000| Untracked 
|  25|0x0000000081900000, 0x0000000081a00000, 0x0000000081a00000|100%| O|  |TAMS 0x0000000081a00000, 0x0000000081900000| Untracked 
|  26|0x0000000081a00000, 0x0000000081b00000, 0x0000000081b00000|100%| O|  |TAMS 0x0000000081b00000, 0x0000000081a00000| Untracked 
|  27|0x0000000081b00000, 0x0000000081c00000, 0x0000000081c00000|100%| O|  |TAMS 0x0000000081c00000, 0x0000000081b00000| Untracked 
|  28|0x0000000081c00000, 0x0000000081d00000, 0x0000000081d00000|100%| O|  |TAMS 0x0000000081d00000, 0x0000000081c00000| Untracked 
|  29|0x0000000081d00000, 0x0000000081e00000, 0x0000000081e00000|100%|HS|  |TAMS 0x0000000081e00000, 0x0000000081d00000| Complete 
|  30|0x0000000081e00000, 0x0000000081f00000, 0x0000000081f00000|100%| O|  |TAMS 0x0000000081f00000, 0x0000000081e00000| Untracked 
|  31|0x0000000081f00000, 0x0000000082000000, 0x0000000082000000|100%| O|  |TAMS 0x0000000082000000, 0x0000000081f00000| Untracked 
|  32|0x0000000082000000, 0x0000000082100000, 0x0000000082100000|100%| O|  |TAMS 0x0000000082100000, 0x0000000082000000| Untracked 
|  33|0x0000000082100000, 0x0000000082200000, 0x0000000082200000|100%| O|  |TAMS 0x0000000082200000, 0x0000000082100000| Untracked 
|  34|0x0000000082200000, 0x0000000082300000, 0x0000000082300000|100%| O|  |TAMS 0x0000000082300000, 0x0000000082200000| Untracked 
|  35|0x0000000082300000, 0x0000000082400000, 0x0000000082400000|100%| O|  |TAMS 0x0000000082400000, 0x0000000082300000| Untracked 
|  36|0x0000000082400000, 0x0000000082500000, 0x0000000082500000|100%| O|  |TAMS 0x0000000082500000, 0x0000000082400000| Untracked 
|  37|0x0000000082500000, 0x0000000082600000, 0x0000000082600000|100%| O|  |TAMS 0x0000000082600000, 0x0000000082500000| Untracked 
|  38|0x0000000082600000, 0x0000000082700000, 0x0000000082700000|100%| O|  |TAMS 0x0000000082700000, 0x0000000082600000| Untracked 
|  39|0x0000000082700000, 0x0000000082800000, 0x0000000082800000|100%| O|  |TAMS 0x0000000082800000, 0x0000000082700000| Untracked 
|  40|0x0000000082800000, 0x0000000082900000, 0x0000000082900000|100%| O|  |TAMS 0x0000000082900000, 0x0000000082800000| Untracked 
|  41|0x0000000082900000, 0x0000000082a00000, 0x0000000082a00000|100%| O|  |TAMS 0x0000000082a00000, 0x0000000082900000| Untracked 
|  42|0x0000000082a00000, 0x0000000082b00000, 0x0000000082b00000|100%| O|  |TAMS 0x0000000082b00000, 0x0000000082a00000| Untracked 
|  43|0x0000000082b00000, 0x0000000082c00000, 0x0000000082c00000|100%| O|  |TAMS 0x0000000082c00000, 0x0000000082b00000| Untracked 
|  44|0x0000000082c00000, 0x0000000082d00000, 0x0000000082d00000|100%| O|  |TAMS 0x0000000082d00000, 0x0000000082c00000| Untracked 
|  45|0x0000000082d00000, 0x0000000082e00000, 0x0000000082e00000|100%| O|  |TAMS 0x0000000082e00000, 0x0000000082d00000| Untracked 
|  46|0x0000000082e00000, 0x0000000082f00000, 0x0000000082f00000|100%| O|  |TAMS 0x0000000082f00000, 0x0000000082e00000| Untracked 
|  47|0x0000000082f00000, 0x0000000083000000, 0x0000000083000000|100%| O|  |TAMS 0x0000000083000000, 0x0000000082f00000| Untracked 
|  48|0x0000000083000000, 0x0000000083100000, 0x0000000083100000|100%| O|  |TAMS 0x0000000083100000, 0x0000000083000000| Untracked 
|  49|0x0000000083100000, 0x0000000083200000, 0x0000000083200000|100%| O|  |TAMS 0x0000000083200000, 0x0000000083100000| Untracked 
|  50|0x0000000083200000, 0x0000000083300000, 0x0000000083300000|100%| O|  |TAMS 0x0000000083300000, 0x0000000083200000| Untracked 
|  51|0x0000000083300000, 0x0000000083400000, 0x0000000083400000|100%| O|  |TAMS 0x0000000083400000, 0x0000000083300000| Untracked 
|  52|0x0000000083400000, 0x0000000083500000, 0x0000000083500000|100%| O|  |TAMS 0x0000000083500000, 0x0000000083400000| Untracked 
|  53|0x0000000083500000, 0x0000000083600000, 0x0000000083600000|100%| O|  |TAMS 0x0000000083600000, 0x0000000083500000| Untracked 
|  54|0x0000000083600000, 0x0000000083700000, 0x0000000083700000|100%| O|  |TAMS 0x0000000083700000, 0x0000000083600000| Untracked 
|  55|0x0000000083700000, 0x0000000083800000, 0x0000000083800000|100%| O|  |TAMS 0x0000000083800000, 0x0000000083700000| Untracked 
|  56|0x0000000083800000, 0x0000000083900000, 0x0000000083900000|100%| O|  |TAMS 0x0000000083900000, 0x0000000083800000| Untracked 
|  57|0x0000000083900000, 0x0000000083a00000, 0x0000000083a00000|100%| O|  |TAMS 0x0000000083a00000, 0x0000000083900000| Untracked 
|  58|0x0000000083a00000, 0x0000000083b00000, 0x0000000083b00000|100%| O|  |TAMS 0x0000000083b00000, 0x0000000083a00000| Untracked 
|  59|0x0000000083b00000, 0x0000000083c00000, 0x0000000083c00000|100%| O|  |TAMS 0x0000000083c00000, 0x0000000083b00000| Untracked 
|  60|0x0000000083c00000, 0x0000000083d00000, 0x0000000083d00000|100%| O|  |TAMS 0x0000000083d00000, 0x0000000083c00000| Untracked 
|  61|0x0000000083d00000, 0x0000000083e00000, 0x0000000083e00000|100%| O|  |TAMS 0x0000000083e00000, 0x0000000083d00000| Untracked 
|  62|0x0000000083e00000, 0x0000000083f00000, 0x0000000083f00000|100%| O|  |TAMS 0x0000000083f00000, 0x0000000083e00000| Untracked 
|  63|0x0000000083f00000, 0x0000000084000000, 0x0000000084000000|100%| O|  |TAMS 0x0000000084000000, 0x0000000083f00000| Untracked 
|  64|0x0000000084000000, 0x0000000084100000, 0x0000000084100000|100%| O|  |TAMS 0x0000000084100000, 0x0000000084000000| Untracked 
|  65|0x0000000084100000, 0x0000000084200000, 0x0000000084200000|100%| O|  |TAMS 0x0000000084200000, 0x0000000084100000| Untracked 
|  66|0x0000000084200000, 0x0000000084300000, 0x0000000084300000|100%| O|  |TAMS 0x0000000084300000, 0x0000000084200000| Untracked 
|  67|0x0000000084300000, 0x0000000084400000, 0x0000000084400000|100%| O|  |TAMS 0x0000000084400000, 0x0000000084300000| Untracked 
|  68|0x0000000084400000, 0x0000000084500000, 0x0000000084500000|100%| O|  |TAMS 0x0000000084500000, 0x0000000084400000| Untracked 
|  69|0x0000000084500000, 0x0000000084600000, 0x0000000084600000|100%| O|  |TAMS 0x0000000084600000, 0x0000000084500000| Untracked 
|  70|0x0000000084600000, 0x0000000084700000, 0x0000000084700000|100%| O|  |TAMS 0x0000000084700000, 0x0000000084600000| Untracked 
|  71|0x0000000084700000, 0x0000000084800000, 0x0000000084800000|100%| O|  |TAMS 0x0000000084800000, 0x0000000084700000| Untracked 
|  72|0x0000000084800000, 0x0000000084900000, 0x0000000084900000|100%| O|  |TAMS 0x0000000084900000, 0x0000000084800000| Untracked 
|  73|0x0000000084900000, 0x0000000084a00000, 0x0000000084a00000|100%| O|  |TAMS 0x0000000084a00000, 0x0000000084900000| Untracked 
|  74|0x0000000084a00000, 0x0000000084b00000, 0x0000000084b00000|100%| O|  |TAMS 0x0000000084b00000, 0x0000000084a00000| Untracked 
|  75|0x0000000084b00000, 0x0000000084c00000, 0x0000000084c00000|100%| O|  |TAMS 0x0000000084c00000, 0x0000000084b00000| Untracked 
|  76|0x0000000084c00000, 0x0000000084d00000, 0x0000000084d00000|100%| O|  |TAMS 0x0000000084d00000, 0x0000000084c00000| Untracked 
|  77|0x0000000084d00000, 0x0000000084e00000, 0x0000000084e00000|100%| O|  |TAMS 0x0000000084e00000, 0x0000000084d00000| Untracked 
|  78|0x0000000084e00000, 0x0000000084f00000, 0x0000000084f00000|100%| O|  |TAMS 0x0000000084f00000, 0x0000000084e00000| Untracked 
|  79|0x0000000084f00000, 0x0000000085000000, 0x0000000085000000|100%| O|  |TAMS 0x0000000085000000, 0x0000000084f00000| Untracked 
|  80|0x0000000085000000, 0x0000000085100000, 0x0000000085100000|100%| O|  |TAMS 0x0000000085100000, 0x0000000085000000| Untracked 
|  81|0x0000000085100000, 0x0000000085200000, 0x0000000085200000|100%| O|  |TAMS 0x0000000085200000, 0x0000000085100000| Untracked 
|  82|0x0000000085200000, 0x0000000085300000, 0x0000000085300000|100%| O|  |TAMS 0x0000000085300000, 0x0000000085200000| Untracked 
|  83|0x0000000085300000, 0x0000000085400000, 0x0000000085400000|100%|HS|  |TAMS 0x0000000085400000, 0x0000000085300000| Complete 
|  84|0x0000000085400000, 0x0000000085500000, 0x0000000085500000|100%|HC|  |TAMS 0x0000000085500000, 0x0000000085400000| Complete 
|  85|0x0000000085500000, 0x0000000085600000, 0x0000000085600000|100%|HC|  |TAMS 0x0000000085600000, 0x0000000085500000| Complete 
|  86|0x0000000085600000, 0x0000000085700000, 0x0000000085700000|100%|HC|  |TAMS 0x0000000085700000, 0x0000000085600000| Complete 
|  87|0x0000000085700000, 0x0000000085800000, 0x0000000085800000|100%|HC|  |TAMS 0x0000000085800000, 0x0000000085700000| Complete 
|  88|0x0000000085800000, 0x0000000085900000, 0x0000000085900000|100%|HC|  |TAMS 0x0000000085900000, 0x0000000085800000| Complete 
|  89|0x0000000085900000, 0x0000000085a00000, 0x0000000085a00000|100%|HC|  |TAMS 0x0000000085a00000, 0x0000000085900000| Complete 
|  90|0x0000000085a00000, 0x0000000085b00000, 0x0000000085b00000|100%|HC|  |TAMS 0x0000000085b00000, 0x0000000085a00000| Complete 
|  91|0x0000000085b00000, 0x0000000085c00000, 0x0000000085c00000|100%|HC|  |TAMS 0x0000000085c00000, 0x0000000085b00000| Complete 
|  92|0x0000000085c00000, 0x0000000085d00000, 0x0000000085d00000|100%|HS|  |TAMS 0x0000000085d00000, 0x0000000085c00000| Complete 
|  93|0x0000000085d00000, 0x0000000085e00000, 0x0000000085e00000|100%|HC|  |TAMS 0x0000000085e00000, 0x0000000085d00000| Complete 
|  94|0x0000000085e00000, 0x0000000085f00000, 0x0000000085f00000|100%|HC|  |TAMS 0x0000000085f00000, 0x0000000085e00000| Complete 
|  95|0x0000000085f00000, 0x0000000086000000, 0x0000000086000000|100%|HC|  |TAMS 0x0000000086000000, 0x0000000085f00000| Complete 
|  96|0x0000000086000000, 0x0000000086100000, 0x0000000086100000|100%| O|  |TAMS 0x0000000086100000, 0x0000000086000000| Untracked 
|  97|0x0000000086100000, 0x0000000086200000, 0x0000000086200000|100%| O|  |TAMS 0x0000000086200000, 0x0000000086100000| Untracked 
|  98|0x0000000086200000, 0x0000000086300000, 0x0000000086300000|100%| O|  |TAMS 0x0000000086300000, 0x0000000086200000| Untracked 
|  99|0x0000000086300000, 0x0000000086400000, 0x0000000086400000|100%|HS|  |TAMS 0x0000000086400000, 0x0000000086300000| Complete 
| 100|0x0000000086400000, 0x0000000086500000, 0x0000000086500000|100%| O|  |TAMS 0x0000000086500000, 0x0000000086400000| Untracked 
| 101|0x0000000086500000, 0x0000000086600000, 0x0000000086600000|100%| O|  |TAMS 0x0000000086600000, 0x0000000086500000| Untracked 
| 102|0x0000000086600000, 0x0000000086700000, 0x0000000086700000|100%| O|  |TAMS 0x0000000086700000, 0x0000000086600000| Untracked 
| 103|0x0000000086700000, 0x0000000086800000, 0x0000000086800000|100%| O|  |TAMS 0x0000000086800000, 0x0000000086700000| Untracked 
| 104|0x0000000086800000, 0x0000000086900000, 0x0000000086900000|100%| O|  |TAMS 0x0000000086900000, 0x0000000086800000| Untracked 
| 105|0x0000000086900000, 0x0000000086a00000, 0x0000000086a00000|100%| O|  |TAMS 0x0000000086a00000, 0x0000000086900000| Untracked 
| 106|0x0000000086a00000, 0x0000000086b00000, 0x0000000086b00000|100%| O|  |TAMS 0x0000000086b00000, 0x0000000086a00000| Untracked 
| 107|0x0000000086b00000, 0x0000000086c00000, 0x0000000086c00000|100%| O|  |TAMS 0x0000000086c00000, 0x0000000086b00000| Untracked 
| 108|0x0000000086c00000, 0x0000000086d00000, 0x0000000086d00000|100%| O|  |TAMS 0x0000000086d00000, 0x0000000086c00000| Untracked 
| 109|0x0000000086d00000, 0x0000000086e00000, 0x0000000086e00000|100%| O|  |TAMS 0x0000000086e00000, 0x0000000086d00000| Untracked 
| 110|0x0000000086e00000, 0x0000000086f00000, 0x0000000086f00000|100%| O|  |TAMS 0x0000000086f00000, 0x0000000086e00000| Untracked 
| 111|0x0000000086f00000, 0x0000000087000000, 0x0000000087000000|100%| O|  |TAMS 0x0000000087000000, 0x0000000086f00000| Untracked 
| 112|0x0000000087000000, 0x0000000087100000, 0x0000000087100000|100%| O|  |TAMS 0x0000000087100000, 0x0000000087000000| Untracked 
| 113|0x0000000087100000, 0x0000000087200000, 0x0000000087200000|100%| O|  |TAMS 0x0000000087200000, 0x0000000087100000| Untracked 
| 114|0x0000000087200000, 0x0000000087300000, 0x0000000087300000|100%| O|  |TAMS 0x0000000087300000, 0x0000000087200000| Untracked 
| 115|0x0000000087300000, 0x0000000087400000, 0x0000000087400000|100%|HS|  |TAMS 0x0000000087400000, 0x0000000087300000| Complete 
| 116|0x0000000087400000, 0x0000000087500000, 0x0000000087500000|100%| O|  |TAMS 0x0000000087500000, 0x0000000087400000| Untracked 
| 117|0x0000000087500000, 0x0000000087600000, 0x0000000087600000|100%| O|  |TAMS 0x0000000087600000, 0x0000000087500000| Untracked 
| 118|0x0000000087600000, 0x0000000087700000, 0x0000000087700000|100%| O|  |TAMS 0x0000000087700000, 0x0000000087600000| Untracked 
| 119|0x0000000087700000, 0x0000000087800000, 0x0000000087800000|100%|HS|  |TAMS 0x0000000087800000, 0x0000000087700000| Complete 
| 120|0x0000000087800000, 0x0000000087900000, 0x0000000087900000|100%|HC|  |TAMS 0x0000000087900000, 0x0000000087800000| Complete 
| 121|0x0000000087900000, 0x0000000087a00000, 0x0000000087a00000|100%|HC|  |TAMS 0x0000000087a00000, 0x0000000087900000| Complete 
| 122|0x0000000087a00000, 0x0000000087b00000, 0x0000000087b00000|100%|HC|  |TAMS 0x0000000087b00000, 0x0000000087a00000| Complete 
| 123|0x0000000087b00000, 0x0000000087c00000, 0x0000000087c00000|100%|HC|  |TAMS 0x0000000087c00000, 0x0000000087b00000| Complete 
| 124|0x0000000087c00000, 0x0000000087d00000, 0x0000000087d00000|100%|HC|  |TAMS 0x0000000087d00000, 0x0000000087c00000| Complete 
| 125|0x0000000087d00000, 0x0000000087e00000, 0x0000000087e00000|100%|HC|  |TAMS 0x0000000087e00000, 0x0000000087d00000| Complete 
| 126|0x0000000087e00000, 0x0000000087f00000, 0x0000000087f00000|100%|HC|  |TAMS 0x0000000087f00000, 0x0000000087e00000| Complete 
| 127|0x0000000087f00000, 0x0000000088000000, 0x0000000088000000|100%|HC|  |TAMS 0x0000000088000000, 0x0000000087f00000| Complete 
| 128|0x0000000088000000, 0x0000000088100000, 0x0000000088100000|100%| O|  |TAMS 0x0000000088100000, 0x0000000088000000| Untracked 
| 129|0x0000000088100000, 0x0000000088200000, 0x0000000088200000|100%| O|  |TAMS 0x0000000088200000, 0x0000000088100000| Untracked 
| 130|0x0000000088200000, 0x0000000088300000, 0x0000000088300000|100%| O|  |TAMS 0x0000000088300000, 0x0000000088200000| Untracked 
| 131|0x0000000088300000, 0x0000000088400000, 0x0000000088400000|100%| O|  |TAMS 0x0000000088400000, 0x0000000088300000| Untracked 
| 132|0x0000000088400000, 0x0000000088500000, 0x0000000088500000|100%| O|  |TAMS 0x0000000088500000, 0x0000000088400000| Untracked 
| 133|0x0000000088500000, 0x0000000088600000, 0x0000000088600000|100%| O|  |TAMS 0x0000000088600000, 0x0000000088500000| Untracked 
| 134|0x0000000088600000, 0x0000000088700000, 0x0000000088700000|100%| O|  |TAMS 0x0000000088700000, 0x0000000088600000| Untracked 
| 135|0x0000000088700000, 0x0000000088800000, 0x0000000088800000|100%| O|  |TAMS 0x0000000088800000, 0x0000000088700000| Untracked 
| 136|0x0000000088800000, 0x0000000088900000, 0x0000000088900000|100%| O|  |TAMS 0x0000000088900000, 0x0000000088800000| Untracked 
| 137|0x0000000088900000, 0x0000000088a00000, 0x0000000088a00000|100%| O|  |TAMS 0x0000000088a00000, 0x0000000088900000| Untracked 
| 138|0x0000000088a00000, 0x0000000088b00000, 0x0000000088b00000|100%| O|  |TAMS 0x0000000088b00000, 0x0000000088a00000| Untracked 
| 139|0x0000000088b00000, 0x0000000088c00000, 0x0000000088c00000|100%| O|  |TAMS 0x0000000088c00000, 0x0000000088b00000| Untracked 
| 140|0x0000000088c00000, 0x0000000088d00000, 0x0000000088d00000|100%| O|  |TAMS 0x0000000088d00000, 0x0000000088c00000| Untracked 
| 141|0x0000000088d00000, 0x0000000088e00000, 0x0000000088e00000|100%|HS|  |TAMS 0x0000000088e00000, 0x0000000088d00000| Complete 
| 142|0x0000000088e00000, 0x0000000088f00000, 0x0000000088f00000|100%|HC|  |TAMS 0x0000000088f00000, 0x0000000088e00000| Complete 
| 143|0x0000000088f00000, 0x0000000089000000, 0x0000000089000000|100%|HC|  |TAMS 0x0000000089000000, 0x0000000088f00000| Complete 
| 144|0x0000000089000000, 0x0000000089100000, 0x0000000089100000|100%|HC|  |TAMS 0x0000000089100000, 0x0000000089000000| Complete 
| 145|0x0000000089100000, 0x0000000089200000, 0x0000000089200000|100%| O|  |TAMS 0x0000000089200000, 0x0000000089100000| Untracked 
| 146|0x0000000089200000, 0x0000000089300000, 0x0000000089300000|100%| O|  |TAMS 0x0000000089300000, 0x0000000089200000| Untracked 
| 147|0x0000000089300000, 0x0000000089400000, 0x0000000089400000|100%| O|  |TAMS 0x0000000089400000, 0x0000000089300000| Untracked 
| 148|0x0000000089400000, 0x0000000089500000, 0x0000000089500000|100%| O|  |TAMS 0x0000000089500000, 0x0000000089400000| Untracked 
| 149|0x0000000089500000, 0x0000000089600000, 0x0000000089600000|100%| O|  |TAMS 0x0000000089600000, 0x0000000089500000| Untracked 
| 150|0x0000000089600000, 0x0000000089700000, 0x0000000089700000|100%| O|  |TAMS 0x0000000089700000, 0x0000000089600000| Untracked 
| 151|0x0000000089700000, 0x0000000089800000, 0x0000000089800000|100%| O|  |TAMS 0x0000000089800000, 0x0000000089700000| Untracked 
| 152|0x0000000089800000, 0x0000000089900000, 0x0000000089900000|100%| O|  |TAMS 0x0000000089900000, 0x0000000089800000| Untracked 
| 153|0x0000000089900000, 0x0000000089a00000, 0x0000000089a00000|100%| O|  |TAMS 0x0000000089a00000, 0x0000000089900000| Untracked 
| 154|0x0000000089a00000, 0x0000000089b00000, 0x0000000089b00000|100%| O|  |TAMS 0x0000000089b00000, 0x0000000089a00000| Untracked 
| 155|0x0000000089b00000, 0x0000000089c00000, 0x0000000089c00000|100%| O|  |TAMS 0x0000000089c00000, 0x0000000089b00000| Untracked 
| 156|0x0000000089c00000, 0x0000000089d00000, 0x0000000089d00000|100%| O|  |TAMS 0x0000000089d00000, 0x0000000089c00000| Untracked 
| 157|0x0000000089d00000, 0x0000000089e00000, 0x0000000089e00000|100%| O|  |TAMS 0x0000000089e00000, 0x0000000089d00000| Untracked 
| 158|0x0000000089e00000, 0x0000000089f00000, 0x0000000089f00000|100%| O|  |TAMS 0x0000000089f00000, 0x0000000089e00000| Untracked 
| 159|0x0000000089f00000, 0x000000008a000000, 0x000000008a000000|100%| O|  |TAMS 0x000000008a000000, 0x0000000089f00000| Untracked 
| 160|0x000000008a000000, 0x000000008a100000, 0x000000008a100000|100%| O|  |TAMS 0x000000008a100000, 0x000000008a000000| Untracked 
| 161|0x000000008a100000, 0x000000008a200000, 0x000000008a200000|100%| O|  |TAMS 0x000000008a200000, 0x000000008a100000| Untracked 
| 162|0x000000008a200000, 0x000000008a300000, 0x000000008a300000|100%| O|  |TAMS 0x000000008a300000, 0x000000008a200000| Untracked 
| 163|0x000000008a300000, 0x000000008a400000, 0x000000008a400000|100%| O|  |TAMS 0x000000008a400000, 0x000000008a300000| Untracked 
| 164|0x000000008a400000, 0x000000008a500000, 0x000000008a500000|100%| O|  |TAMS 0x000000008a500000, 0x000000008a400000| Untracked 
| 165|0x000000008a500000, 0x000000008a600000, 0x000000008a600000|100%| O|  |TAMS 0x000000008a600000, 0x000000008a500000| Untracked 
| 166|0x000000008a600000, 0x000000008a700000, 0x000000008a700000|100%| O|  |TAMS 0x000000008a700000, 0x000000008a600000| Untracked 
| 167|0x000000008a700000, 0x000000008a800000, 0x000000008a800000|100%| O|  |TAMS 0x000000008a800000, 0x000000008a700000| Untracked 
| 168|0x000000008a800000, 0x000000008a900000, 0x000000008a900000|100%| O|  |TAMS 0x000000008a900000, 0x000000008a800000| Untracked 
| 169|0x000000008a900000, 0x000000008aa00000, 0x000000008aa00000|100%| O|  |TAMS 0x000000008aa00000, 0x000000008a900000| Untracked 
| 170|0x000000008aa00000, 0x000000008ab00000, 0x000000008ab00000|100%| O|  |TAMS 0x000000008ab00000, 0x000000008aa00000| Untracked 
| 171|0x000000008ab00000, 0x000000008ac00000, 0x000000008ac00000|100%| O|  |TAMS 0x000000008ac00000, 0x000000008ab00000| Untracked 
| 172|0x000000008ac00000, 0x000000008ad00000, 0x000000008ad00000|100%| O|  |TAMS 0x000000008ad00000, 0x000000008ac00000| Untracked 
| 173|0x000000008ad00000, 0x000000008ae00000, 0x000000008ae00000|100%| O|  |TAMS 0x000000008ae00000, 0x000000008ad00000| Untracked 
| 174|0x000000008ae00000, 0x000000008af00000, 0x000000008af00000|100%| O|  |TAMS 0x000000008af00000, 0x000000008ae00000| Untracked 
| 175|0x000000008af00000, 0x000000008b000000, 0x000000008b000000|100%| O|  |TAMS 0x000000008b000000, 0x000000008af00000| Untracked 
| 176|0x000000008b000000, 0x000000008b100000, 0x000000008b100000|100%| O|  |TAMS 0x000000008b100000, 0x000000008b000000| Untracked 
| 177|0x000000008b100000, 0x000000008b200000, 0x000000008b200000|100%| O|  |TAMS 0x000000008b200000, 0x000000008b100000| Untracked 
| 178|0x000000008b200000, 0x000000008b300000, 0x000000008b300000|100%| O|  |TAMS 0x000000008b300000, 0x000000008b200000| Untracked 
| 179|0x000000008b300000, 0x000000008b400000, 0x000000008b400000|100%| O|  |TAMS 0x000000008b400000, 0x000000008b300000| Untracked 
| 180|0x000000008b400000, 0x000000008b500000, 0x000000008b500000|100%| O|  |TAMS 0x000000008b500000, 0x000000008b400000| Untracked 
| 181|0x000000008b500000, 0x000000008b600000, 0x000000008b600000|100%| O|  |TAMS 0x000000008b600000, 0x000000008b500000| Untracked 
| 182|0x000000008b600000, 0x000000008b700000, 0x000000008b700000|100%| O|  |TAMS 0x000000008b700000, 0x000000008b600000| Untracked 
| 183|0x000000008b700000, 0x000000008b800000, 0x000000008b800000|100%| O|  |TAMS 0x000000008b800000, 0x000000008b700000| Untracked 
| 184|0x000000008b800000, 0x000000008b900000, 0x000000008b900000|100%| O|  |TAMS 0x000000008b900000, 0x000000008b800000| Untracked 
| 185|0x000000008b900000, 0x000000008ba00000, 0x000000008ba00000|100%| O|  |TAMS 0x000000008ba00000, 0x000000008b900000| Untracked 
| 186|0x000000008ba00000, 0x000000008bb00000, 0x000000008bb00000|100%| O|  |TAMS 0x000000008bb00000, 0x000000008ba00000| Untracked 
| 187|0x000000008bb00000, 0x000000008bc00000, 0x000000008bc00000|100%| O|  |TAMS 0x000000008bc00000, 0x000000008bb00000| Untracked 
| 188|0x000000008bc00000, 0x000000008bd00000, 0x000000008bd00000|100%| O|  |TAMS 0x000000008bd00000, 0x000000008bc00000| Untracked 
| 189|0x000000008bd00000, 0x000000008be00000, 0x000000008be00000|100%| O|  |TAMS 0x000000008be00000, 0x000000008bd00000| Untracked 
| 190|0x000000008be00000, 0x000000008bf00000, 0x000000008bf00000|100%| O|  |TAMS 0x000000008bf00000, 0x000000008be00000| Untracked 
| 191|0x000000008bf00000, 0x000000008c000000, 0x000000008c000000|100%| O|  |TAMS 0x000000008c000000, 0x000000008bf00000| Untracked 
| 192|0x000000008c000000, 0x000000008c100000, 0x000000008c100000|100%| O|  |TAMS 0x000000008c100000, 0x000000008c000000| Untracked 
| 193|0x000000008c100000, 0x000000008c200000, 0x000000008c200000|100%| O|  |TAMS 0x000000008c200000, 0x000000008c100000| Untracked 
| 194|0x000000008c200000, 0x000000008c300000, 0x000000008c300000|100%| O|  |TAMS 0x000000008c300000, 0x000000008c200000| Untracked 
| 195|0x000000008c300000, 0x000000008c400000, 0x000000008c400000|100%| O|  |TAMS 0x000000008c383000, 0x000000008c300000| Untracked 
| 196|0x000000008c400000, 0x000000008c500000, 0x000000008c500000|100%|HS|  |TAMS 0x000000008c400000, 0x000000008c400000| Complete 
| 197|0x000000008c500000, 0x000000008c600000, 0x000000008c600000|100%|HS|  |TAMS 0x000000008c500000, 0x000000008c500000| Complete 
| 198|0x000000008c600000, 0x000000008c700000, 0x000000008c700000|100%| O|  |TAMS 0x000000008c600000, 0x000000008c600000| Untracked 
| 199|0x000000008c700000, 0x000000008c800000, 0x000000008c800000|100%| O|  |TAMS 0x000000008c700000, 0x000000008c700000| Untracked 
| 200|0x000000008c800000, 0x000000008c900000, 0x000000008c900000|100%| O|  |TAMS 0x000000008c800000, 0x000000008c800000| Untracked 
| 201|0x000000008c900000, 0x000000008ca00000, 0x000000008ca00000|100%| O|  |TAMS 0x000000008c900000, 0x000000008c900000| Untracked 
| 202|0x000000008ca00000, 0x000000008cb00000, 0x000000008cb00000|100%| O|  |TAMS 0x000000008ca00000, 0x000000008ca00000| Untracked 
| 203|0x000000008cb00000, 0x000000008cc00000, 0x000000008cc00000|100%| O|  |TAMS 0x000000008cb00000, 0x000000008cb00000| Untracked 
| 204|0x000000008cc00000, 0x000000008cd00000, 0x000000008cd00000|100%| O|  |TAMS 0x000000008cc00000, 0x000000008cc00000| Untracked 
| 205|0x000000008cd00000, 0x000000008ce00000, 0x000000008ce00000|100%| O|  |TAMS 0x000000008cd00000, 0x000000008cd00000| Untracked 
| 206|0x000000008ce00000, 0x000000008cf00000, 0x000000008cf00000|100%| O|  |TAMS 0x000000008ce00000, 0x000000008ce00000| Untracked 
| 207|0x000000008cf00000, 0x000000008d000000, 0x000000008d000000|100%| O|  |TAMS 0x000000008cf00000, 0x000000008cf00000| Untracked 
| 208|0x000000008d000000, 0x000000008d100000, 0x000000008d100000|100%| O|  |TAMS 0x000000008d000000, 0x000000008d000000| Untracked 
| 209|0x000000008d100000, 0x000000008d200000, 0x000000008d200000|100%| O|  |TAMS 0x000000008d100000, 0x000000008d100000| Untracked 
| 210|0x000000008d200000, 0x000000008d300000, 0x000000008d300000|100%|HS|  |TAMS 0x000000008d200000, 0x000000008d200000| Complete 
| 211|0x000000008d300000, 0x000000008d400000, 0x000000008d400000|100%|HS|  |TAMS 0x000000008d300000, 0x000000008d300000| Complete 
| 212|0x000000008d400000, 0x000000008d500000, 0x000000008d500000|100%| O|  |TAMS 0x000000008d400000, 0x000000008d400000| Untracked 
| 213|0x000000008d500000, 0x000000008d600000, 0x000000008d600000|100%| O|  |TAMS 0x000000008d500000, 0x000000008d500000| Untracked 
| 214|0x000000008d600000, 0x000000008d700000, 0x000000008d700000|100%| O|  |TAMS 0x000000008d600000, 0x000000008d600000| Untracked 
| 215|0x000000008d700000, 0x000000008d800000, 0x000000008d800000|100%| O|  |TAMS 0x000000008d700000, 0x000000008d700000| Untracked 
| 216|0x000000008d800000, 0x000000008d900000, 0x000000008d900000|100%| O|  |TAMS 0x000000008d800000, 0x000000008d800000| Untracked 
| 217|0x000000008d900000, 0x000000008da00000, 0x000000008da00000|100%| O|  |TAMS 0x000000008d900000, 0x000000008d900000| Untracked 
| 218|0x000000008da00000, 0x000000008db00000, 0x000000008db00000|100%| O|  |TAMS 0x000000008da00000, 0x000000008da00000| Untracked 
| 219|0x000000008db00000, 0x000000008db94600, 0x000000008dc00000| 57%| O|  |TAMS 0x000000008db00000, 0x000000008db00000| Untracked 
| 220|0x000000008dc00000, 0x000000008dc00000, 0x000000008dd00000|  0%| F|  |TAMS 0x000000008dc00000, 0x000000008dc00000| Untracked 
| 221|0x000000008dd00000, 0x000000008dd00000, 0x000000008de00000|  0%| F|  |TAMS 0x000000008dd00000, 0x000000008dd00000| Untracked 
| 222|0x000000008de00000, 0x000000008de00000, 0x000000008df00000|  0%| F|  |TAMS 0x000000008de00000, 0x000000008de00000| Untracked 
| 223|0x000000008df00000, 0x000000008df00000, 0x000000008e000000|  0%| F|  |TAMS 0x000000008df00000, 0x000000008df00000| Untracked 
| 224|0x000000008e000000, 0x000000008e000000, 0x000000008e100000|  0%| F|  |TAMS 0x000000008e000000, 0x000000008e000000| Untracked 
| 225|0x000000008e100000, 0x000000008e100000, 0x000000008e200000|  0%| F|  |TAMS 0x000000008e100000, 0x000000008e100000| Untracked 
| 226|0x000000008e200000, 0x000000008e200000, 0x000000008e300000|  0%| F|  |TAMS 0x000000008e200000, 0x000000008e200000| Untracked 
| 227|0x000000008e300000, 0x000000008e300000, 0x000000008e400000|  0%| F|  |TAMS 0x000000008e300000, 0x000000008e300000| Untracked 
| 228|0x000000008e400000, 0x000000008e400000, 0x000000008e500000|  0%| F|  |TAMS 0x000000008e400000, 0x000000008e400000| Untracked 
| 229|0x000000008e500000, 0x000000008e500000, 0x000000008e600000|  0%| F|  |TAMS 0x000000008e500000, 0x000000008e500000| Untracked 
| 230|0x000000008e600000, 0x000000008e600000, 0x000000008e700000|  0%| F|  |TAMS 0x000000008e600000, 0x000000008e600000| Untracked 
| 231|0x000000008e700000, 0x000000008e700000, 0x000000008e800000|  0%| F|  |TAMS 0x000000008e700000, 0x000000008e700000| Untracked 
| 232|0x000000008e800000, 0x000000008e800000, 0x000000008e900000|  0%| F|  |TAMS 0x000000008e800000, 0x000000008e800000| Untracked 
| 233|0x000000008e900000, 0x000000008e900000, 0x000000008ea00000|  0%| F|  |TAMS 0x000000008e900000, 0x000000008e900000| Untracked 
| 234|0x000000008ea00000, 0x000000008ea00000, 0x000000008eb00000|  0%| F|  |TAMS 0x000000008ea00000, 0x000000008ea00000| Untracked 
| 235|0x000000008eb00000, 0x000000008eb00000, 0x000000008ec00000|  0%| F|  |TAMS 0x000000008eb00000, 0x000000008eb00000| Untracked 
| 236|0x000000008ec00000, 0x000000008ec00000, 0x000000008ed00000|  0%| F|  |TAMS 0x000000008ec00000, 0x000000008ec00000| Untracked 
| 237|0x000000008ed00000, 0x000000008ed00000, 0x000000008ee00000|  0%| F|  |TAMS 0x000000008ed00000, 0x000000008ed00000| Untracked 
| 238|0x000000008ee00000, 0x000000008ee00000, 0x000000008ef00000|  0%| F|  |TAMS 0x000000008ee00000, 0x000000008ee00000| Untracked 
| 239|0x000000008ef00000, 0x000000008ef00000, 0x000000008f000000|  0%| F|  |TAMS 0x000000008ef00000, 0x000000008ef00000| Untracked 
| 240|0x000000008f000000, 0x000000008f000000, 0x000000008f100000|  0%| F|  |TAMS 0x000000008f000000, 0x000000008f000000| Untracked 
| 241|0x000000008f100000, 0x000000008f100000, 0x000000008f200000|  0%| F|  |TAMS 0x000000008f100000, 0x000000008f100000| Untracked 
| 242|0x000000008f200000, 0x000000008f200000, 0x000000008f300000|  0%| F|  |TAMS 0x000000008f200000, 0x000000008f200000| Untracked 
| 243|0x000000008f300000, 0x000000008f300000, 0x000000008f400000|  0%| F|  |TAMS 0x000000008f300000, 0x000000008f300000| Untracked 
| 244|0x000000008f400000, 0x000000008f400000, 0x000000008f500000|  0%| F|  |TAMS 0x000000008f400000, 0x000000008f400000| Untracked 
| 245|0x000000008f500000, 0x000000008f500000, 0x000000008f600000|  0%| F|  |TAMS 0x000000008f500000, 0x000000008f500000| Untracked 
| 246|0x000000008f600000, 0x000000008f600000, 0x000000008f700000|  0%| F|  |TAMS 0x000000008f600000, 0x000000008f600000| Untracked 
| 247|0x000000008f700000, 0x000000008f700000, 0x000000008f800000|  0%| F|  |TAMS 0x000000008f700000, 0x000000008f700000| Untracked 
| 248|0x000000008f800000, 0x000000008f800000, 0x000000008f900000|  0%| F|  |TAMS 0x000000008f800000, 0x000000008f800000| Untracked 
| 249|0x000000008f900000, 0x000000008f900000, 0x000000008fa00000|  0%| F|  |TAMS 0x000000008f900000, 0x000000008f900000| Untracked 
| 250|0x000000008fa00000, 0x000000008fa00000, 0x000000008fb00000|  0%| F|  |TAMS 0x000000008fa00000, 0x000000008fa00000| Untracked 
| 251|0x000000008fb00000, 0x000000008fb00000, 0x000000008fc00000|  0%| F|  |TAMS 0x000000008fb00000, 0x000000008fb00000| Untracked 
| 252|0x000000008fc00000, 0x000000008fc00000, 0x000000008fd00000|  0%| F|  |TAMS 0x000000008fc00000, 0x000000008fc00000| Untracked 
| 253|0x000000008fd00000, 0x000000008fd00000, 0x000000008fe00000|  0%| F|  |TAMS 0x000000008fd00000, 0x000000008fd00000| Untracked 
| 254|0x000000008fe00000, 0x000000008fe00000, 0x000000008ff00000|  0%| F|  |TAMS 0x000000008fe00000, 0x000000008fe00000| Untracked 
| 255|0x000000008ff00000, 0x000000008ff00000, 0x0000000090000000|  0%| F|  |TAMS 0x000000008ff00000, 0x000000008ff00000| Untracked 
| 256|0x0000000090000000, 0x0000000090000000, 0x0000000090100000|  0%| F|  |TAMS 0x0000000090000000, 0x0000000090000000| Untracked 
| 257|0x0000000090100000, 0x0000000090100000, 0x0000000090200000|  0%| F|  |TAMS 0x0000000090100000, 0x0000000090100000| Untracked 
| 258|0x0000000090200000, 0x0000000090200000, 0x0000000090300000|  0%| F|  |TAMS 0x0000000090200000, 0x0000000090200000| Untracked 
| 259|0x0000000090300000, 0x0000000090300000, 0x0000000090400000|  0%| F|  |TAMS 0x0000000090300000, 0x0000000090300000| Untracked 
| 260|0x0000000090400000, 0x0000000090400000, 0x0000000090500000|  0%| F|  |TAMS 0x0000000090400000, 0x0000000090400000| Untracked 
| 261|0x0000000090500000, 0x0000000090500000, 0x0000000090600000|  0%| F|  |TAMS 0x0000000090500000, 0x0000000090500000| Untracked 
| 262|0x0000000090600000, 0x0000000090600000, 0x0000000090700000|  0%| F|  |TAMS 0x0000000090600000, 0x0000000090600000| Untracked 
| 263|0x0000000090700000, 0x0000000090700000, 0x0000000090800000|  0%| F|  |TAMS 0x0000000090700000, 0x0000000090700000| Untracked 
| 264|0x0000000090800000, 0x0000000090800000, 0x0000000090900000|  0%| F|  |TAMS 0x0000000090800000, 0x0000000090800000| Untracked 
| 265|0x0000000090900000, 0x0000000090a00000, 0x0000000090a00000|100%| S|CS|TAMS 0x0000000090900000, 0x0000000090900000| Complete 
| 266|0x0000000090a00000, 0x0000000090b00000, 0x0000000090b00000|100%| S|CS|TAMS 0x0000000090a00000, 0x0000000090a00000| Complete 
| 267|0x0000000090b00000, 0x0000000090c00000, 0x0000000090c00000|100%| S|CS|TAMS 0x0000000090b00000, 0x0000000090b00000| Complete 
| 268|0x0000000090c00000, 0x0000000090c00000, 0x0000000090d00000|  0%| F|  |TAMS 0x0000000090c00000, 0x0000000090c00000| Untracked 
| 269|0x0000000090d00000, 0x0000000090d00000, 0x0000000090e00000|  0%| F|  |TAMS 0x0000000090d00000, 0x0000000090d00000| Untracked 
| 270|0x0000000090e00000, 0x0000000090e00000, 0x0000000090f00000|  0%| F|  |TAMS 0x0000000090e00000, 0x0000000090e00000| Untracked 
| 271|0x0000000090f00000, 0x0000000090f00000, 0x0000000091000000|  0%| F|  |TAMS 0x0000000090f00000, 0x0000000090f00000| Untracked 
| 272|0x0000000091000000, 0x0000000091000000, 0x0000000091100000|  0%| F|  |TAMS 0x0000000091000000, 0x0000000091000000| Untracked 
| 273|0x0000000091100000, 0x0000000091100000, 0x0000000091200000|  0%| F|  |TAMS 0x0000000091100000, 0x0000000091100000| Untracked 
| 274|0x0000000091200000, 0x0000000091200000, 0x0000000091300000|  0%| F|  |TAMS 0x0000000091200000, 0x0000000091200000| Untracked 
| 275|0x0000000091300000, 0x0000000091300000, 0x0000000091400000|  0%| F|  |TAMS 0x0000000091300000, 0x0000000091300000| Untracked 
| 276|0x0000000091400000, 0x0000000091400000, 0x0000000091500000|  0%| F|  |TAMS 0x0000000091400000, 0x0000000091400000| Untracked 
| 277|0x0000000091500000, 0x0000000091500000, 0x0000000091600000|  0%| F|  |TAMS 0x0000000091500000, 0x0000000091500000| Untracked 
| 278|0x0000000091600000, 0x0000000091600000, 0x0000000091700000|  0%| F|  |TAMS 0x0000000091600000, 0x0000000091600000| Untracked 
| 279|0x0000000091700000, 0x0000000091700000, 0x0000000091800000|  0%| F|  |TAMS 0x0000000091700000, 0x0000000091700000| Untracked 
| 280|0x0000000091800000, 0x0000000091800000, 0x0000000091900000|  0%| F|  |TAMS 0x0000000091800000, 0x0000000091800000| Untracked 
| 281|0x0000000091900000, 0x0000000091900000, 0x0000000091a00000|  0%| F|  |TAMS 0x0000000091900000, 0x0000000091900000| Untracked 
| 282|0x0000000091a00000, 0x0000000091a00000, 0x0000000091b00000|  0%| F|  |TAMS 0x0000000091a00000, 0x0000000091a00000| Untracked 
| 283|0x0000000091b00000, 0x0000000091b00000, 0x0000000091c00000|  0%| F|  |TAMS 0x0000000091b00000, 0x0000000091b00000| Untracked 
| 284|0x0000000091c00000, 0x0000000091c00000, 0x0000000091d00000|  0%| F|  |TAMS 0x0000000091c00000, 0x0000000091c00000| Untracked 
| 285|0x0000000091d00000, 0x0000000091d00000, 0x0000000091e00000|  0%| F|  |TAMS 0x0000000091d00000, 0x0000000091d00000| Untracked 

Card table byte_map: [0x0000028ff4540000,0x0000028ff4940000] _byte_map_base: 0x0000028ff4140000

Marking Bits (Prev, Next): (CMBitMap*) 0x0000028fe13347e0, (CMBitMap*) 0x0000028fe13347a8
 Prev Bits: [0x0000028ff6d40000, 0x0000028ff8d40000)
 Next Bits: [0x0000028ff4d40000, 0x0000028ff6d40000)

Polling page: 0x0000028fdf2b0000

Metaspace:

Usage:
  Non-class:     80.14 MB capacity,    78.60 MB ( 98%) used,     1.25 MB (  2%) free+waste,   304.50 KB ( <1%) overhead. 
      Class:     12.97 MB capacity,    11.98 MB ( 92%) used,   871.36 KB (  7%) free+waste,   138.25 KB (  1%) overhead. 
       Both:     93.11 MB capacity,    90.58 MB ( 97%) used,     2.10 MB (  2%) free+waste,   442.75 KB ( <1%) overhead. 

Virtual space:
  Non-class space:       82.00 MB reserved,      80.36 MB ( 98%) committed 
      Class space:        1.00 GB reserved,      13.15 MB (  1%) committed 
             Both:        1.08 GB reserved,      93.50 MB (  8%) committed 

Chunk freelists:
   Non-Class:  88.00 KB
       Class:  64.00 KB
        Both:  152.00 KB

MaxMetaspaceSize: 17179869184.00 GB
CompressedClassSpaceSize: 1.00 GB
Initial GC threshold: 20.80 MB
Current GC threshold: 153.34 MB
CDS: off

CodeHeap 'non-profiled nmethods': size=120000Kb used=7151Kb max_used=7151Kb free=112849Kb
 bounds [0x0000028fec8e0000, 0x0000028fecfe0000, 0x0000028ff3e10000]
CodeHeap 'profiled nmethods': size=120000Kb used=24063Kb max_used=24063Kb free=95936Kb
 bounds [0x0000028fe53b0000, 0x0000028fe6b30000, 0x0000028fec8e0000]
CodeHeap 'non-nmethods': size=5760Kb used=2400Kb max_used=2484Kb free=3359Kb
 bounds [0x0000028fe4e10000, 0x0000028fe5090000, 0x0000028fe53b0000]
 total_blobs=12264 nmethods=11342 adapters=834
 compilation: enabled
              stopped_count=0, restarted_count=0
 full_count=0

Compilation events (20 events):
Event: 31.593 Thread 0x0000028f80883000 nmethod 11013 0x0000028fecfd9a10 code [0x0000028fecfd9ba0, 0x0000028fecfd9cd8]
Event: 31.593 Thread 0x0000028f80883000 11144       4       com.android.tools.r8.graph.T0::F (2 bytes)
Event: 31.594 Thread 0x0000028f80883000 nmethod 11144 0x0000028fecfd9d90 code [0x0000028fecfd9f20, 0x0000028fecfd9f78]
Event: 31.594 Thread 0x0000028f80883000 11231       4       com.android.tools.r8.graph.U::<init> (5 bytes)
Event: 31.595 Thread 0x0000028f80883000 nmethod 11231 0x0000028fecfda090 code [0x0000028fecfda220, 0x0000028fecfda278]
Event: 31.595 Thread 0x0000028f80883000 11162       4       com.android.tools.r8.graph.c0$a::m0 (31 bytes)
Event: 31.596 Thread 0x0000028f80883000 nmethod 11162 0x0000028fecfda390 code [0x0000028fecfda540, 0x0000028fecfda618]
Event: 31.596 Thread 0x0000028f80883000 11467       4       com.android.tools.r8.graph.c::d (12 bytes)
Event: 31.597 Thread 0x0000028f80883000 nmethod 11467 0x0000028fecfda710 code [0x0000028fecfda8a0, 0x0000028fecfda8f8]
Event: 31.597 Thread 0x0000028f80883000 11524       4       com.android.tools.r8.graph.c::p (12 bytes)
Event: 31.597 Thread 0x0000028f80883000 nmethod 11524 0x0000028fecfdaa10 code [0x0000028fecfdaba0, 0x0000028fecfdac18]
Event: 31.598 Thread 0x0000028f80883000 11456       4       com.android.tools.r8.graph.a1::get (2 bytes)
Event: 31.598 Thread 0x0000028f80883000 nmethod 11456 0x0000028fecfdad10 code [0x0000028fecfdaea0, 0x0000028fecfdaef8]
Event: 31.598 Thread 0x0000028f80883000 11473       4       jdk.internal.misc.Unsafe::getObjectAcquire (7 bytes)
Event: 31.600 Thread 0x0000028f80883000 nmethod 11473 0x0000028fecfdb010 code [0x0000028fecfdb1a0, 0x0000028fecfdb238]
Event: 31.600 Thread 0x0000028f80883000 11474       4       java.lang.invoke.VarHandleObjects$Array::runtimeTypeCheck (26 bytes)
Event: 31.602 Thread 0x0000028f80883000 nmethod 11474 0x0000028fecfdb310 code [0x0000028fecfdb4a0, 0x0000028fecfdb5b8]
Event: 31.604 Thread 0x0000028f80883000 11546       4       java.security.SecureClassLoader$CodeSourceKey::hashCode (21 bytes)
Event: 31.610 Thread 0x0000028f80883000 nmethod 11546 0x0000028fecfdb710 code [0x0000028fecfdb8a0, 0x0000028fecfdba98]
Event: 31.631 Thread 0x0000028f80883000 11547   !   4       java.net.URLClassLoader::defineClass (224 bytes)

GC Heap History (20 events):
Event: 29.831 GC heap after
{Heap after GC invocations=31 (full 0):
 garbage-first heap   total 175104K, used 139196K [0x0000000080000000, 0x0000000100000000)
  region size 1024K, 2 young (2048K), 2 survivors (2048K)
 Metaspace       used 88468K, capacity 90902K, committed 91396K, reserved 1128448K
  class space    used 11549K, capacity 12508K, committed 12696K, reserved 1048576K
}
Event: 29.877 GC heap before
{Heap before GC invocations=32 (full 0):
 garbage-first heap   total 175104K, used 148412K [0x0000000080000000, 0x0000000100000000)
  region size 1024K, 10 young (10240K), 2 survivors (2048K)
 Metaspace       used 88468K, capacity 90902K, committed 91396K, reserved 1128448K
  class space    used 11549K, capacity 12508K, committed 12696K, reserved 1048576K
}
Event: 29.885 GC heap after
{Heap after GC invocations=33 (full 0):
 garbage-first heap   total 175104K, used 143970K [0x0000000080000000, 0x0000000100000000)
  region size 1024K, 2 young (2048K), 2 survivors (2048K)
 Metaspace       used 88468K, capacity 90902K, committed 91396K, reserved 1128448K
  class space    used 11549K, capacity 12508K, committed 12696K, reserved 1048576K
}
Event: 29.916 GC heap before
{Heap before GC invocations=33 (full 0):
 garbage-first heap   total 175104K, used 149090K [0x0000000080000000, 0x0000000100000000)
  region size 1024K, 8 young (8192K), 2 survivors (2048K)
 Metaspace       used 88468K, capacity 90902K, committed 91396K, reserved 1128448K
  class space    used 11549K, capacity 12508K, committed 12696K, reserved 1048576K
}
Event: 29.926 GC heap after
{Heap after GC invocations=34 (full 0):
 garbage-first heap   total 210944K, used 146850K [0x0000000080000000, 0x0000000100000000)
  region size 1024K, 1 young (1024K), 1 survivors (1024K)
 Metaspace       used 88468K, capacity 90902K, committed 91396K, reserved 1128448K
  class space    used 11549K, capacity 12508K, committed 12696K, reserved 1048576K
}
Event: 30.309 GC heap before
{Heap before GC invocations=35 (full 0):
 garbage-first heap   total 210944K, used 161186K [0x0000000080000000, 0x0000000100000000)
  region size 1024K, 16 young (16384K), 1 survivors (1024K)
 Metaspace       used 90571K, capacity 93179K, committed 93316K, reserved 1130496K
  class space    used 12041K, capacity 13076K, committed 13080K, reserved 1048576K
}
Event: 30.321 GC heap after
{Heap after GC invocations=36 (full 0):
 garbage-first heap   total 210944K, used 150887K [0x0000000080000000, 0x0000000100000000)
  region size 1024K, 2 young (2048K), 2 survivors (2048K)
 Metaspace       used 90571K, capacity 93179K, committed 93316K, reserved 1130496K
  class space    used 12041K, capacity 13076K, committed 13080K, reserved 1048576K
}
Event: 30.480 GC heap before
{Heap before GC invocations=36 (full 0):
 garbage-first heap   total 210944K, used 165223K [0x0000000080000000, 0x0000000100000000)
  region size 1024K, 17 young (17408K), 2 survivors (2048K)
 Metaspace       used 90872K, capacity 93482K, committed 93700K, reserved 1130496K
  class space    used 12060K, capacity 13112K, committed 13208K, reserved 1048576K
}
Event: 30.493 GC heap after
{Heap after GC invocations=37 (full 0):
 garbage-first heap   total 210944K, used 158720K [0x0000000080000000, 0x0000000100000000)
  region size 1024K, 3 young (3072K), 3 survivors (3072K)
 Metaspace       used 90872K, capacity 93482K, committed 93700K, reserved 1130496K
  class space    used 12060K, capacity 13112K, committed 13208K, reserved 1048576K
}
Event: 30.571 GC heap before
{Heap before GC invocations=37 (full 0):
 garbage-first heap   total 210944K, used 172032K [0x0000000080000000, 0x0000000100000000)
  region size 1024K, 16 young (16384K), 3 survivors (3072K)
 Metaspace       used 90928K, capacity 93549K, committed 93700K, reserved 1130496K
  class space    used 12060K, capacity 13112K, committed 13208K, reserved 1048576K
}
Event: 30.580 GC heap after
{Heap after GC invocations=38 (full 0):
 garbage-first heap   total 210944K, used 166433K [0x0000000080000000, 0x0000000100000000)
  region size 1024K, 2 young (2048K), 2 survivors (2048K)
 Metaspace       used 90928K, capacity 93549K, committed 93700K, reserved 1130496K
  class space    used 12060K, capacity 13112K, committed 13208K, reserved 1048576K
}
Event: 30.623 GC heap before
{Heap before GC invocations=38 (full 0):
 garbage-first heap   total 210944K, used 175649K [0x0000000080000000, 0x0000000100000000)
  region size 1024K, 11 young (11264K), 2 survivors (2048K)
 Metaspace       used 90967K, capacity 93556K, committed 93700K, reserved 1130496K
  class space    used 12060K, capacity 13112K, committed 13208K, reserved 1048576K
}
Event: 30.635 GC heap after
{Heap after GC invocations=39 (full 0):
 garbage-first heap   total 292864K, used 171892K [0x0000000080000000, 0x0000000100000000)
  region size 1024K, 2 young (2048K), 2 survivors (2048K)
 Metaspace       used 90967K, capacity 93556K, committed 93700K, reserved 1130496K
  class space    used 12060K, capacity 13112K, committed 13208K, reserved 1048576K
}
Event: 30.819 GC heap before
{Heap before GC invocations=39 (full 0):
 garbage-first heap   total 292864K, used 202612K [0x0000000080000000, 0x0000000100000000)
  region size 1024K, 33 young (33792K), 2 survivors (2048K)
 Metaspace       used 91013K, capacity 93630K, committed 93956K, reserved 1130496K
  class space    used 12060K, capacity 13112K, committed 13208K, reserved 1048576K
}
Event: 30.840 GC heap after
{Heap after GC invocations=40 (full 0):
 garbage-first heap   total 292864K, used 189440K [0x0000000080000000, 0x0000000100000000)
  region size 1024K, 5 young (5120K), 5 survivors (5120K)
 Metaspace       used 91013K, capacity 93630K, committed 93956K, reserved 1130496K
  class space    used 12060K, capacity 13112K, committed 13208K, reserved 1048576K
}
Event: 30.959 GC heap before
{Heap before GC invocations=41 (full 0):
 garbage-first heap   total 292864K, used 214016K [0x0000000080000000, 0x0000000100000000)
  region size 1024K, 31 young (31744K), 5 survivors (5120K)
 Metaspace       used 91020K, capacity 93630K, committed 93956K, reserved 1130496K
  class space    used 12060K, capacity 13112K, committed 13208K, reserved 1048576K
}
Event: 30.985 GC heap after
{Heap after GC invocations=42 (full 0):
 garbage-first heap   total 292864K, used 204300K [0x0000000080000000, 0x0000000100000000)
  region size 1024K, 4 young (4096K), 4 survivors (4096K)
 Metaspace       used 91020K, capacity 93630K, committed 93956K, reserved 1130496K
  class space    used 12060K, capacity 13112K, committed 13208K, reserved 1048576K
}
Event: 31.096 GC heap before
{Heap before GC invocations=42 (full 0):
 garbage-first heap   total 292864K, used 228876K [0x0000000080000000, 0x0000000100000000)
  region size 1024K, 26 young (26624K), 4 survivors (4096K)
 Metaspace       used 91021K, capacity 93630K, committed 93956K, reserved 1130496K
  class space    used 12060K, capacity 13112K, committed 13208K, reserved 1048576K
}
Event: 31.113 GC heap after
{Heap after GC invocations=43 (full 0):
 garbage-first heap   total 292864K, used 219129K [0x0000000080000000, 0x0000000100000000)
  region size 1024K, 4 young (4096K), 4 survivors (4096K)
 Metaspace       used 91021K, capacity 93630K, committed 93956K, reserved 1130496K
  class space    used 12060K, capacity 13112K, committed 13208K, reserved 1048576K
}
Event: 31.648 GC heap before
{Heap before GC invocations=44 (full 0):
 garbage-first heap   total 292864K, used 238585K [0x0000000080000000, 0x0000000100000000)
  region size 1024K, 22 young (22528K), 4 survivors (4096K)
 Metaspace       used 92756K, capacity 95348K, committed 95748K, reserved 1132544K
  class space    used 12270K, capacity 13280K, committed 13464K, reserved 1048576K
}

Deoptimization events (20 events):
Event: 31.165 Thread 0x0000028f85a58800 DEOPT PACKING pc=0x0000028fe6ace06c sp=0x000000c8cabfe810
Event: 31.165 Thread 0x0000028f85a58800 DEOPT UNPACKING pc=0x0000028fe4e5a95e sp=0x000000c8cabfddb8 mode 0
Event: 31.166 Thread 0x0000028f85a58800 DEOPT PACKING pc=0x0000028fe6ace06c sp=0x000000c8cabfe810
Event: 31.166 Thread 0x0000028f85a58800 DEOPT UNPACKING pc=0x0000028fe4e5a95e sp=0x000000c8cabfddb8 mode 0
Event: 31.482 Thread 0x0000028f85372000 Uncommon trap: trap_request=0xffffff4d fr.pc=0x0000028fece6cb90 relative=0x0000000000000590
Event: 31.482 Thread 0x0000028f85372000 Uncommon trap: reason=unstable_if action=reinterpret pc=0x0000028fece6cb90 method=sun.security.provider.DigestBase.engineUpdate([BII)V @ 1 c2
Event: 31.482 Thread 0x0000028f85372000 DEOPT PACKING pc=0x0000028fece6cb90 sp=0x000000c8ca3fd2a0
Event: 31.482 Thread 0x0000028f85372000 DEOPT UNPACKING pc=0x0000028fe4e5a1af sp=0x000000c8ca3fd278 mode 2
Event: 31.494 Thread 0x0000028f85372000 Uncommon trap: trap_request=0xffffffde fr.pc=0x0000028fecfa0658 relative=0x0000000000000278
Event: 31.494 Thread 0x0000028f85372000 Uncommon trap: reason=class_check action=maybe_recompile pc=0x0000028fecfa0658 method=java.util.Map.computeIfAbsent(Ljava/lang/Object;Ljava/util/function/Function;)Ljava/lang/Object; @ 7 c2
Event: 31.494 Thread 0x0000028f85372000 DEOPT PACKING pc=0x0000028fecfa0658 sp=0x000000c8ca3fd5e0
Event: 31.494 Thread 0x0000028f85372000 DEOPT UNPACKING pc=0x0000028fe4e5a1af sp=0x000000c8ca3fd598 mode 2
Event: 31.497 Thread 0x0000028f85372000 Uncommon trap: trap_request=0xffffffde fr.pc=0x0000028fecfa0658 relative=0x0000000000000278
Event: 31.497 Thread 0x0000028f85372000 Uncommon trap: reason=class_check action=maybe_recompile pc=0x0000028fecfa0658 method=java.util.Map.computeIfAbsent(Ljava/lang/Object;Ljava/util/function/Function;)Ljava/lang/Object; @ 7 c2
Event: 31.497 Thread 0x0000028f85372000 DEOPT PACKING pc=0x0000028fecfa0658 sp=0x000000c8ca3fd5e0
Event: 31.497 Thread 0x0000028f85372000 DEOPT UNPACKING pc=0x0000028fe4e5a1af sp=0x000000c8ca3fd598 mode 2
Event: 31.498 Thread 0x0000028f85372000 Uncommon trap: trap_request=0xffffffde fr.pc=0x0000028fecfa0658 relative=0x0000000000000278
Event: 31.498 Thread 0x0000028f85372000 Uncommon trap: reason=class_check action=maybe_recompile pc=0x0000028fecfa0658 method=java.util.Map.computeIfAbsent(Ljava/lang/Object;Ljava/util/function/Function;)Ljava/lang/Object; @ 7 c2
Event: 31.498 Thread 0x0000028f85372000 DEOPT PACKING pc=0x0000028fecfa0658 sp=0x000000c8ca3fd5e0
Event: 31.498 Thread 0x0000028f85372000 DEOPT UNPACKING pc=0x0000028fe4e5a1af sp=0x000000c8ca3fd598 mode 2

Classes redefined (0 events):
No events

Internal exceptions (20 events):
Event: 27.119 Thread 0x0000028ffd2c3000 Implicit null exception at 0x0000028fecec2629 to 0x0000028fecec2ffc
Event: 27.151 Thread 0x0000028ffd2b7800 Implicit null exception at 0x0000028fecec855b to 0x0000028fecec85ec
Event: 27.321 Thread 0x0000028f85366800 Exception <a 'java/lang/NoSuchMethodError'{0x0000000089568770}: 'java.lang.Object java.lang.invoke.DirectMethodHandle$Holder.invokeStatic(java.lang.Object, java.lang.Object, java.lang.Object, java.lang.Object, java.lang.Object, java.lang.Object, java.lang.Object, java.lang.Object, java.lang.Object, java.lang.Object, java.lang.Object, java.lang.Object, java.lang.Object, java.lang.Object, java.lang.Object, int)'> (0x0000000089568770) thrown at [src/hotspot/share/interpreter/linkResolver.cpp, line 773]
Event: 27.351 Thread 0x0000028ffd2c3000 Implicit null exception at 0x0000028feced32bc to 0x0000028feced3d64
Event: 27.351 Thread 0x0000028f80cbe000 Implicit null exception at 0x0000028feced32bc to 0x0000028feced3d64
Event: 27.351 Thread 0x0000028ffd2ba000 Implicit null exception at 0x0000028feced32bc to 0x0000028feced3d64
Event: 27.548 Thread 0x0000028f85366800 Exception <a 'java/lang/NoSuchMethodError'{0x000000008813f3d0}: <clinit>> (0x000000008813f3d0) thrown at [src/hotspot/share/prims/jni.cpp, line 1367]
Event: 27.548 Thread 0x0000028f85366800 Exception <a 'java/lang/NoSuchMethodError'{0x0000000088140b88}: <clinit>> (0x0000000088140b88) thrown at [src/hotspot/share/prims/jni.cpp, line 1367]
Event: 27.548 Thread 0x0000028f85366800 Exception <a 'java/lang/NoSuchMethodError'{0x0000000088144238}: <clinit>> (0x0000000088144238) thrown at [src/hotspot/share/prims/jni.cpp, line 1367]
Event: 27.551 Thread 0x0000028f85366800 Exception <a 'java/lang/NoSuchMethodError'{0x000000008815bf20}: <clinit>> (0x000000008815bf20) thrown at [src/hotspot/share/prims/jni.cpp, line 1367]
Event: 27.551 Thread 0x0000028f85366800 Exception <a 'java/lang/NoSuchMethodError'{0x000000008815d158}: <clinit>> (0x000000008815d158) thrown at [src/hotspot/share/prims/jni.cpp, line 1367]
Event: 28.994 Thread 0x0000028f85372000 Exception <a 'sun/nio/fs/WindowsException'{0x00000000898d8e58}> (0x00000000898d8e58) thrown at [src/hotspot/share/prims/jni.cpp, line 617]
Event: 29.073 Thread 0x0000028f85372000 Exception <a 'java/lang/NoSuchMethodError'{0x00000000896f95b0}: 'java.lang.Object java.lang.invoke.DirectMethodHandle$Holder.newInvokeSpecial(java.lang.Object, int)'> (0x00000000896f95b0) thrown at [src/hotspot/share/interpreter/linkResolver.cpp, line 773]
Event: 29.356 Thread 0x0000028f85372000 Exception <a 'java/lang/NoSuchMethodError'{0x0000000088fb82e0}: 'java.lang.Object java.lang.invoke.DirectMethodHandle$Holder.invokeStaticInit(java.lang.Object, java.lang.Object, java.lang.Object, java.lang.Object, java.lang.Object, java.lang.Object, java.lang.Object, java.lang.Object, java.lang.Object, java.lang.Object, java.lang.Object, java.lang.Object, java.lang.Object, java.lang.Object, java.lang.Object, java.lang.Object, java.lang.Object, java.lang.Object, java.lang.Object, int, java.lang.Object, java
Event: 29.897 Thread 0x0000028f85372000 Implicit null exception at 0x0000028fecf6e29c to 0x0000028fecf6edfc
Event: 30.225 Thread 0x0000028f8536e000 Exception <a 'java/lang/IncompatibleClassChangeError'{0x000000008c2d0240}: Found class java.lang.Object, but interface was expected> (0x000000008c2d0240) thrown at [src/hotspot/share/interpreter/linkResolver.cpp, line 839]
Event: 30.238 Thread 0x0000028f8536e000 Exception <a 'java/lang/IncompatibleClassChangeError'{0x000000008c125138}: Found class java.lang.Object, but interface was expected> (0x000000008c125138) thrown at [src/hotspot/share/interpreter/linkResolver.cpp, line 839]
Event: 30.240 Thread 0x0000028f8536e000 Exception <a 'java/lang/IncompatibleClassChangeError'{0x000000008c12c588}: Found class java.lang.Object, but interface was expected> (0x000000008c12c588) thrown at [src/hotspot/share/interpreter/linkResolver.cpp, line 839]
Event: 31.534 Thread 0x0000028f85372000 Exception <a 'java/lang/NoSuchMethodError'{0x0000000090f21c28}: 'void java.lang.invoke.DirectMethodHandle$Holder.invokeStatic(java.lang.Object, java.lang.Object, java.lang.Object, int)'> (0x0000000090f21c28) thrown at [src/hotspot/share/interpreter/linkResolver.cpp, line 773]
Event: 31.535 Thread 0x0000028f85372000 Exception <a 'java/lang/IncompatibleClassChangeError'{0x0000000090f29a60}: Found class java.lang.Object, but interface was expected> (0x0000000090f29a60) thrown at [src/hotspot/share/interpreter/linkResolver.cpp, line 839]

Events (20 events):
Event: 31.641 loading class com/android/tools/r8/internal/lb done
Event: 31.642 loading class com/android/tools/r8/internal/T00
Event: 31.642 loading class com/android/tools/r8/internal/T00 done
Event: 31.643 loading class com/android/tools/r8/internal/tk
Event: 31.643 loading class com/android/tools/r8/internal/tk done
Event: 31.644 loading class com/android/tools/r8/internal/xf
Event: 31.644 loading class com/android/tools/r8/internal/xf done
Event: 31.645 loading class com/android/tools/r8/internal/H3
Event: 31.645 loading class com/android/tools/r8/internal/H3 done
Event: 31.646 loading class com/android/tools/r8/internal/G3
Event: 31.646 loading class com/android/tools/r8/internal/G3 done
Event: 31.647 loading class com/android/tools/r8/graph/g
Event: 31.647 loading class com/android/tools/r8/graph/g done
Event: 31.647 loading class com/android/tools/r8/AssertionsConfiguration
Event: 31.647 loading class com/android/tools/r8/AssertionsConfiguration done
Event: 31.647 loading class com/android/tools/r8/graph/g
Event: 31.647 loading class com/android/tools/r8/graph/g done
Event: 31.647 loading class com/android/tools/r8/internal/lp
Event: 31.647 loading class com/android/tools/r8/internal/lp done
Event: 31.647 Executing VM operation: G1CollectForAllocation


Dynamic libraries:
0x00007ff727810000 - 0x00007ff72781a000 	D:\Apps\Android\Android Studio\jbr\bin\java.exe
0x00007ff9fc210000 - 0x00007ff9fc424000 	C:\WINDOWS\SYSTEM32\ntdll.dll
0x00007ff9fbb20000 - 0x00007ff9fbbe2000 	C:\WINDOWS\System32\KERNEL32.DLL
0x00007ff9f9c60000 - 0x00007ff9fa003000 	C:\WINDOWS\System32\KERNELBASE.dll
0x00007ff9f9b40000 - 0x00007ff9f9c51000 	C:\WINDOWS\System32\ucrtbase.dll
0x00007ff9ea050000 - 0x00007ff9ea067000 	D:\Apps\Android\Android Studio\jbr\bin\jli.dll
0x00007ff9ea9e0000 - 0x00007ff9ea9fb000 	D:\Apps\Android\Android Studio\jbr\bin\VCRUNTIME140.dll
0x00007ff9fa630000 - 0x00007ff9fa7db000 	C:\WINDOWS\System32\USER32.dll
0x00007ff9ebc50000 - 0x00007ff9ebede000 	C:\WINDOWS\WinSxS\amd64_microsoft.windows.common-controls_6595b64144ccf1df_6.0.22621.1635_none_270f70857386168e\COMCTL32.dll
0x00007ff9faef0000 - 0x00007ff9faf97000 	C:\WINDOWS\System32\msvcrt.dll
0x00007ff9f9a20000 - 0x00007ff9f9a46000 	C:\WINDOWS\System32\win32u.dll
0x00007ff9fb0c0000 - 0x00007ff9fb0e9000 	C:\WINDOWS\System32\GDI32.dll
0x00007ff9f9900000 - 0x00007ff9f9a18000 	C:\WINDOWS\System32\gdi32full.dll
0x00007ff9f9630000 - 0x00007ff9f96ca000 	C:\WINDOWS\System32\msvcp_win.dll
0x00007ff9fb0f0000 - 0x00007ff9fb121000 	C:\WINDOWS\System32\IMM32.DLL
0x00007ff9ef620000 - 0x00007ff9ef62c000 	D:\Apps\Android\Android Studio\jbr\bin\vcruntime140_1.dll
0x00007ff9be5d0000 - 0x00007ff9be65d000 	D:\Apps\Android\Android Studio\jbr\bin\msvcp140.dll
0x00007ff98a990000 - 0x00007ff98b54c000 	D:\Apps\Android\Android Studio\jbr\bin\server\jvm.dll
0x00007ff9fa7e0000 - 0x00007ff9fa88e000 	C:\WINDOWS\System32\ADVAPI32.dll
0x00007ff9fb930000 - 0x00007ff9fb9d4000 	C:\WINDOWS\System32\sechost.dll
0x00007ff9fab70000 - 0x00007ff9fac87000 	C:\WINDOWS\System32\RPCRT4.dll
0x00007ff9fa010000 - 0x00007ff9fa018000 	C:\WINDOWS\System32\PSAPI.DLL
0x00007ff9f22c0000 - 0x00007ff9f22ca000 	C:\WINDOWS\SYSTEM32\VERSION.dll
0x00007ff9f1db0000 - 0x00007ff9f1db9000 	C:\WINDOWS\SYSTEM32\WSOCK32.dll
0x00007ff9f2fb0000 - 0x00007ff9f2fe4000 	C:\WINDOWS\SYSTEM32\WINMM.dll
0x00007ff9fa970000 - 0x00007ff9fa9e1000 	C:\WINDOWS\System32\WS2_32.dll
0x00007ff9f8640000 - 0x00007ff9f8658000 	C:\WINDOWS\SYSTEM32\kernel.appcore.dll
0x00007ff9f1d10000 - 0x00007ff9f1d20000 	D:\Apps\Android\Android Studio\jbr\bin\verify.dll
0x00007ff9f11c0000 - 0x00007ff9f13ee000 	C:\WINDOWS\SYSTEM32\DBGHELP.DLL
0x00007ff9fbe40000 - 0x00007ff9fc1c9000 	C:\WINDOWS\System32\combase.dll
0x00007ff9fa890000 - 0x00007ff9fa967000 	C:\WINDOWS\System32\OLEAUT32.dll
0x00007ff9f1520000 - 0x00007ff9f1552000 	C:\WINDOWS\SYSTEM32\dbgcore.DLL
0x00007ff9f9ac0000 - 0x00007ff9f9b3b000 	C:\WINDOWS\System32\bcryptPrimitives.dll
0x00007ff9eacd0000 - 0x00007ff9eacf8000 	D:\Apps\Android\Android Studio\jbr\bin\java.dll
0x00007ff9f0930000 - 0x00007ff9f093a000 	D:\Apps\Android\Android Studio\jbr\bin\jimage.dll
0x00007ff9f0180000 - 0x00007ff9f0198000 	D:\Apps\Android\Android Studio\jbr\bin\zip.dll
0x00007ff9fb130000 - 0x00007ff9fb92a000 	C:\WINDOWS\System32\SHELL32.dll
0x00007ff9f75c0000 - 0x00007ff9f7e8e000 	C:\WINDOWS\SYSTEM32\windows.storage.dll
0x00007ff9f7480000 - 0x00007ff9f75be000 	C:\WINDOWS\SYSTEM32\wintypes.dll
0x00007ff9faa70000 - 0x00007ff9fab61000 	C:\WINDOWS\System32\SHCORE.dll
0x00007ff9fba00000 - 0x00007ff9fba5e000 	C:\WINDOWS\System32\shlwapi.dll
0x00007ff9f9560000 - 0x00007ff9f9581000 	C:\WINDOWS\SYSTEM32\profapi.dll
0x00007ff9ef630000 - 0x00007ff9ef649000 	D:\Apps\Android\Android Studio\jbr\bin\net.dll
0x00007ff9f2ca0000 - 0x00007ff9f2dd7000 	C:\WINDOWS\SYSTEM32\WINHTTP.dll
0x00007ff9f8aa0000 - 0x00007ff9f8b09000 	C:\WINDOWS\system32\mswsock.dll
0x00007ff9d3ba0000 - 0x00007ff9d3bb3000 	D:\Apps\Android\Android Studio\jbr\bin\nio.dll
0x00007ff9ded30000 - 0x00007ff9ded57000 	C:\Users\lyesr\.gradle\native\e1d6ef7f7dcc3fd88c89a11ec53ec762bb8ba0a96d01ffa2cd45eb1d1d8dd5c5\windows-amd64\native-platform.dll
0x00007ff9b6d30000 - 0x00007ff9b6e74000 	C:\Users\lyesr\.gradle\native\0d407fdbe67a94daf76414ababcb853783967236a71b16ec16e742cd7a986fd3\windows-amd64\native-platform-file-events.dll
0x00007ff9e1f00000 - 0x00007ff9e1f0a000 	D:\Apps\Android\Android Studio\jbr\bin\management.dll
0x00007ff9e0cd0000 - 0x00007ff9e0cdb000 	D:\Apps\Android\Android Studio\jbr\bin\management_ext.dll
0x00007ff9f8dc0000 - 0x00007ff9f8ddb000 	C:\WINDOWS\SYSTEM32\CRYPTSP.dll
0x00007ff9f85b0000 - 0x00007ff9f85e5000 	C:\WINDOWS\system32\rsaenh.dll
0x00007ff9f8b40000 - 0x00007ff9f8b68000 	C:\WINDOWS\SYSTEM32\USERENV.dll
0x00007ff9f8ef0000 - 0x00007ff9f8f18000 	C:\WINDOWS\SYSTEM32\bcrypt.dll
0x00007ff9f8da0000 - 0x00007ff9f8dac000 	C:\WINDOWS\SYSTEM32\CRYPTBASE.dll
0x00007ff9f8130000 - 0x00007ff9f815d000 	C:\WINDOWS\SYSTEM32\IPHLPAPI.DLL
0x00007ff9faee0000 - 0x00007ff9faee9000 	C:\WINDOWS\System32\NSI.dll
0x00007ff9f33a0000 - 0x00007ff9f33b9000 	C:\WINDOWS\SYSTEM32\dhcpcsvc6.DLL
0x00007ff9f2bb0000 - 0x00007ff9f2bcf000 	C:\WINDOWS\SYSTEM32\dhcpcsvc.DLL
0x00007ff9f8160000 - 0x00007ff9f8253000 	C:\WINDOWS\SYSTEM32\DNSAPI.dll

dbghelp: loaded successfully - version: 4.0.5 - missing functions: none
symbol engine: initialized successfully - sym options: 0x614 - pdb path: .;D:\Apps\Android\Android Studio\jbr\bin;C:\WINDOWS\SYSTEM32;C:\WINDOWS\WinSxS\amd64_microsoft.windows.common-controls_6595b64144ccf1df_6.0.22621.1635_none_270f70857386168e;D:\Apps\Android\Android Studio\jbr\bin\server;C:\Users\lyesr\.gradle\native\e1d6ef7f7dcc3fd88c89a11ec53ec762bb8ba0a96d01ffa2cd45eb1d1d8dd5c5\windows-amd64;C:\Users\lyesr\.gradle\native\0d407fdbe67a94daf76414ababcb853783967236a71b16ec16e742cd7a986fd3\windows-amd64

VM Arguments:
jvm_args: --add-opens=java.base/java.util=ALL-UNNAMED --add-opens=java.base/java.lang=ALL-UNNAMED --add-opens=java.base/java.lang.invoke=ALL-UNNAMED --add-opens=java.base/java.util=ALL-UNNAMED --add-opens=java.prefs/java.util.prefs=ALL-UNNAMED --add-opens=java.prefs/java.util.prefs=ALL-UNNAMED --add-opens=java.base/java.nio.charset=ALL-UNNAMED --add-opens=java.base/java.net=ALL-UNNAMED --add-opens=java.base/java.util.concurrent.atomic=ALL-UNNAMED -Xmx2048m -Dfile.encoding=UTF-8 -Duser.country=US -Duser.language=en -Duser.variant 
java_command: org.gradle.launcher.daemon.bootstrap.GradleDaemon 7.5
java_class_path (initial): C:\Users\lyesr\.gradle\wrapper\dists\gradle-7.5-bin\f1w0cc9nuo0eivz97x2xlu9sv\gradle-7.5\lib\gradle-launcher-7.5.jar
Launcher Type: SUN_STANDARD

[Global flags]
     intx CICompilerCount                          = 4                                         {product} {ergonomic}
     uint ConcGCThreads                            = 2                                         {product} {ergonomic}
     uint G1ConcRefinementThreads                  = 8                                         {product} {ergonomic}
   size_t G1HeapRegionSize                         = 1048576                                   {product} {ergonomic}
    uintx GCDrainStackTargetSize                   = 64                                        {product} {ergonomic}
   size_t InitialHeapSize                          = 167772160                                 {product} {ergonomic}
   size_t MarkStackSize                            = 4194304                                   {product} {ergonomic}
   size_t MaxHeapSize                              = 2147483648                                {product} {command line}
   size_t MaxNewSize                               = 1287651328                                {product} {ergonomic}
   size_t MinHeapDeltaBytes                        = 1048576                                   {product} {ergonomic}
    uintx NonNMethodCodeHeapSize                   = 5836300                                {pd product} {ergonomic}
    uintx NonProfiledCodeHeapSize                  = 122910970                              {pd product} {ergonomic}
    uintx ProfiledCodeHeapSize                     = 122910970                              {pd product} {ergonomic}
    uintx ReservedCodeCacheSize                    = 251658240                              {pd product} {ergonomic}
     bool SegmentedCodeCache                       = true                                      {product} {ergonomic}
     bool UseCompressedClassPointers               = true                                 {lp64_product} {ergonomic}
     bool UseCompressedOops                        = true                                 {lp64_product} {ergonomic}
     bool UseG1GC                                  = true                                      {product} {ergonomic}
     bool UseLargePagesIndividualAllocation        = false                                  {pd product} {ergonomic}

Logging:
Log output configuration:
 #0: stdout all=warning uptime,level,tags
 #1: stderr all=off uptime,level,tags

Environment Variables:
PATH=D:\Apps\VMware\VMware Player\bin\;C:\Program Files\Common Files\Oracle\Java\javapath;C:\Program Files (x86)\Common Files\Oracle\Java\javapath;C:\Windows\system32;C:\Windows;C:\Windows\System32\Wbem;C:\Windows\System32\WindowsPowerShell\v1.0\;C:\Windows\System32\OpenSSH\;C:\Program Files (x86)\NVIDIA Corporation\PhysX\Common;C:\ProgramData\chocolatey\bin;C:\Program Files\dotnet\;C:\Program Files\Git\cmd;C:\Program Files\NVIDIA Corporation\NVIDIA NvDLISR;C:\Program Files\Go\bin;C:\WINDOWS\system32;C:\WINDOWS;C:\WINDOWS\System32\Wbem;C:\WINDOWS\System32\WindowsPowerShell\v1.0\;C:\WINDOWS\System32\OpenSSH\;C:\Program Files\nodejs\;C:\Users\lyesr\.cargo\bin;C:\Users\lyesr\AppData\Local\Programs\Python\Python39\Scripts\;C:\Users\lyesr\AppData\Local\Programs\Python\Python39\;C:\Users\lyesr\AppData\Local\Microsoft\WindowsApps;;C:\Users\lyesr\AppData\Local\Programs\Microsoft VS Code\bin;C:\Users\lyesr\go\bin;C:\Users\lyesr\AppData\Roaming\npm;D:\Apps\Prolog\swipl\bin
USERNAME=lyesr
OS=Windows_NT
PROCESSOR_IDENTIFIER=AMD64 Family 23 Model 24 Stepping 1, AuthenticAMD



---------------  S Y S T E M  ---------------

OS: Windows 11 , 64 bit Build 22621 (10.0.22621.1635)
OS uptime: 10 days 16:39 hours
Hyper-V role detected

CPU:total 8 (initial active 8) (8 cores per cpu, 2 threads per core) family 23 model 24 stepping 1 microcode 0x0, cmov, cx8, fxsr, mmx, sse, sse2, sse3, ssse3, sse4.1, sse4.2, popcnt, avx, avx2, aes, clmul, mmxext, 3dnowpref, lzcnt, sse4a, ht, tsc, tscinvbit, tscinv, bmi1, bmi2, adx, sha, fma

Memory: 4k page, system-wide physical 10187M (468M free)
TotalPageFile size 19307M (AvailPageFile size 37M)
current process WorkingSet (physical memory assigned to process): 542M, peak: 542M
current process commit charge ("private bytes"): 612M, peak: 910M

vm_info: OpenJDK 64-Bit Server VM (11.0.15+0-b2043.56-9505619) for windows-amd64 JRE (11.0.15+0-b2043.56-9505619), built on Jan 19 2023 02:48:00 by "builduser" with unknown MS VC++:1929

END.
