#
# There is insufficient memory for the Java Runtime Environment to continue.
# Native memory allocation (mmap) failed to map 279969792 bytes for Failed to commit area from 0x0000000090800000 to 0x00000000a1300000 of length 279969792.
# Possible reasons:
#   The system is out of physical RAM or swap space
#   The process is running with CompressedOops enabled, and the Java Heap may be blocking the growth of the native heap
# Possible solutions:
#   Reduce memory load on the system
#   Increase physical memory or swap space
#   Check if swap backing store is full
#   Decrease Java heap size (-Xmx/-Xms)
#   Decrease number of Java threads
#   Decrease Java thread stack sizes (-Xss)
#   Set larger code cache with -XX:ReservedCodeCacheSize=
#   JVM is running with Unscaled Compressed Oops mode in which the Java heap is
#     placed in the first 4GB address space. The Java Heap base address is the
#     maximum limit for the native heap growth. Please use -XX:HeapBaseMinAddress
#     to set the Java Heap base and to place the Java Heap above 4GB virtual address.
# This output file may be truncated or incomplete.
#
#  Out of Memory Error (src/hotspot/os/windows/os_windows.cpp:3627), pid=23040, tid=28912
#
# JRE version: OpenJDK Runtime Environment (11.0.15) (build 11.0.15+0-b2043.56-9505619)
# Java VM: OpenJDK 64-Bit Server VM (11.0.15+0-b2043.56-9505619, mixed mode, tiered, compressed oops, g1 gc, windows-amd64)
# No core dump will be written. Minidumps are not enabled by default on client versions of Windows
#

---------------  S U M M A R Y ------------

Command Line: --add-opens=java.base/java.util=ALL-UNNAMED --add-opens=java.base/java.lang=ALL-UNNAMED --add-opens=java.base/java.lang.invoke=ALL-UNNAMED --add-opens=java.base/java.util=ALL-UNNAMED --add-opens=java.prefs/java.util.prefs=ALL-UNNAMED --add-opens=java.prefs/java.util.prefs=ALL-UNNAMED --add-opens=java.base/java.nio.charset=ALL-UNNAMED --add-opens=java.base/java.net=ALL-UNNAMED --add-opens=java.base/java.util.concurrent.atomic=ALL-UNNAMED -Xmx2048m -Dfile.encoding=UTF-8 -Duser.country=US -Duser.language=en -Duser.variant org.gradle.launcher.daemon.bootstrap.GradleDaemon 7.5

Host: AMD Ryzen 5 3500U with Radeon Vega Mobile Gfx  , 8 cores, 9G,  Windows 11 , 64 bit Build 22621 (10.0.22621.1635)
Time: Sun May  7 09:50:03 2023 W. Central Africa Standard Time elapsed time: 40.026479 seconds (0d 0h 0m 40s)

---------------  T H R E A D  ---------------

Current thread (0x000001effdfe4000):  VMThread "VM Thread" [stack: 0x00000048e4d00000,0x00000048e4e00000] [id=28912]

Stack: [0x00000048e4d00000,0x00000048e4e00000]
[error occurred during error reporting (printing stack bounds), id 0xc0000005, EXCEPTION_ACCESS_VIOLATION (0xc0000005) at pc=0x000001ef8000112d]

Native frames: (J=compiled Java code, j=interpreted, Vv=VM code, C=native code)
V  [jvm.dll+0x64135a]
V  [jvm.dll+0x7d39f9]
V  [jvm.dll+0x7d51b9]
V  [jvm.dll+0x7d5805]
V  [jvm.dll+0x7d57bb]
V  [jvm.dll+0x640655]
V  [jvm.dll+0x640d68]
C  [ntdll.dll+0xa3cff]
C  [ntdll.dll+0x1e456]
C  [ntdll.dll+0xa2cee]
C  0x000001ef8000112d

VM_Operation (0x00000048eedfe040): G1CollectForAllocation, mode: safepoint, requested by thread 0x000001ef9672a000


---------------  P R O C E S S  ---------------

Threads class SMR info:
_java_thread_list=0x000001ef946a3430, length=150, elements={
0x000001eff00be000, 0x000001effd7dd000, 0x000001effd7ca800, 0x000001effe037800,
0x000001effe038800, 0x000001effe045000, 0x000001effe046000, 0x000001effe04d000,
0x000001effe050000, 0x000001effe1b5800, 0x000001efff512800, 0x000001efff19f800,
0x000001effe26c800, 0x000001ef8f19c000, 0x000001efffaaa000, 0x000001effecd8800,
0x000001effe8eb000, 0x000001efff3b8800, 0x000001efff2ba800, 0x000001efff006800,
0x000001effeff4000, 0x000001effeff3000, 0x000001effeff2000, 0x000001effeff4800,
0x000001effeff5800, 0x000001effeff0000, 0x000001effeff6800, 0x000001effeff0800,
0x000001effeff1800, 0x000001ef916ce000, 0x000001ef916d3000, 0x000001ef916cf000,
0x000001ef916cd000, 0x000001ef916d5800, 0x000001ef916cf800, 0x000001ef916d1000,
0x000001ef916d0800, 0x000001ef916d4800, 0x000001ef916d6000, 0x000001ef916d7000,
0x000001ef916d2000, 0x000001ef916d8800, 0x000001ef916dc000, 0x000001ef916d9800,
0x000001ef916d7800, 0x000001ef916da000, 0x000001ef916db000, 0x000001ef926ce000,
0x000001ef926cd000, 0x000001ef926ca800, 0x000001ef926c8000, 0x000001ef926ce800,
0x000001ef926c9000, 0x000001ef926cc000, 0x000001ef926cb800, 0x000001ef926ca000,
0x000001ef8fd56800, 0x000001ef8fd5c000, 0x000001ef8fd57000, 0x000001ef8fd5d000,
0x000001ef8fd58000, 0x000001ef8fd58800, 0x000001ef8fd5b000, 0x000001ef8fd59800,
0x000001ef8fd5a800, 0x000001ef90ff6800, 0x000001ef90ffb000, 0x000001ef90ff8000,
0x000001ef90ff8800, 0x000001ef90ff9800, 0x000001ef90ffc000, 0x000001ef90ffa800,
0x000001ef90ffd000, 0x000001ef90ff7000, 0x000001ef91001800, 0x000001ef90ffd800,
0x000001ef91003800, 0x000001ef90fff000, 0x000001ef91000000, 0x000001ef91001000,
0x000001ef91002800, 0x000001ef91004000, 0x000001ef90ffe800, 0x000001ef91005000,
0x000001ef92e0e800, 0x000001ef92e0f800, 0x000001ef92e10800, 0x000001ef92e0d000,
0x000001ef92e11000, 0x000001ef92e12000, 0x000001ef92e13000, 0x000001ef92e13800,
0x000001ef92e0e000, 0x000001ef92e15000, 0x000001ef92e14800, 0x000001ef92e1b800,
0x000001ef92e1b000, 0x000001ef92e16000, 0x000001ef92e17000, 0x000001ef92e17800,
0x000001ef92e19800, 0x000001ef92e18800, 0x000001ef92e1a000, 0x000001ef91a9f000,
0x000001ef91aa0800, 0x000001ef91aa1000, 0x000001ef91aa3000, 0x000001ef91aa2000,
0x000001ef91a9f800, 0x000001ef91a9e000, 0x000001ef91a9d000, 0x000001ef91aa5800,
0x000001ef91aa6000, 0x000001ef91aa7000, 0x000001ef91aa8000, 0x000001ef91aa8800,
0x000001ef91aa9800, 0x000001ef91aa3800, 0x000001ef91aaa000, 0x000001ef91aa4800,
0x000001ef91aab000, 0x000001ef91aac000, 0x000001ef9498e000, 0x000001ef94989000,
0x000001ef9498f800, 0x000001ef9498a000, 0x000001ef9498b000, 0x000001ef9498c800,
0x000001ef94990800, 0x000001ef94993000, 0x000001ef9498d800, 0x000001ef94994800,
0x000001ef94996800, 0x000001ef94997000, 0x000001ef94994000, 0x000001ef94991800,
0x000001efff385000, 0x000001efff389800, 0x000001ef94998000, 0x000001ef96725000,
0x000001ef96724000, 0x000001ef96723800, 0x000001ef96722000, 0x000001ef96720000,
0x000001ef96726000, 0x000001ef96726800, 0x000001ef96722800, 0x000001ef96721000,
0x000001ef9672a000, 0x000001ef96727800
}

Java Threads: ( => current thread )
  0x000001eff00be000 JavaThread "main" [_thread_blocked, id=24404, stack(0x00000048e4600000,0x00000048e4700000)]
  0x000001effd7dd000 JavaThread "Reference Handler" daemon [_thread_blocked, id=28096, stack(0x00000048e4e00000,0x00000048e4f00000)]
  0x000001effd7ca800 JavaThread "Finalizer" daemon [_thread_blocked, id=29596, stack(0x00000048e4f00000,0x00000048e5000000)]
  0x000001effe037800 JavaThread "Signal Dispatcher" daemon [_thread_blocked, id=8344, stack(0x00000048e5000000,0x00000048e5100000)]
  0x000001effe038800 JavaThread "Attach Listener" daemon [_thread_blocked, id=15844, stack(0x00000048e5100000,0x00000048e5200000)]
  0x000001effe045000 JavaThread "Service Thread" daemon [_thread_blocked, id=20668, stack(0x00000048e5200000,0x00000048e5300000)]
  0x000001effe046000 JavaThread "C2 CompilerThread0" daemon [_thread_in_native, id=17740, stack(0x00000048e5300000,0x00000048e5400000)]
  0x000001effe04d000 JavaThread "C1 CompilerThread0" daemon [_thread_blocked, id=26816, stack(0x00000048e5400000,0x00000048e5500000)]
  0x000001effe050000 JavaThread "Sweeper thread" daemon [_thread_blocked, id=17000, stack(0x00000048e5500000,0x00000048e5600000)]
  0x000001effe1b5800 JavaThread "Common-Cleaner" daemon [_thread_blocked, id=15512, stack(0x00000048e5600000,0x00000048e5700000)]
  0x000001efff512800 JavaThread "Daemon health stats" [_thread_blocked, id=25876, stack(0x00000048e5c00000,0x00000048e5d00000)]
  0x000001efff19f800 JavaThread "Incoming local TCP Connector on port 52175" [_thread_in_native, id=24744, stack(0x00000048e5800000,0x00000048e5900000)]
  0x000001effe26c800 JavaThread "Daemon periodic checks" [_thread_blocked, id=17220, stack(0x00000048e5b00000,0x00000048e5c00000)]
  0x000001ef8f19c000 JavaThread "Daemon" [_thread_blocked, id=15904, stack(0x00000048e5d00000,0x00000048e5e00000)]
  0x000001efffaaa000 JavaThread "Handler for socket connection from /127.0.0.1:52175 to /127.0.0.1:52176" [_thread_in_native, id=18592, stack(0x00000048e5e00000,0x00000048e5f00000)]
  0x000001effecd8800 JavaThread "Cancel handler" [_thread_blocked, id=20516, stack(0x00000048e5f00000,0x00000048e6000000)]
  0x000001effe8eb000 JavaThread "Daemon worker" [_thread_blocked, id=18524, stack(0x00000048e6000000,0x00000048e6100000)]
  0x000001efff3b8800 JavaThread "Asynchronous log dispatcher for DefaultDaemonConnection: socket connection from /127.0.0.1:52175 to /127.0.0.1:52176" [_thread_blocked, id=12616, stack(0x00000048e6100000,0x00000048e6200000)]
  0x000001efff2ba800 JavaThread "Stdin handler" [_thread_blocked, id=23664, stack(0x00000048e6200000,0x00000048e6300000)]
  0x000001efff006800 JavaThread "Daemon client event forwarder" [_thread_blocked, id=22804, stack(0x00000048e6300000,0x00000048e6400000)]
  0x000001effeff4000 JavaThread "Cache worker for journal cache (C:\Users\lyesr\.gradle\caches\journal-1)" [_thread_blocked, id=18832, stack(0x00000048e6400000,0x00000048e6500000)]
  0x000001effeff3000 JavaThread "File lock request listener" [_thread_in_native, id=2144, stack(0x00000048e6500000,0x00000048e6600000)]
  0x000001effeff2000 JavaThread "Cache worker for file hash cache (C:\Users\lyesr\.gradle\caches\7.5\fileHashes)" [_thread_blocked, id=21696, stack(0x00000048e6b00000,0x00000048e6c00000)]
  0x000001effeff4800 JavaThread "File watcher server" daemon [_thread_blocked, id=1344, stack(0x00000048e6e00000,0x00000048e6f00000)]
  0x000001effeff5800 JavaThread "File watcher consumer" daemon [_thread_blocked, id=11340, stack(0x00000048e6f00000,0x00000048e7000000)]
  0x000001effeff0000 JavaThread "Cache worker for checksums cache (D:\studies\AndroidStudioProjects\MiniProjet3\.gradle\7.5\checksums)" [_thread_blocked, id=15060, stack(0x00000048e7000000,0x00000048e7100000)]
  0x000001effeff6800 JavaThread "Cache worker for cache directory md-rule (C:\Users\lyesr\.gradle\caches\7.5\md-rule)" [_thread_blocked, id=704, stack(0x00000048e7100000,0x00000048e7200000)]
  0x000001effeff0800 JavaThread "Cache worker for file content cache (C:\Users\lyesr\.gradle\caches\7.5\fileContent)" [_thread_blocked, id=4596, stack(0x00000048e7200000,0x00000048e7300000)]
  0x000001effeff1800 JavaThread "Cache worker for file hash cache (D:\studies\AndroidStudioProjects\MiniProjet3\.gradle\7.5\fileHashes)" [_thread_blocked, id=30320, stack(0x00000048e7300000,0x00000048e7400000)]
  0x000001ef916ce000 JavaThread "Cache worker for cache directory md-supplier (C:\Users\lyesr\.gradle\caches\7.5\md-supplier)" [_thread_blocked, id=17320, stack(0x00000048e7400000,0x00000048e7500000)]
  0x000001ef916d3000 JavaThread "Cache worker for execution history cache (C:\Users\lyesr\.gradle\caches\7.5\executionHistory)" [_thread_blocked, id=6752, stack(0x00000048e7500000,0x00000048e7600000)]
  0x000001ef916cf000 JavaThread "jar transforms" [_thread_blocked, id=26072, stack(0x00000048e6d00000,0x00000048e6e00000)]
  0x000001ef916cd000 JavaThread "jar transforms Thread 2" [_thread_blocked, id=3304, stack(0x00000048e7800000,0x00000048e7900000)]
  0x000001ef916d5800 JavaThread "jar transforms Thread 3" [_thread_blocked, id=24780, stack(0x00000048e7600000,0x00000048e7700000)]
  0x000001ef916cf800 JavaThread "jar transforms Thread 4" [_thread_blocked, id=2236, stack(0x00000048e7a00000,0x00000048e7b00000)]
  0x000001ef916d1000 JavaThread "Cache worker for dependencies-accessors (D:\studies\AndroidStudioProjects\MiniProjet3\.gradle\7.5\dependencies-accessors)" [_thread_blocked, id=24524, stack(0x00000048e7b00000,0x00000048e7c00000)]
  0x000001ef916d0800 JavaThread "jar transforms Thread 5" [_thread_blocked, id=20572, stack(0x00000048e7c00000,0x00000048e7d00000)]
  0x000001ef916d4800 JavaThread "Cache worker for Build Output Cleanup Cache (D:\studies\AndroidStudioProjects\MiniProjet3\.gradle\buildOutputCleanup)" [_thread_blocked, id=14516, stack(0x00000048e7900000,0x00000048e7a00000)]
  0x000001ef916d6000 JavaThread "Unconstrained build operations" [_thread_blocked, id=27820, stack(0x00000048e7e00000,0x00000048e7f00000)]
  0x000001ef916d7000 JavaThread "Unconstrained build operations Thread 2" [_thread_blocked, id=29024, stack(0x00000048e7f00000,0x00000048e8000000)]
  0x000001ef916d2000 JavaThread "Unconstrained build operations Thread 3" [_thread_blocked, id=20792, stack(0x00000048e8000000,0x00000048e8100000)]
  0x000001ef916d8800 JavaThread "Unconstrained build operations Thread 4" [_thread_blocked, id=12732, stack(0x00000048e8100000,0x00000048e8200000)]
  0x000001ef916dc000 JavaThread "Unconstrained build operations Thread 5" [_thread_blocked, id=12964, stack(0x00000048e8200000,0x00000048e8300000)]
  0x000001ef916d9800 JavaThread "Unconstrained build operations Thread 6" [_thread_blocked, id=15992, stack(0x00000048e8300000,0x00000048e8400000)]
  0x000001ef916d7800 JavaThread "Unconstrained build operations Thread 7" [_thread_blocked, id=25400, stack(0x00000048e8400000,0x00000048e8500000)]
  0x000001ef916da000 JavaThread "Unconstrained build operations Thread 8" [_thread_blocked, id=23616, stack(0x00000048e8500000,0x00000048e8600000)]
  0x000001ef916db000 JavaThread "Unconstrained build operations Thread 9" [_thread_blocked, id=30472, stack(0x00000048e8600000,0x00000048e8700000)]
  0x000001ef926ce000 JavaThread "Unconstrained build operations Thread 10" [_thread_blocked, id=25564, stack(0x00000048e8700000,0x00000048e8800000)]
  0x000001ef926cd000 JavaThread "Unconstrained build operations Thread 11" [_thread_blocked, id=28992, stack(0x00000048e8800000,0x00000048e8900000)]
  0x000001ef926ca800 JavaThread "Unconstrained build operations Thread 12" [_thread_blocked, id=21376, stack(0x00000048e8900000,0x00000048e8a00000)]
  0x000001ef926c8000 JavaThread "Unconstrained build operations Thread 13" [_thread_blocked, id=11508, stack(0x00000048e8a00000,0x00000048e8b00000)]
  0x000001ef926ce800 JavaThread "Unconstrained build operations Thread 14" [_thread_blocked, id=26268, stack(0x00000048e8b00000,0x00000048e8c00000)]
  0x000001ef926c9000 JavaThread "Unconstrained build operations Thread 15" [_thread_blocked, id=17292, stack(0x00000048e8c00000,0x00000048e8d00000)]
  0x000001ef926cc000 JavaThread "Unconstrained build operations Thread 16" [_thread_blocked, id=30184, stack(0x00000048e8d00000,0x00000048e8e00000)]
  0x000001ef926cb800 JavaThread "Unconstrained build operations Thread 17" [_thread_blocked, id=21164, stack(0x00000048e8e00000,0x00000048e8f00000)]
  0x000001ef926ca000 JavaThread "Unconstrained build operations Thread 18" [_thread_blocked, id=17716, stack(0x00000048e8f00000,0x00000048e9000000)]
  0x000001ef8fd56800 JavaThread "Unconstrained build operations Thread 19" [_thread_blocked, id=24684, stack(0x00000048e9000000,0x00000048e9100000)]
  0x000001ef8fd5c000 JavaThread "Unconstrained build operations Thread 20" [_thread_blocked, id=30608, stack(0x00000048e9100000,0x00000048e9200000)]
  0x000001ef8fd57000 JavaThread "Unconstrained build operations Thread 21" [_thread_blocked, id=30896, stack(0x00000048e9200000,0x00000048e9300000)]
  0x000001ef8fd5d000 JavaThread "Unconstrained build operations Thread 22" [_thread_blocked, id=22640, stack(0x00000048e9300000,0x00000048e9400000)]
  0x000001ef8fd58000 JavaThread "Unconstrained build operations Thread 23" [_thread_blocked, id=8244, stack(0x00000048e9400000,0x00000048e9500000)]
  0x000001ef8fd58800 JavaThread "Unconstrained build operations Thread 24" [_thread_blocked, id=31524, stack(0x00000048e9500000,0x00000048e9600000)]
  0x000001ef8fd5b000 JavaThread "Unconstrained build operations Thread 25" [_thread_blocked, id=26352, stack(0x00000048e9600000,0x00000048e9700000)]
  0x000001ef8fd59800 JavaThread "Unconstrained build operations Thread 26" [_thread_blocked, id=2004, stack(0x00000048e9700000,0x00000048e9800000)]
  0x000001ef8fd5a800 JavaThread "Unconstrained build operations Thread 27" [_thread_blocked, id=8200, stack(0x00000048e9800000,0x00000048e9900000)]
  0x000001ef90ff6800 JavaThread "Unconstrained build operations Thread 28" [_thread_blocked, id=6492, stack(0x00000048e9900000,0x00000048e9a00000)]
  0x000001ef90ffb000 JavaThread "Unconstrained build operations Thread 29" [_thread_blocked, id=19312, stack(0x00000048e9a00000,0x00000048e9b00000)]
  0x000001ef90ff8000 JavaThread "Unconstrained build operations Thread 30" [_thread_blocked, id=9080, stack(0x00000048e9b00000,0x00000048e9c00000)]
  0x000001ef90ff8800 JavaThread "Unconstrained build operations Thread 31" [_thread_blocked, id=26872, stack(0x00000048e9c00000,0x00000048e9d00000)]
  0x000001ef90ff9800 JavaThread "Unconstrained build operations Thread 32" [_thread_blocked, id=7892, stack(0x00000048e9d00000,0x00000048e9e00000)]
  0x000001ef90ffc000 JavaThread "Unconstrained build operations Thread 33" [_thread_blocked, id=7768, stack(0x00000048e9e00000,0x00000048e9f00000)]
  0x000001ef90ffa800 JavaThread "Unconstrained build operations Thread 34" [_thread_blocked, id=16160, stack(0x00000048e9f00000,0x00000048ea000000)]
  0x000001ef90ffd000 JavaThread "Unconstrained build operations Thread 35" [_thread_blocked, id=8044, stack(0x00000048ea000000,0x00000048ea100000)]
  0x000001ef90ff7000 JavaThread "Unconstrained build operations Thread 36" [_thread_blocked, id=20912, stack(0x00000048ea100000,0x00000048ea200000)]
  0x000001ef91001800 JavaThread "Unconstrained build operations Thread 37" [_thread_blocked, id=23940, stack(0x00000048ea200000,0x00000048ea300000)]
  0x000001ef90ffd800 JavaThread "Unconstrained build operations Thread 38" [_thread_blocked, id=26760, stack(0x00000048ea300000,0x00000048ea400000)]
  0x000001ef91003800 JavaThread "Unconstrained build operations Thread 39" [_thread_blocked, id=2036, stack(0x00000048ea400000,0x00000048ea500000)]
  0x000001ef90fff000 JavaThread "Unconstrained build operations Thread 40" [_thread_blocked, id=15652, stack(0x00000048ea500000,0x00000048ea600000)]
  0x000001ef91000000 JavaThread "Unconstrained build operations Thread 41" [_thread_blocked, id=26220, stack(0x00000048ea600000,0x00000048ea700000)]
  0x000001ef91001000 JavaThread "Unconstrained build operations Thread 42" [_thread_blocked, id=25888, stack(0x00000048ea700000,0x00000048ea800000)]
  0x000001ef91002800 JavaThread "Unconstrained build operations Thread 43" [_thread_blocked, id=21220, stack(0x00000048ea800000,0x00000048ea900000)]
  0x000001ef91004000 JavaThread "Unconstrained build operations Thread 44" [_thread_blocked, id=18640, stack(0x00000048ea900000,0x00000048eaa00000)]
  0x000001ef90ffe800 JavaThread "Unconstrained build operations Thread 45" [_thread_blocked, id=22108, stack(0x00000048eaa00000,0x00000048eab00000)]
  0x000001ef91005000 JavaThread "Unconstrained build operations Thread 46" [_thread_blocked, id=28800, stack(0x00000048eab00000,0x00000048eac00000)]
  0x000001ef92e0e800 JavaThread "Unconstrained build operations Thread 47" [_thread_blocked, id=22320, stack(0x00000048eac00000,0x00000048ead00000)]
  0x000001ef92e0f800 JavaThread "Unconstrained build operations Thread 48" [_thread_blocked, id=5272, stack(0x00000048ead00000,0x00000048eae00000)]
  0x000001ef92e10800 JavaThread "Unconstrained build operations Thread 49" [_thread_blocked, id=30708, stack(0x00000048eae00000,0x00000048eaf00000)]
  0x000001ef92e0d000 JavaThread "Unconstrained build operations Thread 50" [_thread_blocked, id=29272, stack(0x00000048eaf00000,0x00000048eb000000)]
  0x000001ef92e11000 JavaThread "Unconstrained build operations Thread 51" [_thread_blocked, id=7772, stack(0x00000048eb000000,0x00000048eb100000)]
  0x000001ef92e12000 JavaThread "Unconstrained build operations Thread 52" [_thread_blocked, id=22148, stack(0x00000048eb100000,0x00000048eb200000)]
  0x000001ef92e13000 JavaThread "Unconstrained build operations Thread 53" [_thread_blocked, id=28480, stack(0x00000048eb200000,0x00000048eb300000)]
  0x000001ef92e13800 JavaThread "Unconstrained build operations Thread 54" [_thread_blocked, id=23124, stack(0x00000048eb300000,0x00000048eb400000)]
  0x000001ef92e0e000 JavaThread "Unconstrained build operations Thread 55" [_thread_blocked, id=2956, stack(0x00000048eb400000,0x00000048eb500000)]
  0x000001ef92e15000 JavaThread "Unconstrained build operations Thread 56" [_thread_blocked, id=5288, stack(0x00000048eb500000,0x00000048eb600000)]
  0x000001ef92e14800 JavaThread "Unconstrained build operations Thread 57" [_thread_blocked, id=21896, stack(0x00000048eb600000,0x00000048eb700000)]
  0x000001ef92e1b800 JavaThread "Unconstrained build operations Thread 58" [_thread_blocked, id=11468, stack(0x00000048eb700000,0x00000048eb800000)]
  0x000001ef92e1b000 JavaThread "Unconstrained build operations Thread 59" [_thread_blocked, id=272, stack(0x00000048eb800000,0x00000048eb900000)]
  0x000001ef92e16000 JavaThread "Unconstrained build operations Thread 60" [_thread_blocked, id=29088, stack(0x00000048eb900000,0x00000048eba00000)]
  0x000001ef92e17000 JavaThread "Unconstrained build operations Thread 61" [_thread_blocked, id=27060, stack(0x00000048eba00000,0x00000048ebb00000)]
  0x000001ef92e17800 JavaThread "Unconstrained build operations Thread 62" [_thread_blocked, id=30044, stack(0x00000048ebb00000,0x00000048ebc00000)]
  0x000001ef92e19800 JavaThread "Unconstrained build operations Thread 63" [_thread_blocked, id=24924, stack(0x00000048ebc00000,0x00000048ebd00000)]
  0x000001ef92e18800 JavaThread "Unconstrained build operations Thread 64" [_thread_blocked, id=24916, stack(0x00000048ebd00000,0x00000048ebe00000)]
  0x000001ef92e1a000 JavaThread "Unconstrained build operations Thread 65" [_thread_blocked, id=23596, stack(0x00000048ebe00000,0x00000048ebf00000)]
  0x000001ef91a9f000 JavaThread "Unconstrained build operations Thread 66" [_thread_blocked, id=13160, stack(0x00000048ebf00000,0x00000048ec000000)]
  0x000001ef91aa0800 JavaThread "Unconstrained build operations Thread 67" [_thread_blocked, id=9632, stack(0x00000048ec000000,0x00000048ec100000)]
  0x000001ef91aa1000 JavaThread "Unconstrained build operations Thread 68" [_thread_blocked, id=29712, stack(0x00000048ec100000,0x00000048ec200000)]
  0x000001ef91aa3000 JavaThread "Unconstrained build operations Thread 69" [_thread_blocked, id=4612, stack(0x00000048ec200000,0x00000048ec300000)]
  0x000001ef91aa2000 JavaThread "Unconstrained build operations Thread 70" [_thread_blocked, id=20224, stack(0x00000048ec300000,0x00000048ec400000)]
  0x000001ef91a9f800 JavaThread "Unconstrained build operations Thread 71" [_thread_blocked, id=21608, stack(0x00000048ec400000,0x00000048ec500000)]
  0x000001ef91a9e000 JavaThread "Unconstrained build operations Thread 72" [_thread_blocked, id=12660, stack(0x00000048ec500000,0x00000048ec600000)]
  0x000001ef91a9d000 JavaThread "Unconstrained build operations Thread 73" [_thread_blocked, id=17208, stack(0x00000048ec600000,0x00000048ec700000)]
  0x000001ef91aa5800 JavaThread "Unconstrained build operations Thread 74" [_thread_blocked, id=30304, stack(0x00000048ec700000,0x00000048ec800000)]
  0x000001ef91aa6000 JavaThread "Unconstrained build operations Thread 75" [_thread_blocked, id=20796, stack(0x00000048ec800000,0x00000048ec900000)]
  0x000001ef91aa7000 JavaThread "Unconstrained build operations Thread 76" [_thread_blocked, id=17036, stack(0x00000048ec900000,0x00000048eca00000)]
  0x000001ef91aa8000 JavaThread "Unconstrained build operations Thread 77" [_thread_blocked, id=29660, stack(0x00000048eca00000,0x00000048ecb00000)]
  0x000001ef91aa8800 JavaThread "Unconstrained build operations Thread 78" [_thread_blocked, id=20312, stack(0x00000048ecb00000,0x00000048ecc00000)]
  0x000001ef91aa9800 JavaThread "Unconstrained build operations Thread 79" [_thread_blocked, id=12564, stack(0x00000048ecc00000,0x00000048ecd00000)]
  0x000001ef91aa3800 JavaThread "Unconstrained build operations Thread 80" [_thread_blocked, id=15860, stack(0x00000048ecd00000,0x00000048ece00000)]
  0x000001ef91aaa000 JavaThread "jar transforms Thread 6" [_thread_blocked, id=4116, stack(0x00000048ece00000,0x00000048ecf00000)]
  0x000001ef91aa4800 JavaThread "jar transforms Thread 7" [_thread_blocked, id=4984, stack(0x00000048ecf00000,0x00000048ed000000)]
  0x000001ef91aab000 JavaThread "jar transforms Thread 8" [_thread_blocked, id=6516, stack(0x00000048ed000000,0x00000048ed100000)]
  0x000001ef91aac000 JavaThread "build event listener" [_thread_blocked, id=22032, stack(0x00000048ed100000,0x00000048ed200000)]
  0x000001ef9498e000 JavaThread "Memory manager" [_thread_blocked, id=19696, stack(0x00000048ed200000,0x00000048ed300000)]
  0x000001ef94989000 JavaThread "included builds" [_thread_blocked, id=5620, stack(0x00000048ed400000,0x00000048ed500000)]
  0x000001ef9498f800 JavaThread "Execution worker" [_thread_blocked, id=26548, stack(0x00000048ed500000,0x00000048ed600000)]
  0x000001ef9498a000 JavaThread "Execution worker Thread 2" [_thread_blocked, id=29904, stack(0x00000048ed600000,0x00000048ed700000)]
  0x000001ef9498b000 JavaThread "Execution worker Thread 3" [_thread_blocked, id=31216, stack(0x00000048ed700000,0x00000048ed800000)]
  0x000001ef9498c800 JavaThread "Execution worker Thread 4" [_thread_blocked, id=28316, stack(0x00000048ed800000,0x00000048ed900000)]
  0x000001ef94990800 JavaThread "Execution worker Thread 5" [_thread_blocked, id=16412, stack(0x00000048ed900000,0x00000048eda00000)]
  0x000001ef94993000 JavaThread "Execution worker Thread 6" [_thread_blocked, id=10852, stack(0x00000048eda00000,0x00000048edb00000)]
  0x000001ef9498d800 JavaThread "Execution worker Thread 7" [_thread_blocked, id=18020, stack(0x00000048edb00000,0x00000048edc00000)]
  0x000001ef94994800 JavaThread "Cache worker for execution history cache (D:\studies\AndroidStudioProjects\MiniProjet3\.gradle\7.5\executionHistory)" [_thread_blocked, id=13140, stack(0x00000048edc00000,0x00000048edd00000)]
  0x000001ef94996800 JavaThread "WorkerExecutor Queue" [_thread_blocked, id=20888, stack(0x00000048edd00000,0x00000048ede00000)]
  0x000001ef94997000 JavaThread "pool-3-thread-1" [_thread_blocked, id=17892, stack(0x00000048ede00000,0x00000048edf00000)]
  0x000001ef94994000 JavaThread "stderr" [_thread_in_native, id=8440, stack(0x00000048edf00000,0x00000048ee000000)]
  0x000001ef94991800 JavaThread "stdout" [_thread_in_native, id=31072, stack(0x00000048ee000000,0x00000048ee100000)]
  0x000001efff385000 JavaThread "C2 CompilerThread1" daemon [_thread_blocked, id=1808, stack(0x00000048ee100000,0x00000048ee200000)]
  0x000001efff389800 JavaThread "C2 CompilerThread2" daemon [_thread_blocked, id=19804, stack(0x00000048ee200000,0x00000048ee300000)]
  0x000001ef94998000 JavaThread "WorkerExecutor Queue Thread 2" [_thread_blocked, id=25964, stack(0x00000048ee300000,0x00000048ee400000)]
  0x000001ef96725000 JavaThread "WorkerExecutor Queue Thread 3" [_thread_blocked, id=11496, stack(0x00000048ee400000,0x00000048ee500000)]
  0x000001ef96724000 JavaThread "WorkerExecutor Queue Thread 4" [_thread_blocked, id=4608, stack(0x00000048ee500000,0x00000048ee600000)]
  0x000001ef96723800 JavaThread "WorkerExecutor Queue Thread 5" [_thread_blocked, id=30844, stack(0x00000048ee600000,0x00000048ee700000)]
  0x000001ef96722000 JavaThread "ForkJoinPool-1-worker-3" daemon [_thread_blocked, id=30496, stack(0x00000048ee700000,0x00000048ee800000)]
  0x000001ef96720000 JavaThread "ForkJoinPool-1-worker-5" daemon [_thread_blocked, id=28212, stack(0x00000048ee800000,0x00000048ee900000)]
  0x000001ef96726000 JavaThread "ForkJoinPool-1-worker-7" daemon [_thread_blocked, id=7648, stack(0x00000048ee900000,0x00000048eea00000)]
  0x000001ef96726800 JavaThread "ForkJoinPool-1-worker-9" daemon [_thread_blocked, id=30376, stack(0x00000048eea00000,0x00000048eeb00000)]
  0x000001ef96722800 JavaThread "ForkJoinPool-1-worker-11" daemon [_thread_blocked, id=17712, stack(0x00000048eeb00000,0x00000048eec00000)]
  0x000001ef96721000 JavaThread "ForkJoinPool-1-worker-13" daemon [_thread_blocked, id=21516, stack(0x00000048eec00000,0x00000048eed00000)]
  0x000001ef9672a000 JavaThread "ForkJoinPool-1-worker-15" daemon [_thread_blocked, id=21200, stack(0x00000048eed00000,0x00000048eee00000)]
  0x000001ef96727800 JavaThread "ForkJoinPool-1-worker-1" daemon [_thread_blocked, id=26640, stack(0x00000048eee00000,0x00000048eef00000)]

Other Threads:
=>0x000001effdfe4000 VMThread "VM Thread" [stack: 0x00000048e4d00000,0x00000048e4e00000] [id=28912]
  0x000001effe1d1000 WatcherThread [stack: 0x00000048e5700000,0x00000048e5800000] [id=24900]
  0x000001eff2329800 GCTaskThread "GC Thread#0" [stack: 0x00000048e4800000,0x00000048e4900000] [id=15420]
  0x000001efff397000 GCTaskThread "GC Thread#1" [stack: 0x00000048e5900000,0x00000048e5a00000] [id=6732]
  0x000001efff1ad800 GCTaskThread "GC Thread#2" [stack: 0x00000048e5a00000,0x00000048e5b00000] [id=2488]
  0x000001efff5b4800 GCTaskThread "GC Thread#3" [stack: 0x00000048e6600000,0x00000048e6700000] [id=28172]
  0x000001effe6a7800 GCTaskThread "GC Thread#4" [stack: 0x00000048e6700000,0x00000048e6800000] [id=15216]
  0x000001efffa6d000 GCTaskThread "GC Thread#5" [stack: 0x00000048e6800000,0x00000048e6900000] [id=20724]
  0x000001efffa6e000 GCTaskThread "GC Thread#6" [stack: 0x00000048e6900000,0x00000048e6a00000] [id=22080]
  0x000001effe39e000 GCTaskThread "GC Thread#7" [stack: 0x00000048e6a00000,0x00000048e6b00000] [id=29104]
  0x000001eff235d800 ConcurrentGCThread "G1 Main Marker" [stack: 0x00000048e4900000,0x00000048e4a00000] [id=8236]
  0x000001eff2360000 ConcurrentGCThread "G1 Conc#0" [stack: 0x00000048e4a00000,0x00000048e4b00000] [id=664]
  0x000001effe8b5800 ConcurrentGCThread "G1 Conc#1" [stack: 0x00000048e6c00000,0x00000048e6d00000] [id=12368]
  0x000001eff23de000 ConcurrentGCThread "G1 Refine#0" [stack: 0x00000048e4b00000,0x00000048e4c00000] [id=2532]
  0x000001ef96a2b000 ConcurrentGCThread "G1 Refine#1" [stack: 0x00000048ed300000,0x00000048ed400000] [id=18324]
  0x000001effd620800 ConcurrentGCThread "G1 Young RemSet Sampling" [stack: 0x00000048e4c00000,0x00000048e4d00000] [id=13192]

Threads with active compile tasks:
C2 CompilerThread0    40078 12043       4       com.android.tools.r8.dex.code.v1::a (4134 bytes)
C1 CompilerThread0    40078 12279       2       com.android.tools.r8.dex.g::<init> (812 bytes)
C2 CompilerThread1    40078 12252   !   4       com.android.tools.r8.graph.e1::r0 (125 bytes)
C2 CompilerThread2    40078 12081       4       com.android.tools.r8.dex.i::h (963 bytes)

VM state:at safepoint (normal execution)

VM Mutex/Monitor currently owned by a thread:  ([mutex/lock_event])
[0x000001eff00ba700] Threads_lock - owner thread: 0x000001effdfe4000
[0x000001eff00bbc60] Heap_lock - owner thread: 0x000001ef9672a000

Heap address: 0x0000000080000000, size: 2048 MB, Compressed Oops mode: 32-bit
Narrow klass base: 0x0000000000000000, Narrow klass shift: 3
Compressed class space size: 1073741824 Address: 0x0000000100000000

Heap:
 garbage-first heap   total 543744K, used 192067K [0x0000000080000000, 0x0000000100000000)
  region size 1024K, 5 young (5120K), 5 survivors (5120K)
 Metaspace       used 96944K, capacity 99767K, committed 100124K, reserved 1136640K
  class space    used 12805K, capacity 13868K, committed 13976K, reserved 1048576K
Heap Regions: E=young(eden), S=young(survivor), O=old, HS=humongous(starts), HC=humongous(continues), CS=collection set, F=free, A=archive, TAMS=top-at-mark-start (previous, next)
|   0|0x0000000080000000, 0x0000000080100000, 0x0000000080100000|100%| O|  |TAMS 0x0000000080100000, 0x0000000080100000| Untracked 
|   1|0x0000000080100000, 0x0000000080200000, 0x0000000080200000|100%| O|  |TAMS 0x0000000080200000, 0x0000000080200000| Untracked 
|   2|0x0000000080200000, 0x0000000080300000, 0x0000000080300000|100%| O|  |TAMS 0x0000000080300000, 0x0000000080300000| Untracked 
|   3|0x0000000080300000, 0x0000000080400000, 0x0000000080400000|100%|HS|  |TAMS 0x0000000080400000, 0x0000000080400000| Complete 
|   4|0x0000000080400000, 0x0000000080500000, 0x0000000080500000|100%|HC|  |TAMS 0x0000000080500000, 0x0000000080500000| Complete 
|   5|0x0000000080500000, 0x0000000080600000, 0x0000000080600000|100%|HC|  |TAMS 0x0000000080600000, 0x0000000080600000| Complete 
|   6|0x0000000080600000, 0x0000000080700000, 0x0000000080700000|100%| O|  |TAMS 0x0000000080700000, 0x0000000080700000| Untracked 
|   7|0x0000000080700000, 0x0000000080800000, 0x0000000080800000|100%| O|  |TAMS 0x0000000080800000, 0x0000000080800000| Untracked 
|   8|0x0000000080800000, 0x0000000080900000, 0x0000000080900000|100%| O|  |TAMS 0x0000000080900000, 0x0000000080900000| Untracked 
|   9|0x0000000080900000, 0x0000000080a00000, 0x0000000080a00000|100%| O|  |TAMS 0x0000000080a00000, 0x0000000080a00000| Untracked 
|  10|0x0000000080a00000, 0x0000000080b00000, 0x0000000080b00000|100%| O|  |TAMS 0x0000000080b00000, 0x0000000080b00000| Untracked 
|  11|0x0000000080b00000, 0x0000000080c00000, 0x0000000080c00000|100%| O|  |TAMS 0x0000000080c00000, 0x0000000080c00000| Untracked 
|  12|0x0000000080c00000, 0x0000000080d00000, 0x0000000080d00000|100%| O|  |TAMS 0x0000000080d00000, 0x0000000080d00000| Untracked 
|  13|0x0000000080d00000, 0x0000000080e00000, 0x0000000080e00000|100%| O|  |TAMS 0x0000000080e00000, 0x0000000080e00000| Untracked 
|  14|0x0000000080e00000, 0x0000000080f00000, 0x0000000080f00000|100%| O|  |TAMS 0x0000000080f00000, 0x0000000080f00000| Untracked 
|  15|0x0000000080f00000, 0x0000000081000000, 0x0000000081000000|100%| O|  |TAMS 0x0000000081000000, 0x0000000081000000| Untracked 
|  16|0x0000000081000000, 0x0000000081100000, 0x0000000081100000|100%| O|  |TAMS 0x0000000081100000, 0x0000000081100000| Untracked 
|  17|0x0000000081100000, 0x0000000081200000, 0x0000000081200000|100%|HS|  |TAMS 0x0000000081200000, 0x0000000081200000| Complete 
|  18|0x0000000081200000, 0x0000000081300000, 0x0000000081300000|100%| O|  |TAMS 0x0000000081300000, 0x0000000081300000| Untracked 
|  19|0x0000000081300000, 0x0000000081400000, 0x0000000081400000|100%| O|  |TAMS 0x0000000081400000, 0x0000000081400000| Untracked 
|  20|0x0000000081400000, 0x0000000081500000, 0x0000000081500000|100%| O|  |TAMS 0x0000000081500000, 0x0000000081500000| Untracked 
|  21|0x0000000081500000, 0x0000000081600000, 0x0000000081600000|100%| O|  |TAMS 0x0000000081600000, 0x0000000081600000| Untracked 
|  22|0x0000000081600000, 0x0000000081700000, 0x0000000081700000|100%| O|  |TAMS 0x0000000081700000, 0x0000000081700000| Untracked 
|  23|0x0000000081700000, 0x0000000081800000, 0x0000000081800000|100%| O|  |TAMS 0x0000000081800000, 0x0000000081800000| Untracked 
|  24|0x0000000081800000, 0x0000000081900000, 0x0000000081900000|100%| O|  |TAMS 0x0000000081900000, 0x0000000081900000| Untracked 
|  25|0x0000000081900000, 0x0000000081a00000, 0x0000000081a00000|100%| O|  |TAMS 0x0000000081a00000, 0x0000000081a00000| Untracked 
|  26|0x0000000081a00000, 0x0000000081b00000, 0x0000000081b00000|100%| O|  |TAMS 0x0000000081b00000, 0x0000000081b00000| Untracked 
|  27|0x0000000081b00000, 0x0000000081c00000, 0x0000000081c00000|100%| O|  |TAMS 0x0000000081c00000, 0x0000000081c00000| Untracked 
|  28|0x0000000081c00000, 0x0000000081d00000, 0x0000000081d00000|100%| O|  |TAMS 0x0000000081d00000, 0x0000000081d00000| Untracked 
|  29|0x0000000081d00000, 0x0000000081e00000, 0x0000000081e00000|100%| O|  |TAMS 0x0000000081e00000, 0x0000000081e00000| Untracked 
|  30|0x0000000081e00000, 0x0000000081f00000, 0x0000000081f00000|100%|HS|  |TAMS 0x0000000081f00000, 0x0000000081f00000| Complete 
|  31|0x0000000081f00000, 0x0000000082000000, 0x0000000082000000|100%| O|  |TAMS 0x0000000082000000, 0x0000000082000000| Untracked 
|  32|0x0000000082000000, 0x0000000082100000, 0x0000000082100000|100%| O|  |TAMS 0x0000000082100000, 0x0000000082100000| Untracked 
|  33|0x0000000082100000, 0x0000000082200000, 0x0000000082200000|100%| O|  |TAMS 0x0000000082200000, 0x0000000082200000| Untracked 
|  34|0x0000000082200000, 0x0000000082300000, 0x0000000082300000|100%| O|  |TAMS 0x0000000082300000, 0x0000000082300000| Untracked 
|  35|0x0000000082300000, 0x0000000082400000, 0x0000000082400000|100%| O|  |TAMS 0x0000000082400000, 0x0000000082400000| Untracked 
|  36|0x0000000082400000, 0x0000000082500000, 0x0000000082500000|100%| O|  |TAMS 0x0000000082500000, 0x0000000082500000| Untracked 
|  37|0x0000000082500000, 0x0000000082600000, 0x0000000082600000|100%| O|  |TAMS 0x0000000082600000, 0x0000000082600000| Untracked 
|  38|0x0000000082600000, 0x0000000082700000, 0x0000000082700000|100%| O|  |TAMS 0x0000000082700000, 0x0000000082700000| Untracked 
|  39|0x0000000082700000, 0x0000000082800000, 0x0000000082800000|100%| O|  |TAMS 0x0000000082800000, 0x0000000082800000| Untracked 
|  40|0x0000000082800000, 0x0000000082900000, 0x0000000082900000|100%| O|  |TAMS 0x0000000082900000, 0x0000000082900000| Untracked 
|  41|0x0000000082900000, 0x0000000082a00000, 0x0000000082a00000|100%| O|  |TAMS 0x0000000082a00000, 0x0000000082a00000| Untracked 
|  42|0x0000000082a00000, 0x0000000082b00000, 0x0000000082b00000|100%| O|  |TAMS 0x0000000082b00000, 0x0000000082b00000| Untracked 
|  43|0x0000000082b00000, 0x0000000082c00000, 0x0000000082c00000|100%| O|  |TAMS 0x0000000082c00000, 0x0000000082c00000| Untracked 
|  44|0x0000000082c00000, 0x0000000082d00000, 0x0000000082d00000|100%| O|  |TAMS 0x0000000082d00000, 0x0000000082d00000| Untracked 
|  45|0x0000000082d00000, 0x0000000082e00000, 0x0000000082e00000|100%| O|  |TAMS 0x0000000082e00000, 0x0000000082e00000| Untracked 
|  46|0x0000000082e00000, 0x0000000082f00000, 0x0000000082f00000|100%| O|  |TAMS 0x0000000082f00000, 0x0000000082f00000| Untracked 
|  47|0x0000000082f00000, 0x0000000083000000, 0x0000000083000000|100%| O|  |TAMS 0x0000000083000000, 0x0000000083000000| Untracked 
|  48|0x0000000083000000, 0x0000000083100000, 0x0000000083100000|100%| O|  |TAMS 0x0000000083100000, 0x0000000083100000| Untracked 
|  49|0x0000000083100000, 0x0000000083200000, 0x0000000083200000|100%| O|  |TAMS 0x0000000083200000, 0x0000000083200000| Untracked 
|  50|0x0000000083200000, 0x0000000083300000, 0x0000000083300000|100%| O|  |TAMS 0x0000000083300000, 0x0000000083300000| Untracked 
|  51|0x0000000083300000, 0x0000000083400000, 0x0000000083400000|100%| O|  |TAMS 0x0000000083400000, 0x0000000083400000| Untracked 
|  52|0x0000000083400000, 0x0000000083500000, 0x0000000083500000|100%| O|  |TAMS 0x0000000083500000, 0x0000000083500000| Untracked 
|  53|0x0000000083500000, 0x0000000083600000, 0x0000000083600000|100%| O|  |TAMS 0x0000000083600000, 0x0000000083600000| Untracked 
|  54|0x0000000083600000, 0x0000000083700000, 0x0000000083700000|100%| O|  |TAMS 0x0000000083700000, 0x0000000083700000| Untracked 
|  55|0x0000000083700000, 0x0000000083800000, 0x0000000083800000|100%| O|  |TAMS 0x0000000083800000, 0x0000000083800000| Untracked 
|  56|0x0000000083800000, 0x0000000083900000, 0x0000000083900000|100%| O|  |TAMS 0x0000000083900000, 0x0000000083900000| Untracked 
|  57|0x0000000083900000, 0x0000000083a00000, 0x0000000083a00000|100%| O|  |TAMS 0x0000000083a00000, 0x0000000083a00000| Untracked 
|  58|0x0000000083a00000, 0x0000000083b00000, 0x0000000083b00000|100%| O|  |TAMS 0x0000000083b00000, 0x0000000083b00000| Untracked 
|  59|0x0000000083b00000, 0x0000000083c00000, 0x0000000083c00000|100%| O|  |TAMS 0x0000000083c00000, 0x0000000083c00000| Untracked 
|  60|0x0000000083c00000, 0x0000000083d00000, 0x0000000083d00000|100%| O|  |TAMS 0x0000000083d00000, 0x0000000083d00000| Untracked 
|  61|0x0000000083d00000, 0x0000000083e00000, 0x0000000083e00000|100%| O|  |TAMS 0x0000000083e00000, 0x0000000083e00000| Untracked 
|  62|0x0000000083e00000, 0x0000000083f00000, 0x0000000083f00000|100%| O|  |TAMS 0x0000000083f00000, 0x0000000083f00000| Untracked 
|  63|0x0000000083f00000, 0x0000000084000000, 0x0000000084000000|100%| O|  |TAMS 0x0000000084000000, 0x0000000084000000| Untracked 
|  64|0x0000000084000000, 0x0000000084100000, 0x0000000084100000|100%| O|  |TAMS 0x0000000084100000, 0x0000000084100000| Untracked 
|  65|0x0000000084100000, 0x0000000084200000, 0x0000000084200000|100%| O|  |TAMS 0x0000000084200000, 0x0000000084200000| Untracked 
|  66|0x0000000084200000, 0x0000000084300000, 0x0000000084300000|100%| O|  |TAMS 0x0000000084300000, 0x0000000084300000| Untracked 
|  67|0x0000000084300000, 0x0000000084400000, 0x0000000084400000|100%| O|  |TAMS 0x0000000084400000, 0x0000000084400000| Untracked 
|  68|0x0000000084400000, 0x0000000084500000, 0x0000000084500000|100%| O|  |TAMS 0x0000000084500000, 0x0000000084500000| Untracked 
|  69|0x0000000084500000, 0x0000000084600000, 0x0000000084600000|100%| O|  |TAMS 0x0000000084600000, 0x0000000084600000| Untracked 
|  70|0x0000000084600000, 0x0000000084700000, 0x0000000084700000|100%| O|  |TAMS 0x0000000084700000, 0x0000000084700000| Untracked 
|  71|0x0000000084700000, 0x0000000084800000, 0x0000000084800000|100%| O|  |TAMS 0x0000000084800000, 0x0000000084800000| Untracked 
|  72|0x0000000084800000, 0x0000000084900000, 0x0000000084900000|100%| O|  |TAMS 0x0000000084900000, 0x0000000084900000| Untracked 
|  73|0x0000000084900000, 0x0000000084a00000, 0x0000000084a00000|100%| O|  |TAMS 0x0000000084a00000, 0x0000000084a00000| Untracked 
|  74|0x0000000084a00000, 0x0000000084b00000, 0x0000000084b00000|100%| O|  |TAMS 0x0000000084b00000, 0x0000000084b00000| Untracked 
|  75|0x0000000084b00000, 0x0000000084c00000, 0x0000000084c00000|100%| O|  |TAMS 0x0000000084c00000, 0x0000000084c00000| Untracked 
|  76|0x0000000084c00000, 0x0000000084d00000, 0x0000000084d00000|100%| O|  |TAMS 0x0000000084d00000, 0x0000000084d00000| Untracked 
|  77|0x0000000084d00000, 0x0000000084e00000, 0x0000000084e00000|100%| O|  |TAMS 0x0000000084e00000, 0x0000000084e00000| Untracked 
|  78|0x0000000084e00000, 0x0000000084f00000, 0x0000000084f00000|100%| O|  |TAMS 0x0000000084f00000, 0x0000000084f00000| Untracked 
|  79|0x0000000084f00000, 0x0000000085000000, 0x0000000085000000|100%| O|  |TAMS 0x0000000085000000, 0x0000000085000000| Untracked 
|  80|0x0000000085000000, 0x0000000085100000, 0x0000000085100000|100%| O|  |TAMS 0x0000000085100000, 0x0000000085100000| Untracked 
|  81|0x0000000085100000, 0x0000000085200000, 0x0000000085200000|100%| O|  |TAMS 0x0000000085200000, 0x0000000085200000| Untracked 
|  82|0x0000000085200000, 0x0000000085300000, 0x0000000085300000|100%| O|  |TAMS 0x0000000085300000, 0x0000000085300000| Untracked 
|  83|0x0000000085300000, 0x0000000085400000, 0x0000000085400000|100%| O|  |TAMS 0x0000000085400000, 0x0000000085400000| Untracked 
|  84|0x0000000085400000, 0x0000000085500000, 0x0000000085500000|100%| O|  |TAMS 0x0000000085500000, 0x0000000085500000| Untracked 
|  85|0x0000000085500000, 0x0000000085600000, 0x0000000085600000|100%| O|  |TAMS 0x0000000085600000, 0x0000000085600000| Untracked 
|  86|0x0000000085600000, 0x0000000085700000, 0x0000000085700000|100%| O|  |TAMS 0x0000000085700000, 0x0000000085700000| Untracked 
|  87|0x0000000085700000, 0x0000000085800000, 0x0000000085800000|100%| O|  |TAMS 0x0000000085800000, 0x0000000085800000| Untracked 
|  88|0x0000000085800000, 0x0000000085900000, 0x0000000085900000|100%|HS|  |TAMS 0x0000000085900000, 0x0000000085900000| Complete 
|  89|0x0000000085900000, 0x0000000085a00000, 0x0000000085a00000|100%|HC|  |TAMS 0x0000000085a00000, 0x0000000085a00000| Complete 
|  90|0x0000000085a00000, 0x0000000085b00000, 0x0000000085b00000|100%|HS|  |TAMS 0x0000000085b00000, 0x0000000085b00000| Complete 
|  91|0x0000000085b00000, 0x0000000085c00000, 0x0000000085c00000|100%|HS|  |TAMS 0x0000000085c00000, 0x0000000085c00000| Complete 
|  92|0x0000000085c00000, 0x0000000085d00000, 0x0000000085d00000|100%|HS|  |TAMS 0x0000000085d00000, 0x0000000085d00000| Complete 
|  93|0x0000000085d00000, 0x0000000085e00000, 0x0000000085e00000|100%|HC|  |TAMS 0x0000000085e00000, 0x0000000085e00000| Complete 
|  94|0x0000000085e00000, 0x0000000085f00000, 0x0000000085f00000|100%|HC|  |TAMS 0x0000000085f00000, 0x0000000085f00000| Complete 
|  95|0x0000000085f00000, 0x0000000086000000, 0x0000000086000000|100%|HS|  |TAMS 0x0000000086000000, 0x0000000086000000| Complete 
|  96|0x0000000086000000, 0x0000000086100000, 0x0000000086100000|100%|HC|  |TAMS 0x0000000086100000, 0x0000000086100000| Complete 
|  97|0x0000000086100000, 0x0000000086200000, 0x0000000086200000|100%|HS|  |TAMS 0x0000000086200000, 0x0000000086200000| Complete 
|  98|0x0000000086200000, 0x0000000086300000, 0x0000000086300000|100%|HC|  |TAMS 0x0000000086300000, 0x0000000086300000| Complete 
|  99|0x0000000086300000, 0x0000000086400000, 0x0000000086400000|100%|HS|  |TAMS 0x0000000086400000, 0x0000000086400000| Complete 
| 100|0x0000000086400000, 0x0000000086500000, 0x0000000086500000|100%|HC|  |TAMS 0x0000000086500000, 0x0000000086500000| Complete 
| 101|0x0000000086500000, 0x0000000086600000, 0x0000000086600000|100%|HC|  |TAMS 0x0000000086600000, 0x0000000086600000| Complete 
| 102|0x0000000086600000, 0x0000000086700000, 0x0000000086700000|100%| O|  |TAMS 0x0000000086700000, 0x0000000086700000| Untracked 
| 103|0x0000000086700000, 0x0000000086800000, 0x0000000086800000|100%| O|  |TAMS 0x0000000086800000, 0x0000000086800000| Untracked 
| 104|0x0000000086800000, 0x0000000086900000, 0x0000000086900000|100%| O|  |TAMS 0x0000000086900000, 0x0000000086900000| Untracked 
| 105|0x0000000086900000, 0x0000000086a00000, 0x0000000086a00000|100%| O|  |TAMS 0x0000000086a00000, 0x0000000086a00000| Untracked 
| 106|0x0000000086a00000, 0x0000000086b00000, 0x0000000086b00000|100%| O|  |TAMS 0x0000000086b00000, 0x0000000086b00000| Untracked 
| 107|0x0000000086b00000, 0x0000000086c00000, 0x0000000086c00000|100%| O|  |TAMS 0x0000000086c00000, 0x0000000086c00000| Untracked 
| 108|0x0000000086c00000, 0x0000000086d00000, 0x0000000086d00000|100%| O|  |TAMS 0x0000000086d00000, 0x0000000086d00000| Untracked 
| 109|0x0000000086d00000, 0x0000000086e00000, 0x0000000086e00000|100%| O|  |TAMS 0x0000000086e00000, 0x0000000086e00000| Untracked 
| 110|0x0000000086e00000, 0x0000000086f00000, 0x0000000086f00000|100%| O|  |TAMS 0x0000000086f00000, 0x0000000086f00000| Untracked 
| 111|0x0000000086f00000, 0x0000000087000000, 0x0000000087000000|100%| O|  |TAMS 0x0000000087000000, 0x0000000087000000| Untracked 
| 112|0x0000000087000000, 0x0000000087100000, 0x0000000087100000|100%| O|  |TAMS 0x0000000087100000, 0x0000000087100000| Untracked 
| 113|0x0000000087100000, 0x0000000087200000, 0x0000000087200000|100%| O|  |TAMS 0x0000000087200000, 0x0000000087200000| Untracked 
| 114|0x0000000087200000, 0x0000000087300000, 0x0000000087300000|100%| O|  |TAMS 0x0000000087300000, 0x0000000087300000| Untracked 
| 115|0x0000000087300000, 0x0000000087400000, 0x0000000087400000|100%|HS|  |TAMS 0x0000000087400000, 0x0000000087400000| Complete 
| 116|0x0000000087400000, 0x0000000087500000, 0x0000000087500000|100%|HC|  |TAMS 0x0000000087500000, 0x0000000087500000| Complete 
| 117|0x0000000087500000, 0x0000000087600000, 0x0000000087600000|100%|HC|  |TAMS 0x0000000087600000, 0x0000000087600000| Complete 
| 118|0x0000000087600000, 0x0000000087700000, 0x0000000087700000|100%|HS|  |TAMS 0x0000000087700000, 0x0000000087700000| Complete 
| 119|0x0000000087700000, 0x0000000087800000, 0x0000000087800000|100%|HC|  |TAMS 0x0000000087800000, 0x0000000087800000| Complete 
| 120|0x0000000087800000, 0x0000000087900000, 0x0000000087900000|100%| O|  |TAMS 0x0000000087900000, 0x0000000087900000| Untracked 
| 121|0x0000000087900000, 0x0000000087a00000, 0x0000000087a00000|100%| O|  |TAMS 0x0000000087a00000, 0x0000000087a00000| Untracked 
| 122|0x0000000087a00000, 0x0000000087b00000, 0x0000000087b00000|100%|HS|  |TAMS 0x0000000087b00000, 0x0000000087b00000| Complete 
| 123|0x0000000087b00000, 0x0000000087c00000, 0x0000000087c00000|100%| O|  |TAMS 0x0000000087c00000, 0x0000000087c00000| Untracked 
| 124|0x0000000087c00000, 0x0000000087d00000, 0x0000000087d00000|100%|HS|  |TAMS 0x0000000087d00000, 0x0000000087d00000| Complete 
| 125|0x0000000087d00000, 0x0000000087e00000, 0x0000000087e00000|100%| O|  |TAMS 0x0000000087e00000, 0x0000000087e00000| Untracked 
| 126|0x0000000087e00000, 0x0000000087f00000, 0x0000000087f00000|100%| O|  |TAMS 0x0000000087f00000, 0x0000000087f00000| Untracked 
| 127|0x0000000087f00000, 0x0000000088000000, 0x0000000088000000|100%| O|  |TAMS 0x0000000088000000, 0x0000000088000000| Untracked 
| 128|0x0000000088000000, 0x0000000088100000, 0x0000000088100000|100%| O|  |TAMS 0x0000000088100000, 0x0000000088100000| Untracked 
| 129|0x0000000088100000, 0x0000000088200000, 0x0000000088200000|100%| O|  |TAMS 0x0000000088200000, 0x0000000088200000| Untracked 
| 130|0x0000000088200000, 0x0000000088300000, 0x0000000088300000|100%| O|  |TAMS 0x0000000088300000, 0x0000000088300000| Untracked 
| 131|0x0000000088300000, 0x0000000088400000, 0x0000000088400000|100%|HS|  |TAMS 0x0000000088400000, 0x0000000088400000| Complete 
| 132|0x0000000088400000, 0x0000000088500000, 0x0000000088500000|100%|HC|  |TAMS 0x0000000088500000, 0x0000000088500000| Complete 
| 133|0x0000000088500000, 0x0000000088600000, 0x0000000088600000|100%|HC|  |TAMS 0x0000000088600000, 0x0000000088600000| Complete 
| 134|0x0000000088600000, 0x0000000088700000, 0x0000000088700000|100%| O|  |TAMS 0x0000000088700000, 0x0000000088700000| Untracked 
| 135|0x0000000088700000, 0x0000000088800000, 0x0000000088800000|100%| O|  |TAMS 0x0000000088800000, 0x0000000088800000| Untracked 
| 136|0x0000000088800000, 0x0000000088900000, 0x0000000088900000|100%| O|  |TAMS 0x0000000088900000, 0x0000000088900000| Untracked 
| 137|0x0000000088900000, 0x0000000088a00000, 0x0000000088a00000|100%|HS|  |TAMS 0x0000000088a00000, 0x0000000088a00000| Complete 
| 138|0x0000000088a00000, 0x0000000088b00000, 0x0000000088b00000|100%|HC|  |TAMS 0x0000000088b00000, 0x0000000088b00000| Complete 
| 139|0x0000000088b00000, 0x0000000088c00000, 0x0000000088c00000|100%| O|  |TAMS 0x0000000088c00000, 0x0000000088c00000| Untracked 
| 140|0x0000000088c00000, 0x0000000088d00000, 0x0000000088d00000|100%| O|  |TAMS 0x0000000088d00000, 0x0000000088d00000| Untracked 
| 141|0x0000000088d00000, 0x0000000088e00000, 0x0000000088e00000|100%| O|  |TAMS 0x0000000088e00000, 0x0000000088e00000| Untracked 
| 142|0x0000000088e00000, 0x0000000088f00000, 0x0000000088f00000|100%| O|  |TAMS 0x0000000088f00000, 0x0000000088f00000| Untracked 
| 143|0x0000000088f00000, 0x0000000089000000, 0x0000000089000000|100%| O|  |TAMS 0x0000000089000000, 0x0000000089000000| Untracked 
| 144|0x0000000089000000, 0x0000000089100000, 0x0000000089100000|100%| O|  |TAMS 0x0000000089100000, 0x0000000089100000| Untracked 
| 145|0x0000000089100000, 0x0000000089200000, 0x0000000089200000|100%| O|  |TAMS 0x0000000089200000, 0x0000000089200000| Untracked 
| 146|0x0000000089200000, 0x0000000089300000, 0x0000000089300000|100%| O|  |TAMS 0x0000000089300000, 0x0000000089300000| Untracked 
| 147|0x0000000089300000, 0x0000000089400000, 0x0000000089400000|100%|HS|  |TAMS 0x0000000089400000, 0x0000000089400000| Complete 
| 148|0x0000000089400000, 0x0000000089500000, 0x0000000089500000|100%|HS|  |TAMS 0x0000000089500000, 0x0000000089500000| Complete 
| 149|0x0000000089500000, 0x0000000089600000, 0x0000000089600000|100%| O|  |TAMS 0x0000000089600000, 0x0000000089600000| Untracked 
| 150|0x0000000089600000, 0x0000000089700000, 0x0000000089700000|100%| O|  |TAMS 0x0000000089700000, 0x0000000089700000| Untracked 
| 151|0x0000000089700000, 0x0000000089800000, 0x0000000089800000|100%| O|  |TAMS 0x0000000089800000, 0x0000000089800000| Untracked 
| 152|0x0000000089800000, 0x0000000089900000, 0x0000000089900000|100%| O|  |TAMS 0x0000000089900000, 0x0000000089900000| Untracked 
| 153|0x0000000089900000, 0x0000000089a00000, 0x0000000089a00000|100%| O|  |TAMS 0x0000000089a00000, 0x0000000089a00000| Untracked 
| 154|0x0000000089a00000, 0x0000000089b00000, 0x0000000089b00000|100%| O|  |TAMS 0x0000000089b00000, 0x0000000089b00000| Untracked 
| 155|0x0000000089b00000, 0x0000000089c00000, 0x0000000089c00000|100%| O|  |TAMS 0x0000000089c00000, 0x0000000089c00000| Untracked 
| 156|0x0000000089c00000, 0x0000000089d00000, 0x0000000089d00000|100%| O|  |TAMS 0x0000000089d00000, 0x0000000089d00000| Untracked 
| 157|0x0000000089d00000, 0x0000000089e00000, 0x0000000089e00000|100%| O|  |TAMS 0x0000000089e00000, 0x0000000089e00000| Untracked 
| 158|0x0000000089e00000, 0x0000000089f00000, 0x0000000089f00000|100%| O|  |TAMS 0x0000000089e5fc00, 0x0000000089f00000| Untracked 
| 159|0x0000000089f00000, 0x000000008a000000, 0x000000008a000000|100%| O|  |TAMS 0x0000000089f00000, 0x000000008a000000| Untracked 
| 160|0x000000008a000000, 0x000000008a100000, 0x000000008a100000|100%|HS|  |TAMS 0x000000008a100000, 0x000000008a100000| Complete 
| 161|0x000000008a100000, 0x000000008a200000, 0x000000008a200000|100%|HC|  |TAMS 0x000000008a200000, 0x000000008a200000| Complete 
| 162|0x000000008a200000, 0x000000008a300000, 0x000000008a300000|100%| O|  |TAMS 0x000000008a200000, 0x000000008a300000| Untracked 
| 163|0x000000008a300000, 0x000000008a400000, 0x000000008a400000|100%| O|  |TAMS 0x000000008a300000, 0x000000008a400000| Untracked 
| 164|0x000000008a400000, 0x000000008a500000, 0x000000008a500000|100%| O|  |TAMS 0x000000008a400000, 0x000000008a500000| Untracked 
| 165|0x000000008a500000, 0x000000008a600000, 0x000000008a600000|100%| O|  |TAMS 0x000000008a500000, 0x000000008a600000| Untracked 
| 166|0x000000008a600000, 0x000000008a700000, 0x000000008a700000|100%| O|  |TAMS 0x000000008a600000, 0x000000008a700000| Untracked 
| 167|0x000000008a700000, 0x000000008a800000, 0x000000008a800000|100%| O|  |TAMS 0x000000008a700000, 0x000000008a800000| Untracked 
| 168|0x000000008a800000, 0x000000008a900000, 0x000000008a900000|100%| O|  |TAMS 0x000000008a900000, 0x000000008a900000| Untracked 
| 169|0x000000008a900000, 0x000000008aa00000, 0x000000008aa00000|100%| O|  |TAMS 0x000000008a900000, 0x000000008aa00000| Untracked 
| 170|0x000000008aa00000, 0x000000008ab00000, 0x000000008ab00000|100%| O|  |TAMS 0x000000008aa00000, 0x000000008ab00000| Untracked 
| 171|0x000000008ab00000, 0x000000008ac00000, 0x000000008ac00000|100%| O|  |TAMS 0x000000008ac00000, 0x000000008ac00000| Untracked 
| 172|0x000000008ac00000, 0x000000008ad00000, 0x000000008ad00000|100%| O|  |TAMS 0x000000008ad00000, 0x000000008ad00000| Untracked 
| 173|0x000000008ad00000, 0x000000008ae00000, 0x000000008ae00000|100%| O|  |TAMS 0x000000008ad00000, 0x000000008ae00000| Untracked 
| 174|0x000000008ae00000, 0x000000008af00000, 0x000000008af00000|100%| O|  |TAMS 0x000000008ae00000, 0x000000008af00000| Untracked 
| 175|0x000000008af00000, 0x000000008b000000, 0x000000008b000000|100%| O|  |TAMS 0x000000008af00000, 0x000000008b000000| Untracked 
| 176|0x000000008b000000, 0x000000008b100000, 0x000000008b100000|100%| O|  |TAMS 0x000000008b000000, 0x000000008b100000| Untracked 
| 177|0x000000008b100000, 0x000000008b200000, 0x000000008b200000|100%| O|  |TAMS 0x000000008b100000, 0x000000008b200000| Untracked 
| 178|0x000000008b200000, 0x000000008b300000, 0x000000008b300000|100%| O|  |TAMS 0x000000008b200000, 0x000000008b300000| Untracked 
| 179|0x000000008b300000, 0x000000008b400000, 0x000000008b400000|100%| O|  |TAMS 0x000000008b300000, 0x000000008b400000| Untracked 
| 180|0x000000008b400000, 0x000000008b500000, 0x000000008b500000|100%| O|  |TAMS 0x000000008b400000, 0x000000008b500000| Untracked 
| 181|0x000000008b500000, 0x000000008b600000, 0x000000008b600000|100%| O|  |TAMS 0x000000008b500000, 0x000000008b600000| Untracked 
| 182|0x000000008b600000, 0x000000008b690e00, 0x000000008b700000| 56%| O|  |TAMS 0x000000008b600000, 0x000000008b690e00| Untracked 
| 183|0x000000008b700000, 0x000000008b700000, 0x000000008b800000|  0%| F|  |TAMS 0x000000008b700000, 0x000000008b700000| Untracked 
| 184|0x000000008b800000, 0x000000008b800000, 0x000000008b900000|  0%| F|  |TAMS 0x000000008b800000, 0x000000008b800000| Untracked 
| 185|0x000000008b900000, 0x000000008b900000, 0x000000008ba00000|  0%| F|  |TAMS 0x000000008b900000, 0x000000008b900000| Untracked 
| 186|0x000000008ba00000, 0x000000008ba00000, 0x000000008bb00000|  0%| F|  |TAMS 0x000000008ba00000, 0x000000008ba00000| Untracked 
| 187|0x000000008bb00000, 0x000000008bb00000, 0x000000008bc00000|  0%| F|  |TAMS 0x000000008bb00000, 0x000000008bb00000| Untracked 
| 188|0x000000008bc00000, 0x000000008bc00000, 0x000000008bd00000|  0%| F|  |TAMS 0x000000008bc00000, 0x000000008bc00000| Untracked 
| 189|0x000000008bd00000, 0x000000008bd00000, 0x000000008be00000|  0%| F|  |TAMS 0x000000008bd00000, 0x000000008bd00000| Untracked 
| 190|0x000000008be00000, 0x000000008be00000, 0x000000008bf00000|  0%| F|  |TAMS 0x000000008be00000, 0x000000008be00000| Untracked 
| 191|0x000000008bf00000, 0x000000008bf00000, 0x000000008c000000|  0%| F|  |TAMS 0x000000008bf00000, 0x000000008bf00000| Untracked 
| 192|0x000000008c000000, 0x000000008c000000, 0x000000008c100000|  0%| F|  |TAMS 0x000000008c000000, 0x000000008c000000| Untracked 
| 193|0x000000008c100000, 0x000000008c100000, 0x000000008c200000|  0%| F|  |TAMS 0x000000008c100000, 0x000000008c100000| Untracked 
| 194|0x000000008c200000, 0x000000008c200000, 0x000000008c300000|  0%| F|  |TAMS 0x000000008c200000, 0x000000008c200000| Untracked 
| 195|0x000000008c300000, 0x000000008c300000, 0x000000008c400000|  0%| F|  |TAMS 0x000000008c300000, 0x000000008c300000| Untracked 
| 196|0x000000008c400000, 0x000000008c400000, 0x000000008c500000|  0%| F|  |TAMS 0x000000008c400000, 0x000000008c400000| Untracked 
| 197|0x000000008c500000, 0x000000008c500000, 0x000000008c600000|  0%| F|  |TAMS 0x000000008c500000, 0x000000008c500000| Untracked 
| 198|0x000000008c600000, 0x000000008c600000, 0x000000008c700000|  0%| F|  |TAMS 0x000000008c600000, 0x000000008c600000| Untracked 
| 199|0x000000008c700000, 0x000000008c700000, 0x000000008c800000|  0%| F|  |TAMS 0x000000008c700000, 0x000000008c700000| Untracked 
| 200|0x000000008c800000, 0x000000008c800000, 0x000000008c900000|  0%| F|  |TAMS 0x000000008c800000, 0x000000008c800000| Untracked 
| 201|0x000000008c900000, 0x000000008c900000, 0x000000008ca00000|  0%| F|  |TAMS 0x000000008c900000, 0x000000008c900000| Untracked 
| 202|0x000000008ca00000, 0x000000008ca00000, 0x000000008cb00000|  0%| F|  |TAMS 0x000000008ca00000, 0x000000008ca00000| Untracked 
| 203|0x000000008cb00000, 0x000000008cb00000, 0x000000008cc00000|  0%| F|  |TAMS 0x000000008cb00000, 0x000000008cb00000| Untracked 
| 204|0x000000008cc00000, 0x000000008cc00000, 0x000000008cd00000|  0%| F|  |TAMS 0x000000008cc00000, 0x000000008cc00000| Untracked 
| 205|0x000000008cd00000, 0x000000008cd00000, 0x000000008ce00000|  0%| F|  |TAMS 0x000000008cd00000, 0x000000008cd00000| Untracked 
| 206|0x000000008ce00000, 0x000000008ce00000, 0x000000008cf00000|  0%| F|  |TAMS 0x000000008ce00000, 0x000000008ce00000| Untracked 
| 207|0x000000008cf00000, 0x000000008cf00000, 0x000000008d000000|  0%| F|  |TAMS 0x000000008cf00000, 0x000000008cf00000| Untracked 
| 208|0x000000008d000000, 0x000000008d000000, 0x000000008d100000|  0%| F|  |TAMS 0x000000008d000000, 0x000000008d000000| Untracked 
| 209|0x000000008d100000, 0x000000008d100000, 0x000000008d200000|  0%| F|  |TAMS 0x000000008d100000, 0x000000008d100000| Untracked 
| 210|0x000000008d200000, 0x000000008d200000, 0x000000008d300000|  0%| F|  |TAMS 0x000000008d200000, 0x000000008d200000| Untracked 
| 211|0x000000008d300000, 0x000000008d300000, 0x000000008d400000|  0%| F|  |TAMS 0x000000008d300000, 0x000000008d300000| Untracked 
| 212|0x000000008d400000, 0x000000008d400000, 0x000000008d500000|  0%| F|  |TAMS 0x000000008d400000, 0x000000008d400000| Untracked 
| 213|0x000000008d500000, 0x000000008d500000, 0x000000008d600000|  0%| F|  |TAMS 0x000000008d500000, 0x000000008d500000| Untracked 
| 214|0x000000008d600000, 0x000000008d600000, 0x000000008d700000|  0%| F|  |TAMS 0x000000008d600000, 0x000000008d600000| Untracked 
| 215|0x000000008d700000, 0x000000008d700000, 0x000000008d800000|  0%| F|  |TAMS 0x000000008d700000, 0x000000008d700000| Untracked 
| 216|0x000000008d800000, 0x000000008d800000, 0x000000008d900000|  0%| F|  |TAMS 0x000000008d800000, 0x000000008d800000| Untracked 
| 217|0x000000008d900000, 0x000000008d900000, 0x000000008da00000|  0%| F|  |TAMS 0x000000008d900000, 0x000000008d900000| Untracked 
| 218|0x000000008da00000, 0x000000008da00000, 0x000000008db00000|  0%| F|  |TAMS 0x000000008da00000, 0x000000008da00000| Untracked 
| 219|0x000000008db00000, 0x000000008db00000, 0x000000008dc00000|  0%| F|  |TAMS 0x000000008db00000, 0x000000008db00000| Untracked 
| 220|0x000000008dc00000, 0x000000008dc00000, 0x000000008dd00000|  0%| F|  |TAMS 0x000000008dc00000, 0x000000008dc00000| Untracked 
| 221|0x000000008dd00000, 0x000000008dd00000, 0x000000008de00000|  0%| F|  |TAMS 0x000000008dd00000, 0x000000008dd00000| Untracked 
| 222|0x000000008de00000, 0x000000008de00000, 0x000000008df00000|  0%| F|  |TAMS 0x000000008de00000, 0x000000008de00000| Untracked 
| 223|0x000000008df00000, 0x000000008df00000, 0x000000008e000000|  0%| F|  |TAMS 0x000000008df00000, 0x000000008df00000| Untracked 
| 224|0x000000008e000000, 0x000000008e000000, 0x000000008e100000|  0%| F|  |TAMS 0x000000008e000000, 0x000000008e000000| Untracked 
| 225|0x000000008e100000, 0x000000008e100000, 0x000000008e200000|  0%| F|  |TAMS 0x000000008e100000, 0x000000008e100000| Untracked 
| 226|0x000000008e200000, 0x000000008e300000, 0x000000008e300000|100%| S|CS|TAMS 0x000000008e200000, 0x000000008e200000| Complete 
| 227|0x000000008e300000, 0x000000008e400000, 0x000000008e400000|100%| S|CS|TAMS 0x000000008e300000, 0x000000008e300000| Complete 
| 228|0x000000008e400000, 0x000000008e500000, 0x000000008e500000|100%| S|CS|TAMS 0x000000008e400000, 0x000000008e400000| Complete 
| 229|0x000000008e500000, 0x000000008e500000, 0x000000008e600000|  0%| F|  |TAMS 0x000000008e500000, 0x000000008e500000| Untracked 
| 230|0x000000008e600000, 0x000000008e600000, 0x000000008e700000|  0%| F|  |TAMS 0x000000008e600000, 0x000000008e600000| Untracked 
| 231|0x000000008e700000, 0x000000008e800000, 0x000000008e800000|100%| S|CS|TAMS 0x000000008e700000, 0x000000008e700000| Complete 
| 232|0x000000008e800000, 0x000000008e900000, 0x000000008e900000|100%| S|CS|TAMS 0x000000008e800000, 0x000000008e800000| Complete 
| 233|0x000000008e900000, 0x000000008e900000, 0x000000008ea00000|  0%| F|  |TAMS 0x000000008e900000, 0x000000008e900000| Untracked 
| 234|0x000000008ea00000, 0x000000008ea00000, 0x000000008eb00000|  0%| F|  |TAMS 0x000000008ea00000, 0x000000008ea00000| Untracked 
| 235|0x000000008eb00000, 0x000000008eb00000, 0x000000008ec00000|  0%| F|  |TAMS 0x000000008eb00000, 0x000000008eb00000| Untracked 
| 236|0x000000008ec00000, 0x000000008ec00000, 0x000000008ed00000|  0%| F|  |TAMS 0x000000008ec00000, 0x000000008ec00000| Untracked 
| 237|0x000000008ed00000, 0x000000008ed00000, 0x000000008ee00000|  0%| F|  |TAMS 0x000000008ed00000, 0x000000008ed00000| Untracked 
| 238|0x000000008ee00000, 0x000000008ee00000, 0x000000008ef00000|  0%| F|  |TAMS 0x000000008ee00000, 0x000000008ee00000| Untracked 
| 239|0x000000008ef00000, 0x000000008ef00000, 0x000000008f000000|  0%| F|  |TAMS 0x000000008ef00000, 0x000000008ef00000| Untracked 
| 240|0x000000008f000000, 0x000000008f000000, 0x000000008f100000|  0%| F|  |TAMS 0x000000008f000000, 0x000000008f000000| Untracked 
| 241|0x000000008f100000, 0x000000008f100000, 0x000000008f200000|  0%| F|  |TAMS 0x000000008f100000, 0x000000008f100000| Untracked 
| 242|0x000000008f200000, 0x000000008f200000, 0x000000008f300000|  0%| F|  |TAMS 0x000000008f200000, 0x000000008f200000| Untracked 
| 243|0x000000008f300000, 0x000000008f300000, 0x000000008f400000|  0%| F|  |TAMS 0x000000008f300000, 0x000000008f300000| Untracked 
| 244|0x000000008f400000, 0x000000008f400000, 0x000000008f500000|  0%| F|  |TAMS 0x000000008f400000, 0x000000008f400000| Untracked 
| 245|0x000000008f500000, 0x000000008f500000, 0x000000008f600000|  0%| F|  |TAMS 0x000000008f500000, 0x000000008f500000| Untracked 
| 246|0x000000008f600000, 0x000000008f600000, 0x000000008f700000|  0%| F|  |TAMS 0x000000008f600000, 0x000000008f600000| Untracked 
| 247|0x000000008f700000, 0x000000008f700000, 0x000000008f800000|  0%| F|  |TAMS 0x000000008f700000, 0x000000008f700000| Untracked 
| 248|0x000000008f800000, 0x000000008f800000, 0x000000008f900000|  0%| F|  |TAMS 0x000000008f800000, 0x000000008f800000| Untracked 
| 249|0x000000008f900000, 0x000000008f900000, 0x000000008fa00000|  0%| F|  |TAMS 0x000000008f900000, 0x000000008f900000| Untracked 
| 250|0x000000008fa00000, 0x000000008fa00000, 0x000000008fb00000|  0%| F|  |TAMS 0x000000008fa00000, 0x000000008fa00000| Untracked 
| 251|0x000000008fb00000, 0x000000008fb00000, 0x000000008fc00000|  0%| F|  |TAMS 0x000000008fb00000, 0x000000008fb00000| Untracked 
| 252|0x000000008fc00000, 0x000000008fc00000, 0x000000008fd00000|  0%| F|  |TAMS 0x000000008fc00000, 0x000000008fc00000| Untracked 
| 253|0x000000008fd00000, 0x000000008fd00000, 0x000000008fe00000|  0%| F|  |TAMS 0x000000008fd00000, 0x000000008fd00000| Untracked 
| 254|0x000000008fe00000, 0x000000008fe00000, 0x000000008ff00000|  0%| F|  |TAMS 0x000000008fe00000, 0x000000008fe00000| Untracked 
| 255|0x000000008ff00000, 0x000000008ff00000, 0x0000000090000000|  0%| F|  |TAMS 0x000000008ff00000, 0x000000008ff00000| Untracked 
| 256|0x0000000090000000, 0x0000000090000000, 0x0000000090100000|  0%| F|  |TAMS 0x0000000090000000, 0x0000000090000000| Untracked 
| 257|0x0000000090100000, 0x0000000090100000, 0x0000000090200000|  0%| F|  |TAMS 0x0000000090100000, 0x0000000090100000| Untracked 
| 258|0x0000000090200000, 0x0000000090200000, 0x0000000090300000|  0%| F|  |TAMS 0x0000000090200000, 0x0000000090200000| Untracked 
| 259|0x0000000090300000, 0x0000000090300000, 0x0000000090400000|  0%| F|  |TAMS 0x0000000090300000, 0x0000000090300000| Untracked 
| 260|0x0000000090400000, 0x0000000090400000, 0x0000000090500000|  0%| F|  |TAMS 0x0000000090400000, 0x0000000090400000| Untracked 
| 261|0x0000000090500000, 0x0000000090500000, 0x0000000090600000|  0%| F|  |TAMS 0x0000000090500000, 0x0000000090500000| Untracked 
| 262|0x0000000090600000, 0x0000000090600000, 0x0000000090700000|  0%| F|  |TAMS 0x0000000090600000, 0x0000000090600000| Untracked 
| 263|0x0000000090700000, 0x0000000090700000, 0x0000000090800000|  0%| F|  |TAMS 0x0000000090700000, 0x0000000090700000| Untracked 

Card table byte_map: [0x000001eff6560000,0x000001eff6960000] _byte_map_base: 0x000001eff6160000

Marking Bits (Prev, Next): (CMBitMap*) 0x000001eff2352c48, (CMBitMap*) 0x000001eff2352c80
 Prev Bits: [0x000001eff6d60000, 0x000001eff8d60000)
 Next Bits: [0x000001eff8d60000, 0x000001effad60000)

Polling page: 0x000001eff0260000

Metaspace:

Usage:
  Non-class:     83.89 MB capacity,    82.17 MB ( 98%) used,     1.40 MB (  2%) free+waste,   321.75 KB ( <1%) overhead. 
      Class:     13.54 MB capacity,    12.51 MB ( 92%) used,   915.00 KB (  7%) free+waste,   147.88 KB (  1%) overhead. 
       Both:     97.43 MB capacity,    94.67 MB ( 97%) used,     2.30 MB (  2%) free+waste,   469.62 KB ( <1%) overhead. 

Virtual space:
  Non-class space:       86.00 MB reserved,      84.13 MB ( 98%) committed 
      Class space:        1.00 GB reserved,      13.65 MB (  1%) committed 
             Both:        1.08 GB reserved,      97.78 MB (  9%) committed 

Chunk freelists:
   Non-Class:  57.00 KB
       Class:  0 bytes
        Both:  57.00 KB

MaxMetaspaceSize: 17179869184.00 GB
CompressedClassSpaceSize: 1.00 GB
Initial GC threshold: 20.80 MB
Current GC threshold: 160.25 MB
CDS: off

CodeHeap 'non-profiled nmethods': size=120000Kb used=7754Kb max_used=7754Kb free=112245Kb
 bounds [0x000001ef87ad0000, 0x000001ef88270000, 0x000001ef8f000000]
CodeHeap 'profiled nmethods': size=120000Kb used=24913Kb max_used=24913Kb free=95086Kb
 bounds [0x000001ef805a0000, 0x000001ef81e00000, 0x000001ef87ad0000]
CodeHeap 'non-nmethods': size=5760Kb used=2420Kb max_used=2453Kb free=3340Kb
 bounds [0x000001ef80000000, 0x000001ef80280000, 0x000001ef805a0000]
 total_blobs=12889 nmethods=11941 adapters=860
 compilation: enabled
              stopped_count=0, restarted_count=0
 full_count=0

Compilation events (20 events):
Event: 39.960 Thread 0x000001effe04d000 nmethod 12265 0x000001ef81df1b10 code [0x000001ef81df1cc0, 0x000001ef81df1db8]
Event: 39.960 Thread 0x000001effe04d000 12264   !   2       com.android.tools.r8.graph.v0::e (36 bytes)
Event: 39.961 Thread 0x000001effe04d000 nmethod 12264 0x000001ef81df1e90 code [0x000001ef81df2060, 0x000001ef81df2408]
Event: 39.961 Thread 0x000001effe04d000 12261       2       com.android.tools.r8.dex.code.H0::<init> (28 bytes)
Event: 39.962 Thread 0x000001effe04d000 nmethod 12261 0x000001ef81df2690 code [0x000001ef81df2860, 0x000001ef81df2a98]
Event: 39.962 Thread 0x000001effe04d000 12251       2       com.android.tools.r8.internal.RL::hasNext (14 bytes)
Event: 39.963 Thread 0x000001effe04d000 nmethod 12251 0x000001ef81df2c90 code [0x000001ef81df2e40, 0x000001ef81df2f58]
Event: 39.963 Thread 0x000001effe04d000 12242       2       com.android.tools.r8.graph.b1$$Lambda$1405/0x0000000100d78040::apply (8 bytes)
Event: 39.964 Thread 0x000001effe04d000 nmethod 12242 0x000001ef81df3010 code [0x000001ef81df31c0, 0x000001ef81df32f8]
Event: 39.964 Thread 0x000001effe04d000 12240       2       com.android.tools.r8.graph.T0$$Lambda$1389/0x0000000100d1e840::apply (8 bytes)
Event: 39.965 Thread 0x000001effe04d000 nmethod 12240 0x000001ef81df3410 code [0x000001ef81df35c0, 0x000001ef81df36f8]
Event: 39.965 Thread 0x000001effe04d000 12241       2       com.android.tools.r8.graph.b1::F (2 bytes)
Event: 39.965 Thread 0x000001effe04d000 nmethod 12241 0x000001ef81df3810 code [0x000001ef81df39c0, 0x000001ef81df3ab8]
Event: 39.965 Thread 0x000001effe04d000 11938       1       com.android.tools.r8.graph.g1::a (5 bytes)
Event: 39.966 Thread 0x000001effe04d000 nmethod 11938 0x000001ef88262590 code [0x000001ef88262740, 0x000001ef882627d8]
Event: 39.966 Thread 0x000001effe04d000 12268       2       com.android.tools.r8.graph.g1::F (2 bytes)
Event: 39.971 Thread 0x000001effe04d000 nmethod 12268 0x000001ef81df3b90 code [0x000001ef81df3d40, 0x000001ef81df3e38]
Event: 39.972 Thread 0x000001effe04d000 12275       2       com.android.tools.r8.dex.code.M0::<init> (28 bytes)
Event: 39.977 Thread 0x000001effe04d000 nmethod 12275 0x000001ef81df3f10 code [0x000001ef81df40e0, 0x000001ef81df4318]
Event: 39.979 Thread 0x000001effe04d000 12279       2       com.android.tools.r8.dex.g::<init> (812 bytes)

GC Heap History (20 events):
Event: 38.220 GC heap after
{Heap after GC invocations=34 (full 0):
 garbage-first heap   total 177152K, used 147456K [0x0000000080000000, 0x0000000100000000)
  region size 1024K, 2 young (2048K), 2 survivors (2048K)
 Metaspace       used 93672K, capacity 96304K, committed 96540K, reserved 1132544K
  class space    used 12210K, capacity 13182K, committed 13208K, reserved 1048576K
}
Event: 38.272 GC heap before
{Heap before GC invocations=34 (full 0):
 garbage-first heap   total 177152K, used 153600K [0x0000000080000000, 0x0000000100000000)
  region size 1024K, 8 young (8192K), 2 survivors (2048K)
 Metaspace       used 93706K, capacity 96309K, committed 96540K, reserved 1132544K
  class space    used 12211K, capacity 13184K, committed 13208K, reserved 1048576K
}
Event: 38.279 GC heap after
{Heap after GC invocations=35 (full 0):
 garbage-first heap   total 177152K, used 149908K [0x0000000080000000, 0x0000000100000000)
  region size 1024K, 1 young (1024K), 1 survivors (1024K)
 Metaspace       used 93706K, capacity 96309K, committed 96540K, reserved 1132544K
  class space    used 12211K, capacity 13184K, committed 13208K, reserved 1048576K
}
Event: 38.343 GC heap before
{Heap before GC invocations=35 (full 0):
 garbage-first heap   total 177152K, used 156052K [0x0000000080000000, 0x0000000100000000)
  region size 1024K, 8 young (8192K), 1 survivors (1024K)
 Metaspace       used 93839K, capacity 96502K, committed 96668K, reserved 1132544K
  class space    used 12233K, capacity 13229K, committed 13336K, reserved 1048576K
}
Event: 38.352 GC heap after
{Heap after GC invocations=36 (full 0):
 garbage-first heap   total 177152K, used 153175K [0x0000000080000000, 0x0000000100000000)
  region size 1024K, 1 young (1024K), 1 survivors (1024K)
 Metaspace       used 93839K, capacity 96502K, committed 96668K, reserved 1132544K
  class space    used 12233K, capacity 13229K, committed 13336K, reserved 1048576K
}
Event: 38.402 GC heap before
{Heap before GC invocations=36 (full 0):
 garbage-first heap   total 177152K, used 159319K [0x0000000080000000, 0x0000000100000000)
  region size 1024K, 8 young (8192K), 1 survivors (1024K)
 Metaspace       used 93892K, capacity 96518K, committed 96668K, reserved 1132544K
  class space    used 12242K, capacity 13235K, committed 13336K, reserved 1048576K
}
Event: 38.410 GC heap after
{Heap after GC invocations=37 (full 0):
 garbage-first heap   total 177152K, used 156298K [0x0000000080000000, 0x0000000100000000)
  region size 1024K, 1 young (1024K), 1 survivors (1024K)
 Metaspace       used 93892K, capacity 96518K, committed 96668K, reserved 1132544K
  class space    used 12242K, capacity 13235K, committed 13336K, reserved 1048576K
}
Event: 38.499 GC heap before
{Heap before GC invocations=37 (full 0):
 garbage-first heap   total 177152K, used 165514K [0x0000000080000000, 0x0000000100000000)
  region size 1024K, 8 young (8192K), 1 survivors (1024K)
 Metaspace       used 93924K, capacity 96586K, committed 96924K, reserved 1132544K
  class space    used 12245K, capacity 13235K, committed 13336K, reserved 1048576K
}
Event: 38.508 GC heap after
{Heap after GC invocations=38 (full 0):
 garbage-first heap   total 177152K, used 160768K [0x0000000080000000, 0x0000000100000000)
  region size 1024K, 1 young (1024K), 1 survivors (1024K)
 Metaspace       used 93924K, capacity 96586K, committed 96924K, reserved 1132544K
  class space    used 12245K, capacity 13235K, committed 13336K, reserved 1048576K
}
Event: 38.538 GC heap before
{Heap before GC invocations=38 (full 0):
 garbage-first heap   total 177152K, used 167936K [0x0000000080000000, 0x0000000100000000)
  region size 1024K, 8 young (8192K), 1 survivors (1024K)
 Metaspace       used 93933K, capacity 96589K, committed 96924K, reserved 1132544K
  class space    used 12245K, capacity 13236K, committed 13336K, reserved 1048576K
}
Event: 38.547 GC heap after
{Heap after GC invocations=39 (full 0):
 garbage-first heap   total 177152K, used 162580K [0x0000000080000000, 0x0000000100000000)
  region size 1024K, 1 young (1024K), 1 survivors (1024K)
 Metaspace       used 93933K, capacity 96589K, committed 96924K, reserved 1132544K
  class space    used 12245K, capacity 13236K, committed 13336K, reserved 1048576K
}
Event: 38.645 GC heap before
{Heap before GC invocations=40 (full 0):
 garbage-first heap   total 177152K, used 169748K [0x0000000080000000, 0x0000000100000000)
  region size 1024K, 8 young (8192K), 1 survivors (1024K)
 Metaspace       used 94129K, capacity 96822K, committed 96924K, reserved 1132544K
  class space    used 12273K, capacity 13271K, committed 13336K, reserved 1048576K
}
Event: 38.662 GC heap after
{Heap after GC invocations=41 (full 0):
 garbage-first heap   total 270336K, used 165214K [0x0000000080000000, 0x0000000100000000)
  region size 1024K, 1 young (1024K), 1 survivors (1024K)
 Metaspace       used 94129K, capacity 96822K, committed 96924K, reserved 1132544K
  class space    used 12273K, capacity 13271K, committed 13336K, reserved 1048576K
}
Event: 38.897 GC heap before
{Heap before GC invocations=41 (full 0):
 garbage-first heap   total 270336K, used 191838K [0x0000000080000000, 0x0000000100000000)
  region size 1024K, 28 young (28672K), 1 survivors (1024K)
 Metaspace       used 94241K, capacity 96900K, committed 97180K, reserved 1132544K
  class space    used 12290K, capacity 13275K, committed 13336K, reserved 1048576K
}
Event: 38.917 GC heap after
{Heap after GC invocations=42 (full 0):
 garbage-first heap   total 270336K, used 171391K [0x0000000080000000, 0x0000000100000000)
  region size 1024K, 4 young (4096K), 4 survivors (4096K)
 Metaspace       used 94241K, capacity 96900K, committed 97180K, reserved 1132544K
  class space    used 12290K, capacity 13275K, committed 13336K, reserved 1048576K
}
Event: 39.117 GC heap before
{Heap before GC invocations=42 (full 0):
 garbage-first heap   total 270336K, used 199039K [0x0000000080000000, 0x0000000100000000)
  region size 1024K, 31 young (31744K), 4 survivors (4096K)
 Metaspace       used 95161K, capacity 97892K, committed 98204K, reserved 1134592K
  class space    used 12453K, capacity 13489K, committed 13592K, reserved 1048576K
}
Event: 39.129 GC heap after
{Heap after GC invocations=43 (full 0):
 garbage-first heap   total 270336K, used 173032K [0x0000000080000000, 0x0000000100000000)
  region size 1024K, 2 young (2048K), 2 survivors (2048K)
 Metaspace       used 95161K, capacity 97892K, committed 98204K, reserved 1134592K
  class space    used 12453K, capacity 13489K, committed 13592K, reserved 1048576K
}
Event: 39.698 GC heap before
{Heap before GC invocations=44 (full 0):
 garbage-first heap   total 270336K, used 204776K [0x0000000080000000, 0x0000000100000000)
  region size 1024K, 31 young (31744K), 2 survivors (2048K)
 Metaspace       used 96715K, capacity 99453K, committed 99484K, reserved 1134592K
  class space    used 12790K, capacity 13821K, committed 13848K, reserved 1048576K
}
Event: 39.708 GC heap after
{Heap after GC invocations=45 (full 0):
 garbage-first heap   total 270336K, used 177563K [0x0000000080000000, 0x0000000100000000)
  region size 1024K, 4 young (4096K), 4 survivors (4096K)
 Metaspace       used 96715K, capacity 99453K, committed 99484K, reserved 1134592K
  class space    used 12790K, capacity 13821K, committed 13848K, reserved 1048576K
}
Event: 39.998 GC heap before
{Heap before GC invocations=45 (full 0):
 garbage-first heap   total 270336K, used 207259K [0x0000000080000000, 0x0000000100000000)
  region size 1024K, 33 young (33792K), 4 survivors (4096K)
 Metaspace       used 96944K, capacity 99767K, committed 100124K, reserved 1136640K
  class space    used 12805K, capacity 13868K, committed 13976K, reserved 1048576K
}

Deoptimization events (20 events):
Event: 39.088 Thread 0x000001ef96721000 Uncommon trap: trap_request=0xffffff4d fr.pc=0x000001ef8805c814 relative=0x0000000000000354
Event: 39.088 Thread 0x000001ef96721000 Uncommon trap: reason=unstable_if action=reinterpret pc=0x000001ef8805c814 method=java.util.concurrent.ConcurrentLinkedQueue.offer(Ljava/lang/Object;)Z @ 42 c2
Event: 39.088 Thread 0x000001ef96721000 DEOPT PACKING pc=0x000001ef8805c814 sp=0x00000048eecfe9a0
Event: 39.088 Thread 0x000001ef96721000 DEOPT UNPACKING pc=0x000001ef8004a1af sp=0x00000048eecfe950 mode 2
Event: 39.734 Thread 0x000001ef96720000 Uncommon trap: trap_request=0xffffff4d fr.pc=0x000001ef882572a4 relative=0x0000000000000b64
Event: 39.734 Thread 0x000001ef96720000 Uncommon trap: reason=unstable_if action=reinterpret pc=0x000001ef882572a4 method=com.android.tools.r8.dex.i.a(ILjava/util/function/Supplier;)Ljava/lang/Object; @ 1 c2
Event: 39.734 Thread 0x000001ef9672a000 Uncommon trap: trap_request=0xffffff4d fr.pc=0x000001ef882572a4 relative=0x0000000000000b64
Event: 39.734 Thread 0x000001ef9672a000 Uncommon trap: reason=unstable_if action=reinterpret pc=0x000001ef882572a4 method=com.android.tools.r8.dex.i.a(ILjava/util/function/Supplier;)Ljava/lang/Object; @ 1 c2
Event: 39.750 Thread 0x000001ef9672a000 DEOPT PACKING pc=0x000001ef882572a4 sp=0x00000048eedff090
Event: 39.750 Thread 0x000001ef9672a000 DEOPT UNPACKING pc=0x000001ef8004a1af sp=0x00000048eedff098 mode 2
Event: 39.751 Thread 0x000001ef96720000 DEOPT PACKING pc=0x000001ef882572a4 sp=0x00000048ee8fec80
Event: 39.751 Thread 0x000001ef96720000 DEOPT UNPACKING pc=0x000001ef8004a1af sp=0x00000048ee8fec88 mode 2
Event: 39.907 Thread 0x000001ef94998000 Uncommon trap: trap_request=0xffffff4d fr.pc=0x000001ef880b8e60 relative=0x0000000000000420
Event: 39.907 Thread 0x000001ef94998000 Uncommon trap: reason=unstable_if action=reinterpret pc=0x000001ef880b8e60 method=java.io.ObjectOutputStream$BlockDataOutputStream.writeBytes(Ljava/lang/String;)V @ 22 c2
Event: 39.908 Thread 0x000001ef94998000 DEOPT PACKING pc=0x000001ef880b8e60 sp=0x00000048ee3fccb0
Event: 39.908 Thread 0x000001ef94998000 DEOPT UNPACKING pc=0x000001ef8004a1af sp=0x00000048ee3fcc38 mode 2
Event: 39.947 Thread 0x000001ef96722000 DEOPT PACKING pc=0x000001ef81ddbdce sp=0x00000048ee7fe660
Event: 39.947 Thread 0x000001ef96722000 DEOPT UNPACKING pc=0x000001ef8004a95e sp=0x00000048ee7fdbe8 mode 0
Event: 39.979 Thread 0x000001ef96726000 DEOPT PACKING pc=0x000001ef81ddbdce sp=0x00000048ee9fe500
Event: 39.979 Thread 0x000001ef96726000 DEOPT UNPACKING pc=0x000001ef8004a95e sp=0x00000048ee9fda88 mode 0

Classes redefined (0 events):
No events

Internal exceptions (20 events):
Event: 31.452 Thread 0x000001ef9498f800 Exception <a 'java/lang/NoSuchMethodError'{0x0000000088f2ef18}: <clinit>> (0x0000000088f2ef18) thrown at [src/hotspot/share/prims/jni.cpp, line 1367]
Event: 33.177 Thread 0x000001ef94996800 Exception <a 'java/lang/NoSuchMethodError'{0x0000000088050998}: 'void java.lang.invoke.DirectMethodHandle$Holder.invokeStatic(java.lang.Object, long)'> (0x0000000088050998) thrown at [src/hotspot/share/interpreter/linkResolver.cpp, line 773]
Event: 33.178 Thread 0x000001ef94996800 Exception <a 'java/lang/NoSuchMethodError'{0x0000000088055e58}: 'java.lang.Object java.lang.invoke.DirectMethodHandle$Holder.invokeStatic(java.lang.Object, long)'> (0x0000000088055e58) thrown at [src/hotspot/share/interpreter/linkResolver.cpp, line 773]
Event: 33.178 Thread 0x000001ef94996800 Exception <a 'java/lang/NoSuchMethodError'{0x0000000088059428}: 'java.lang.Object java.lang.invoke.DirectMethodHandle$Holder.invokeSpecial(java.lang.Object, java.lang.Object, long)'> (0x0000000088059428) thrown at [src/hotspot/share/interpreter/linkResolver.cpp, line 773]
Event: 33.182 Thread 0x000001ef94996800 Exception <a 'java/lang/NoSuchMethodError'{0x00000000880642d0}: 'java.lang.Object java.lang.invoke.DirectMethodHandle$Holder.invokeStaticInit(java.lang.Object, java.lang.Object, long, java.lang.Object)'> (0x00000000880642d0) thrown at [src/hotspot/share/interpreter/linkResolver.cpp, line 773]
Event: 33.352 Thread 0x000001ef94996800 Exception <a 'java/lang/NoSuchMethodError'{0x0000000087e07e20}: 'int java.lang.invoke.DirectMethodHandle$Holder.invokeSpecialIFC(java.lang.Object, java.lang.Object, java.lang.Object)'> (0x0000000087e07e20) thrown at [src/hotspot/share/interpreter/linkResolver.cpp, line 773]
Event: 35.617 Thread 0x000001ef9498d800 Exception <a 'sun/nio/fs/WindowsException'{0x00000000870f8bd8}> (0x00000000870f8bd8) thrown at [src/hotspot/share/prims/jni.cpp, line 617]
Event: 35.634 Thread 0x000001ef9498d800 Exception <a 'sun/nio/fs/WindowsException'{0x0000000089f001e8}> (0x0000000089f001e8) thrown at [src/hotspot/share/prims/jni.cpp, line 617]
Event: 35.674 Thread 0x000001ef94998000 Exception <a 'sun/nio/fs/WindowsException'{0x0000000089d05f78}> (0x0000000089d05f78) thrown at [src/hotspot/share/prims/jni.cpp, line 617]
Event: 36.585 Thread 0x000001ef926cc000 Implicit null exception at 0x000001ef881126b5 to 0x000001ef88112a0c
Event: 37.152 Thread 0x000001ef96724000 Exception <a 'sun/nio/fs/WindowsException'{0x0000000089318dd0}> (0x0000000089318dd0) thrown at [src/hotspot/share/prims/jni.cpp, line 617]
Event: 37.292 Thread 0x000001ef96724000 Exception <a 'java/lang/NoSuchMethodError'{0x0000000088b693b0}: 'java.lang.Object java.lang.invoke.DirectMethodHandle$Holder.newInvokeSpecial(java.lang.Object, int)'> (0x0000000088b693b0) thrown at [src/hotspot/share/interpreter/linkResolver.cpp, line 773]
Event: 37.751 Thread 0x000001ef96724000 Exception <a 'java/lang/NoSuchMethodError'{0x000000008942ee80}: 'java.lang.Object java.lang.invoke.DirectMethodHandle$Holder.invokeStaticInit(java.lang.Object, java.lang.Object, java.lang.Object, java.lang.Object, java.lang.Object, java.lang.Object, java.lang.Object, java.lang.Object, java.lang.Object, java.lang.Object, java.lang.Object, java.lang.Object, java.lang.Object, java.lang.Object, java.lang.Object, java.lang.Object, java.lang.Object, java.lang.Object, java.lang.Object, int, java.lang.Object, java
Event: 38.292 Thread 0x000001ef94998000 Exception <a 'java/lang/NoSuchMethodError'{0x000000008aaab148}: 'java.lang.Object java.lang.invoke.DirectMethodHandle$Holder.invokeVirtual(java.lang.Object, java.lang.Object, int)'> (0x000000008aaab148) thrown at [src/hotspot/share/interpreter/linkResolver.cpp, line 773]
Event: 38.381 Thread 0x000001ef94998000 Exception <a 'java/lang/NoSuchMethodError'{0x000000008a67b588}: 'void java.lang.invoke.DirectMethodHandle$Holder.invokeStatic(java.lang.Object, java.lang.Object, java.lang.Object, int)'> (0x000000008a67b588) thrown at [src/hotspot/share/interpreter/linkResolver.cpp, line 773]
Event: 38.944 Thread 0x000001ef96726800 Exception <a 'java/lang/IncompatibleClassChangeError'{0x00000000903417b8}: Found class java.lang.Object, but interface was expected> (0x00000000903417b8) thrown at [src/hotspot/share/interpreter/linkResolver.cpp, line 839]
Event: 39.061 Thread 0x000001ef96722000 Exception <a 'java/lang/IncompatibleClassChangeError'{0x00000000904a4b60}: Found class java.lang.Object, but interface was expected> (0x00000000904a4b60) thrown at [src/hotspot/share/interpreter/linkResolver.cpp, line 839]
Event: 39.061 Thread 0x000001ef96727800 Exception <a 'java/lang/IncompatibleClassChangeError'{0x00000000901770a8}: Found class java.lang.Object, but interface was expected> (0x00000000901770a8) thrown at [src/hotspot/share/interpreter/linkResolver.cpp, line 839]
Event: 39.064 Thread 0x000001ef96727800 Exception <a 'java/lang/IncompatibleClassChangeError'{0x000000009017e510}: Found class java.lang.Object, but interface was expected> (0x000000009017e510) thrown at [src/hotspot/share/interpreter/linkResolver.cpp, line 839]
Event: 39.064 Thread 0x000001ef96722000 Exception <a 'java/lang/IncompatibleClassChangeError'{0x00000000904a7750}: Found class java.lang.Object, but interface was expected> (0x00000000904a7750) thrown at [src/hotspot/share/interpreter/linkResolver.cpp, line 839]

Events (20 events):
Event: 39.791 loading class com/google/common/collect/ImmutableMultimap done
Event: 39.817 loading class com/google/common/collect/BaseImmutableMultimap
Event: 39.817 loading class com/google/common/collect/BaseImmutableMultimap done
Event: 39.848 loading class com/google/common/collect/ImmutableMap$SerializedForm
Event: 39.848 loading class com/google/common/collect/ImmutableMap$SerializedForm done
Event: 39.917 loading class com/google/common/collect/ImmutableSet$SerializedForm
Event: 39.917 loading class com/google/common/collect/ImmutableSet$SerializedForm done
Event: 39.986 loading class com/android/tools/r8/internal/Mf
Event: 39.986 loading class com/android/tools/r8/internal/Mf done
Event: 39.990 loading class com/google/common/hash/Hashing$Sha1Holder
Event: 39.990 loading class com/google/common/hash/Hashing$Sha1Holder done
Event: 39.992 loading class com/android/tools/r8/graph/c0$a
Event: 39.992 loading class com/android/tools/r8/graph/c0$a done
Event: 39.993 loading class com/android/tools/r8/graph/c0$a
Event: 39.993 loading class com/android/tools/r8/graph/c0$a done
Event: 39.993 loading class com/android/tools/r8/dex/i
Event: 39.993 loading class com/android/tools/r8/dex/i done
Event: 39.993 loading class com/google/common/hash/MessageDigestHashFunction
Event: 39.993 loading class com/google/common/hash/MessageDigestHashFunction done
Event: 39.995 Executing VM operation: G1CollectForAllocation


Dynamic libraries:
0x00007ff63e810000 - 0x00007ff63e81a000 	D:\Apps\Android\Android Studio\jbr\bin\java.exe
0x00007ff9fc210000 - 0x00007ff9fc424000 	C:\WINDOWS\SYSTEM32\ntdll.dll
0x00007ff9fbb20000 - 0x00007ff9fbbe2000 	C:\WINDOWS\System32\KERNEL32.DLL
0x00007ff9f9c60000 - 0x00007ff9fa003000 	C:\WINDOWS\System32\KERNELBASE.dll
0x00007ff9f9b40000 - 0x00007ff9f9c51000 	C:\WINDOWS\System32\ucrtbase.dll
0x00007ff9ef650000 - 0x00007ff9ef667000 	D:\Apps\Android\Android Studio\jbr\bin\jli.dll
0x00007ff9fa630000 - 0x00007ff9fa7db000 	C:\WINDOWS\System32\USER32.dll
0x00007ff9f9a20000 - 0x00007ff9f9a46000 	C:\WINDOWS\System32\win32u.dll
0x00007ff9fb0c0000 - 0x00007ff9fb0e9000 	C:\WINDOWS\System32\GDI32.dll
0x00007ff9f9900000 - 0x00007ff9f9a18000 	C:\WINDOWS\System32\gdi32full.dll
0x00007ff9f9630000 - 0x00007ff9f96ca000 	C:\WINDOWS\System32\msvcp_win.dll
0x00007ff9ef610000 - 0x00007ff9ef62b000 	D:\Apps\Android\Android Studio\jbr\bin\VCRUNTIME140.dll
0x00007ff9ebc50000 - 0x00007ff9ebede000 	C:\WINDOWS\WinSxS\amd64_microsoft.windows.common-controls_6595b64144ccf1df_6.0.22621.1635_none_270f70857386168e\COMCTL32.dll
0x00007ff9faef0000 - 0x00007ff9faf97000 	C:\WINDOWS\System32\msvcrt.dll
0x00007ff9fb0f0000 - 0x00007ff9fb121000 	C:\WINDOWS\System32\IMM32.DLL
0x00007ff9f30a0000 - 0x00007ff9f30ac000 	D:\Apps\Android\Android Studio\jbr\bin\vcruntime140_1.dll
0x00007ff9d9e60000 - 0x00007ff9d9eed000 	D:\Apps\Android\Android Studio\jbr\bin\msvcp140.dll
0x00007ff98a990000 - 0x00007ff98b54c000 	D:\Apps\Android\Android Studio\jbr\bin\server\jvm.dll
0x00007ff9fa7e0000 - 0x00007ff9fa88e000 	C:\WINDOWS\System32\ADVAPI32.dll
0x00007ff9fb930000 - 0x00007ff9fb9d4000 	C:\WINDOWS\System32\sechost.dll
0x00007ff9fab70000 - 0x00007ff9fac87000 	C:\WINDOWS\System32\RPCRT4.dll
0x00007ff9fa010000 - 0x00007ff9fa018000 	C:\WINDOWS\System32\PSAPI.DLL
0x00007ff9f1db0000 - 0x00007ff9f1db9000 	C:\WINDOWS\SYSTEM32\WSOCK32.dll
0x00007ff9fa970000 - 0x00007ff9fa9e1000 	C:\WINDOWS\System32\WS2_32.dll
0x00007ff9f2fb0000 - 0x00007ff9f2fe4000 	C:\WINDOWS\SYSTEM32\WINMM.dll
0x00007ff9f22c0000 - 0x00007ff9f22ca000 	C:\WINDOWS\SYSTEM32\VERSION.dll
0x00007ff9f8640000 - 0x00007ff9f8658000 	C:\WINDOWS\SYSTEM32\kernel.appcore.dll
0x00007ff9f1d10000 - 0x00007ff9f1d20000 	D:\Apps\Android\Android Studio\jbr\bin\verify.dll
0x00007ff9f11c0000 - 0x00007ff9f13ee000 	C:\WINDOWS\SYSTEM32\DBGHELP.DLL
0x00007ff9fbe40000 - 0x00007ff9fc1c9000 	C:\WINDOWS\System32\combase.dll
0x00007ff9fa890000 - 0x00007ff9fa967000 	C:\WINDOWS\System32\OLEAUT32.dll
0x00007ff9f1520000 - 0x00007ff9f1552000 	C:\WINDOWS\SYSTEM32\dbgcore.DLL
0x00007ff9f9ac0000 - 0x00007ff9f9b3b000 	C:\WINDOWS\System32\bcryptPrimitives.dll
0x00007ff9eacd0000 - 0x00007ff9eacf8000 	D:\Apps\Android\Android Studio\jbr\bin\java.dll
0x00007ff9f0930000 - 0x00007ff9f093a000 	D:\Apps\Android\Android Studio\jbr\bin\jimage.dll
0x00007ff9f0180000 - 0x00007ff9f0198000 	D:\Apps\Android\Android Studio\jbr\bin\zip.dll
0x00007ff9fb130000 - 0x00007ff9fb92a000 	C:\WINDOWS\System32\SHELL32.dll
0x00007ff9f75c0000 - 0x00007ff9f7e8e000 	C:\WINDOWS\SYSTEM32\windows.storage.dll
0x00007ff9f7480000 - 0x00007ff9f75be000 	C:\WINDOWS\SYSTEM32\wintypes.dll
0x00007ff9faa70000 - 0x00007ff9fab61000 	C:\WINDOWS\System32\SHCORE.dll
0x00007ff9fba00000 - 0x00007ff9fba5e000 	C:\WINDOWS\System32\shlwapi.dll
0x00007ff9f9560000 - 0x00007ff9f9581000 	C:\WINDOWS\SYSTEM32\profapi.dll
0x00007ff9ef630000 - 0x00007ff9ef649000 	D:\Apps\Android\Android Studio\jbr\bin\net.dll
0x00007ff9f2ca0000 - 0x00007ff9f2dd7000 	C:\WINDOWS\SYSTEM32\WINHTTP.dll
0x00007ff9f8aa0000 - 0x00007ff9f8b09000 	C:\WINDOWS\system32\mswsock.dll
0x00007ff9d3ba0000 - 0x00007ff9d3bb3000 	D:\Apps\Android\Android Studio\jbr\bin\nio.dll
0x00007ff9ded30000 - 0x00007ff9ded57000 	C:\Users\lyesr\.gradle\native\e1d6ef7f7dcc3fd88c89a11ec53ec762bb8ba0a96d01ffa2cd45eb1d1d8dd5c5\windows-amd64\native-platform.dll
0x00007ff9c7e20000 - 0x00007ff9c7f64000 	C:\Users\lyesr\.gradle\native\0d407fdbe67a94daf76414ababcb853783967236a71b16ec16e742cd7a986fd3\windows-amd64\native-platform-file-events.dll
0x00007ff9e1f00000 - 0x00007ff9e1f0a000 	D:\Apps\Android\Android Studio\jbr\bin\management.dll
0x00007ff9e0cd0000 - 0x00007ff9e0cdb000 	D:\Apps\Android\Android Studio\jbr\bin\management_ext.dll
0x00007ff9f8dc0000 - 0x00007ff9f8ddb000 	C:\WINDOWS\SYSTEM32\CRYPTSP.dll
0x00007ff9f85b0000 - 0x00007ff9f85e5000 	C:\WINDOWS\system32\rsaenh.dll
0x00007ff9f8b40000 - 0x00007ff9f8b68000 	C:\WINDOWS\SYSTEM32\USERENV.dll
0x00007ff9f8ef0000 - 0x00007ff9f8f18000 	C:\WINDOWS\SYSTEM32\bcrypt.dll
0x00007ff9f8da0000 - 0x00007ff9f8dac000 	C:\WINDOWS\SYSTEM32\CRYPTBASE.dll
0x00007ff9f8130000 - 0x00007ff9f815d000 	C:\WINDOWS\SYSTEM32\IPHLPAPI.DLL
0x00007ff9faee0000 - 0x00007ff9faee9000 	C:\WINDOWS\System32\NSI.dll
0x00007ff9f33a0000 - 0x00007ff9f33b9000 	C:\WINDOWS\SYSTEM32\dhcpcsvc6.DLL
0x00007ff9f2bb0000 - 0x00007ff9f2bcf000 	C:\WINDOWS\SYSTEM32\dhcpcsvc.DLL
0x00007ff9f8160000 - 0x00007ff9f8253000 	C:\WINDOWS\SYSTEM32\DNSAPI.dll

dbghelp: loaded successfully - version: 4.0.5 - missing functions: none
symbol engine: initialized successfully - sym options: 0x614 - pdb path: .;D:\Apps\Android\Android Studio\jbr\bin;C:\WINDOWS\SYSTEM32;C:\WINDOWS\WinSxS\amd64_microsoft.windows.common-controls_6595b64144ccf1df_6.0.22621.1635_none_270f70857386168e;D:\Apps\Android\Android Studio\jbr\bin\server;C:\Users\lyesr\.gradle\native\e1d6ef7f7dcc3fd88c89a11ec53ec762bb8ba0a96d01ffa2cd45eb1d1d8dd5c5\windows-amd64;C:\Users\lyesr\.gradle\native\0d407fdbe67a94daf76414ababcb853783967236a71b16ec16e742cd7a986fd3\windows-amd64

VM Arguments:
jvm_args: --add-opens=java.base/java.util=ALL-UNNAMED --add-opens=java.base/java.lang=ALL-UNNAMED --add-opens=java.base/java.lang.invoke=ALL-UNNAMED --add-opens=java.base/java.util=ALL-UNNAMED --add-opens=java.prefs/java.util.prefs=ALL-UNNAMED --add-opens=java.prefs/java.util.prefs=ALL-UNNAMED --add-opens=java.base/java.nio.charset=ALL-UNNAMED --add-opens=java.base/java.net=ALL-UNNAMED --add-opens=java.base/java.util.concurrent.atomic=ALL-UNNAMED -Xmx2048m -Dfile.encoding=UTF-8 -Duser.country=US -Duser.language=en -Duser.variant 
java_command: org.gradle.launcher.daemon.bootstrap.GradleDaemon 7.5
java_class_path (initial): C:\Users\lyesr\.gradle\wrapper\dists\gradle-7.5-bin\f1w0cc9nuo0eivz97x2xlu9sv\gradle-7.5\lib\gradle-launcher-7.5.jar
Launcher Type: SUN_STANDARD

[Global flags]
     intx CICompilerCount                          = 4                                         {product} {ergonomic}
     uint ConcGCThreads                            = 2                                         {product} {ergonomic}
     uint G1ConcRefinementThreads                  = 8                                         {product} {ergonomic}
   size_t G1HeapRegionSize                         = 1048576                                   {product} {ergonomic}
    uintx GCDrainStackTargetSize                   = 64                                        {product} {ergonomic}
   size_t InitialHeapSize                          = 167772160                                 {product} {ergonomic}
   size_t MarkStackSize                            = 4194304                                   {product} {ergonomic}
   size_t MaxHeapSize                              = 2147483648                                {product} {command line}
   size_t MaxNewSize                               = 1287651328                                {product} {ergonomic}
   size_t MinHeapDeltaBytes                        = 1048576                                   {product} {ergonomic}
    uintx NonNMethodCodeHeapSize                   = 5836300                                {pd product} {ergonomic}
    uintx NonProfiledCodeHeapSize                  = 122910970                              {pd product} {ergonomic}
    uintx ProfiledCodeHeapSize                     = 122910970                              {pd product} {ergonomic}
    uintx ReservedCodeCacheSize                    = 251658240                              {pd product} {ergonomic}
     bool SegmentedCodeCache                       = true                                      {product} {ergonomic}
     bool UseCompressedClassPointers               = true                                 {lp64_product} {ergonomic}
     bool UseCompressedOops                        = true                                 {lp64_product} {ergonomic}
     bool UseG1GC                                  = true                                      {product} {ergonomic}
     bool UseLargePagesIndividualAllocation        = false                                  {pd product} {ergonomic}

Logging:
Log output configuration:
 #0: stdout all=warning uptime,level,tags
 #1: stderr all=off uptime,level,tags

Environment Variables:
PATH=D:\Apps\VMware\VMware Player\bin\;C:\Program Files\Common Files\Oracle\Java\javapath;C:\Program Files (x86)\Common Files\Oracle\Java\javapath;C:\Windows\system32;C:\Windows;C:\Windows\System32\Wbem;C:\Windows\System32\WindowsPowerShell\v1.0\;C:\Windows\System32\OpenSSH\;C:\Program Files (x86)\NVIDIA Corporation\PhysX\Common;C:\ProgramData\chocolatey\bin;C:\Program Files\dotnet\;C:\Program Files\Git\cmd;C:\Program Files\NVIDIA Corporation\NVIDIA NvDLISR;C:\Program Files\Go\bin;C:\WINDOWS\system32;C:\WINDOWS;C:\WINDOWS\System32\Wbem;C:\WINDOWS\System32\WindowsPowerShell\v1.0\;C:\WINDOWS\System32\OpenSSH\;C:\Program Files\nodejs\;C:\Users\lyesr\.cargo\bin;C:\Users\lyesr\AppData\Local\Programs\Python\Python39\Scripts\;C:\Users\lyesr\AppData\Local\Programs\Python\Python39\;C:\Users\lyesr\AppData\Local\Microsoft\WindowsApps;;C:\Users\lyesr\AppData\Local\Programs\Microsoft VS Code\bin;C:\Users\lyesr\go\bin;C:\Users\lyesr\AppData\Roaming\npm;D:\Apps\Prolog\swipl\bin
USERNAME=lyesr
OS=Windows_NT
PROCESSOR_IDENTIFIER=AMD64 Family 23 Model 24 Stepping 1, AuthenticAMD



---------------  S Y S T E M  ---------------

OS: Windows 11 , 64 bit Build 22621 (10.0.22621.1635)
OS uptime: 10 days 17:10 hours
Hyper-V role detected

CPU:total 8 (initial active 8) (8 cores per cpu, 2 threads per core) family 23 model 24 stepping 1 microcode 0x0, cmov, cx8, fxsr, mmx, sse, sse2, sse3, ssse3, sse4.1, sse4.2, popcnt, avx, avx2, aes, clmul, mmxext, 3dnowpref, lzcnt, sse4a, ht, tsc, tscinvbit, tscinv, bmi1, bmi2, adx, sha, fma

Memory: 4k page, system-wide physical 10187M (634M free)
TotalPageFile size 19307M (AvailPageFile size 263M)
current process WorkingSet (physical memory assigned to process): 501M, peak: 501M
current process commit charge ("private bytes"): 584M, peak: 850M

vm_info: OpenJDK 64-Bit Server VM (11.0.15+0-b2043.56-9505619) for windows-amd64 JRE (11.0.15+0-b2043.56-9505619), built on Jan 19 2023 02:48:00 by "builduser" with unknown MS VC++:1929

END.
