#
# There is insufficient memory for the Java Runtime Environment to continue.
# Native memory allocation (mmap) failed to map 167772160 bytes for Failed to commit area from 0x0000000760c00000 to 0x000000076ac00000 of length 167772160.
# Possible reasons:
#   The system is out of physical RAM or swap space
#   The process is running with CompressedOops enabled, and the Java Heap may be blocking the growth of the native heap
# Possible solutions:
#   Reduce memory load on the system
#   Increase physical memory or swap space
#   Check if swap backing store is full
#   Decrease Java heap size (-Xmx/-Xms)
#   Decrease number of Java threads
#   Decrease Java thread stack sizes (-Xss)
#   Set larger code cache with -XX:ReservedCodeCacheSize=
# This output file may be truncated or incomplete.
#
#  Out of Memory Error (src/hotspot/os/windows/os_windows.cpp:3627), pid=15076, tid=28780
#
# JRE version:  (11.0.15) (build )
# Java VM: OpenJDK 64-Bit Server VM (11.0.15+0-b2043.56-9505619, mixed mode, sharing, tiered, compressed oops, g1 gc, windows-amd64)
# No core dump will be written. Minidumps are not enabled by default on client versions of Windows
#

---------------  S U M M A R Y ------------

Command Line: git4idea.http.GitAskPassApp Username for 'https://github.com': 

Host: AMD Ryzen 5 3500U with Radeon Vega Mobile Gfx  , 8 cores, 9G,  Windows 11 , 64 bit Build 22621 (10.0.22621.1635)
Time: Sun May  7 09:09:43 2023 W. Central Africa Standard Time elapsed time: 0.116659 seconds (0d 0h 0m 0s)

---------------  T H R E A D  ---------------

Current thread (0x0000022f6e151000):  JavaThread "Unknown thread" [_thread_in_vm, id=28780, stack(0x000000eebda00000,0x000000eebdb00000)]

Stack: [0x000000eebda00000,0x000000eebdb00000]
Native frames: (J=compiled Java code, j=interpreted, Vv=VM code, C=native code)
V  [jvm.dll+0x64135a]
V  [jvm.dll+0x7d39f9]
V  [jvm.dll+0x7d51b9]
V  [jvm.dll+0x7d58a3]
V  [jvm.dll+0x2691c5]
V  [jvm.dll+0x63e4e9]
V  [jvm.dll+0x632985]
V  [jvm.dll+0x3231ac]
V  [jvm.dll+0x323032]
V  [jvm.dll+0x327c06]
V  [jvm.dll+0x36ffa2]
V  [jvm.dll+0x36fa01]
V  [jvm.dll+0x2fea28]
V  [jvm.dll+0x2ffb25]
V  [jvm.dll+0x7accd7]
V  [jvm.dll+0x7ae49f]
V  [jvm.dll+0x37d299]
V  [jvm.dll+0x78ef9f]
V  [jvm.dll+0x3ec847]
V  [jvm.dll+0x3eed31]
C  [jli.dll+0x52cb]
C  [ucrtbase.dll+0x29363]
C  [KERNEL32.DLL+0x126ad]
C  [ntdll.dll+0x5a9f8]


---------------  P R O C E S S  ---------------

Threads class SMR info:
_java_thread_list=0x0000022f6bf72490, length=0, elements={
}

Java Threads: ( => current thread )

Other Threads:
  0x0000022f6e16b000 GCTaskThread "GC Thread#0" [stack: 0x000000eebdb00000,0x000000eebdc00000] [id=28560]
  0x0000022f6e1a7800 ConcurrentGCThread "G1 Main Marker" [stack: 0x000000eebdc00000,0x000000eebdd00000] [id=13528]
  0x0000022f6e1a9800 ConcurrentGCThread "G1 Conc#0" [stack: 0x000000eebdd00000,0x000000eebde00000] [id=13784]

[error occurred during error reporting (printing all threads), id 0xc0000005, EXCEPTION_ACCESS_VIOLATION (0xc0000005) at pc=0x00007ff98ac9f3e7]

VM state:not at safepoint (not fully initialized)

VM Mutex/Monitor currently owned by a thread:  ([mutex/lock_event])
[0x0000022f6e14ea90] Heap_lock - owner thread: 0x0000022f6e151000

Heap address: 0x0000000760c00000, size: 2548 MB, Compressed Oops mode: Non-zero based: 0x0000000760c00000
Narrow klass base: 0x0000000000000000, Narrow klass shift: 0

GC Heap History (0 events):
No events

Deoptimization events (0 events):
No events

Classes redefined (0 events):
No events

Internal exceptions (0 events):
No events

Events (1 events):
Event: 0.101 Loaded shared library D:\Apps\Android\Android Studio\jbr\bin\zip.dll


Dynamic libraries:
0x00007ff7174b0000 - 0x00007ff7174ba000 	D:\Apps\Android\Android Studio\jbr\bin\java.exe
0x00007ff9fc210000 - 0x00007ff9fc424000 	C:\WINDOWS\SYSTEM32\ntdll.dll
0x00007ff9fbb20000 - 0x00007ff9fbbe2000 	C:\WINDOWS\System32\KERNEL32.DLL
0x00007ff9f9c60000 - 0x00007ff9fa003000 	C:\WINDOWS\System32\KERNELBASE.dll
0x00007ff9f9b40000 - 0x00007ff9f9c51000 	C:\WINDOWS\System32\ucrtbase.dll
0x00007ff9d31f0000 - 0x00007ff9d3207000 	D:\Apps\Android\Android Studio\jbr\bin\jli.dll
0x00007ff9da530000 - 0x00007ff9da54b000 	D:\Apps\Android\Android Studio\jbr\bin\VCRUNTIME140.dll
0x00007ff9fa630000 - 0x00007ff9fa7db000 	C:\WINDOWS\System32\USER32.dll
0x00007ff9f9a20000 - 0x00007ff9f9a46000 	C:\WINDOWS\System32\win32u.dll
0x00007ff9fb0c0000 - 0x00007ff9fb0e9000 	C:\WINDOWS\System32\GDI32.dll
0x00007ff9f9900000 - 0x00007ff9f9a18000 	C:\WINDOWS\System32\gdi32full.dll
0x00007ff9f9630000 - 0x00007ff9f96ca000 	C:\WINDOWS\System32\msvcp_win.dll
0x00007ff9ebc50000 - 0x00007ff9ebede000 	C:\WINDOWS\WinSxS\amd64_microsoft.windows.common-controls_6595b64144ccf1df_6.0.22621.1635_none_270f70857386168e\COMCTL32.dll
0x00007ff9faef0000 - 0x00007ff9faf97000 	C:\WINDOWS\System32\msvcrt.dll
0x00007ff9fb0f0000 - 0x00007ff9fb121000 	C:\WINDOWS\System32\IMM32.DLL
0x00007ff9df470000 - 0x00007ff9df47c000 	D:\Apps\Android\Android Studio\jbr\bin\vcruntime140_1.dll
0x00007ff9b7300000 - 0x00007ff9b738d000 	D:\Apps\Android\Android Studio\jbr\bin\msvcp140.dll
0x00007ff98a990000 - 0x00007ff98b54c000 	D:\Apps\Android\Android Studio\jbr\bin\server\jvm.dll
0x00007ff9fa7e0000 - 0x00007ff9fa88e000 	C:\WINDOWS\System32\ADVAPI32.dll
0x00007ff9fb930000 - 0x00007ff9fb9d4000 	C:\WINDOWS\System32\sechost.dll
0x00007ff9fab70000 - 0x00007ff9fac87000 	C:\WINDOWS\System32\RPCRT4.dll
0x00007ff9fa010000 - 0x00007ff9fa018000 	C:\WINDOWS\System32\PSAPI.DLL
0x00007ff9f2fb0000 - 0x00007ff9f2fe4000 	C:\WINDOWS\SYSTEM32\WINMM.dll
0x00007ff9f1db0000 - 0x00007ff9f1db9000 	C:\WINDOWS\SYSTEM32\WSOCK32.dll
0x00007ff9fa970000 - 0x00007ff9fa9e1000 	C:\WINDOWS\System32\WS2_32.dll
0x00007ff9f22c0000 - 0x00007ff9f22ca000 	C:\WINDOWS\SYSTEM32\VERSION.dll
0x00007ff9f8640000 - 0x00007ff9f8658000 	C:\WINDOWS\SYSTEM32\kernel.appcore.dll
0x00007ff9f1d10000 - 0x00007ff9f1d20000 	D:\Apps\Android\Android Studio\jbr\bin\verify.dll
0x00007ff9f11c0000 - 0x00007ff9f13ee000 	C:\WINDOWS\SYSTEM32\DBGHELP.DLL
0x00007ff9fbe40000 - 0x00007ff9fc1c9000 	C:\WINDOWS\System32\combase.dll
0x00007ff9fa890000 - 0x00007ff9fa967000 	C:\WINDOWS\System32\OLEAUT32.dll
0x00007ff9f1520000 - 0x00007ff9f1552000 	C:\WINDOWS\SYSTEM32\dbgcore.DLL
0x00007ff9f9ac0000 - 0x00007ff9f9b3b000 	C:\WINDOWS\System32\bcryptPrimitives.dll
0x00007ff9eacd0000 - 0x00007ff9eacf8000 	D:\Apps\Android\Android Studio\jbr\bin\java.dll
0x00007ff9f0930000 - 0x00007ff9f093a000 	D:\Apps\Android\Android Studio\jbr\bin\jimage.dll
0x00007ff9f0180000 - 0x00007ff9f0198000 	D:\Apps\Android\Android Studio\jbr\bin\zip.dll

dbghelp: loaded successfully - version: 4.0.5 - missing functions: none
symbol engine: initialized successfully - sym options: 0x614 - pdb path: .;D:\Apps\Android\Android Studio\jbr\bin;C:\WINDOWS\SYSTEM32;C:\WINDOWS\WinSxS\amd64_microsoft.windows.common-controls_6595b64144ccf1df_6.0.22621.1635_none_270f70857386168e;D:\Apps\Android\Android Studio\jbr\bin\server

VM Arguments:
java_command: git4idea.http.GitAskPassApp Username for 'https://github.com': 
java_class_path (initial): D:/Apps/Android/Android Studio/plugins/git4idea/lib/git4idea-rt.jar;D:/Apps/Android/Android Studio/lib/externalProcess-rt.jar;D:/Apps/Android/Android Studio/lib/app.jar;D:/Apps/Android/Android Studio/lib/3rd-party-rt.jar
Launcher Type: SUN_STANDARD

[Global flags]
     intx CICompilerCount                          = 4                                         {product} {ergonomic}
     uint ConcGCThreads                            = 2                                         {product} {ergonomic}
     uint G1ConcRefinementThreads                  = 8                                         {product} {ergonomic}
   size_t G1HeapRegionSize                         = 1048576                                   {product} {ergonomic}
    uintx GCDrainStackTargetSize                   = 64                                        {product} {ergonomic}
   size_t InitialHeapSize                          = 167772160                                 {product} {ergonomic}
   size_t MarkStackSize                            = 4194304                                   {product} {ergonomic}
   size_t MaxHeapSize                              = 2671771648                                {product} {ergonomic}
   size_t MinHeapDeltaBytes                        = 1048576                                   {product} {ergonomic}
    uintx NonNMethodCodeHeapSize                   = 5836300                                {pd product} {ergonomic}
    uintx NonProfiledCodeHeapSize                  = 122910970                              {pd product} {ergonomic}
    uintx ProfiledCodeHeapSize                     = 122910970                              {pd product} {ergonomic}
    uintx ReservedCodeCacheSize                    = 251658240                              {pd product} {ergonomic}
     bool SegmentedCodeCache                       = true                                      {product} {ergonomic}
     bool UseCompressedClassPointers               = true                                 {lp64_product} {ergonomic}
     bool UseCompressedOops                        = true                                 {lp64_product} {ergonomic}
     bool UseG1GC                                  = true                                      {product} {ergonomic}
     bool UseLargePagesIndividualAllocation        = false                                  {pd product} {ergonomic}

Logging:
Log output configuration:
 #0: stdout all=warning uptime,level,tags
 #1: stderr all=off uptime,level,tags

Environment Variables:
PATH=C:\Program Files\Git\mingw64\libexec\git-core;C:\Program Files\Git\mingw64\libexec\git-core;C:\Program Files\Git\mingw64\bin;C:\Program Files\Git\usr\bin;C:\Users\lyesr\bin;D:\Apps\VMware\VMware Player\bin;C:\Program Files\Common Files\Oracle\Java\javapath;C:\Program Files (x86)\Common Files\Oracle\Java\javapath;C:\Windows\system32;C:\Windows;C:\Windows\System32\Wbem;C:\Windows\System32\WindowsPowerShell\v1.0;C:\Windows\System32\OpenSSH;C:\Program Files (x86)\NVIDIA Corporation\PhysX\Common;C:\ProgramData\chocolatey\bin;C:\Program Files\dotnet;C:\Program Files\Git\cmd;C:\Program Files\NVIDIA Corporation\NVIDIA NvDLISR;C:\Program Files\Go\bin;C:\WINDOWS\system32;C:\WINDOWS;C:\WINDOWS\System32\Wbem;C:\WINDOWS\System32\WindowsPowerShell\v1.0;C:\WINDOWS\System32\OpenSSH;C:\Program Files\nodejs;C:\Users\lyesr\.cargo\bin;C:\Users\lyesr\AppData\Local\Programs\Python\Python39\Scripts;C:\Users\lyesr\AppData\Local\Programs\Python\Python39;C:\Users\lyesr\AppData\Local\Microsoft\WindowsApps;C:\Users\lyesr\AppData\Local\Programs\Microsoft VS Code\bin;C:\Users\lyesr\go\bin;C:\Users\lyesr\AppData\Roaming\npm;D:\Apps\Prolog\swipl\bin
USERNAME=lyesr
DISPLAY=:0.0
LC_ALL=en_US.UTF-8
OS=Windows_NT
PROCESSOR_IDENTIFIER=AMD64 Family 23 Model 24 Stepping 1, AuthenticAMD



---------------  S Y S T E M  ---------------

OS: Windows 11 , 64 bit Build 22621 (10.0.22621.1635)
OS uptime: 10 days 16:29 hours
Hyper-V role detected

CPU:total 8 (initial active 8) (8 cores per cpu, 2 threads per core) family 23 model 24 stepping 1 microcode 0x0, cmov, cx8, fxsr, mmx, sse, sse2, sse3, ssse3, sse4.1, sse4.2, popcnt, avx, avx2, aes, clmul, mmxext, 3dnowpref, lzcnt, sse4a, ht, tsc, tscinvbit, tscinv, bmi1, bmi2, adx, sha, fma

Memory: 4k page, system-wide physical 10187M (373M free)
TotalPageFile size 19307M (AvailPageFile size 71M)
current process WorkingSet (physical memory assigned to process): 11M, peak: 11M
current process commit charge ("private bytes"): 60M, peak: 220M

vm_info: OpenJDK 64-Bit Server VM (11.0.15+0-b2043.56-9505619) for windows-amd64 JRE (11.0.15+0-b2043.56-9505619), built on Jan 19 2023 02:48:00 by "builduser" with unknown MS VC++:1929

END.
